 ------------------------------------------------------------------------------------------------------------------------------------------------------- 
| Snapshot                | WNS                  | TNS                  | Density (%) | Hotspot                   | Resource               | DRVs       |
|                         | HEPG (ns) | ALL (ns) | HEPG (ns) | ALL (ns) |             | Max (bins) | Total (bins) | Real (s) | Memory (MB) | Tran | Cap |
|-------------------------+-----------+----------+-----------+----------+-------------+------------+--------------+----------+-------------+------+-----|
| initial_summary         |           |   -0.081 |           |       -0 |       42.71 |            |              | 0:00:02  |        3219 |    0 |   0 |
| route_type_refinement   |           |          |           |          |             |            |              | 0:00:00  |        3219 |      |     |
| simplify_netlist        |           |          |           |          |             |            |              | 0:00:01  |        3235 |      |     |
| excluded_clk_net_fixing |           |          |           |          |             |            |              | 0:00:00  |        3235 |      |     |
| global_opt              |           |   -0.059 |           |       -0 |       42.77 |            |              | 0:00:26  |        3257 |      |     |
| area_reclaiming         |     0.000 |   -0.038 |         0 |       -0 |       42.29 |            |              | 0:00:09  |        3258 |      |     |
| wns_fixing              |     0.000 |    0.006 |         0 |        0 |       45.89 |            |              | 0:01:30  |        3380 |      |     |
| area_reclaiming_2       |     0.000 |    0.008 |         0 |        0 |       43.97 |            |              | 0:00:18  |        3266 |      |     |
| local_wire_reclaim      |           |          |           |          |             |            |              | 0:00:10  |        3253 |      |     |
| global_route            |           |          |           |          |             |      11.33 |        85.56 | 0:00:01  |        3237 |      |     |
| route_type_refinement_2 |           |          |           |          |             |            |              | 0:00:00  |        3237 |      |     |
| drv_eco_fixing          |     0.000 |   -0.046 |         0 |       -0 |       43.97 |            |              | 0:00:01  |        3251 |    0 |   0 |
| wns_eco_fixing          |     0.000 |   -0.015 |         0 |       -0 |       48.03 |            |              | 0:01:12  |        3364 |      |     |
| tns_eco_fixing          |     0.000 |   -0.012 |         0 |       -0 |       48.02 |            |              | 0:00:05  |        3365 |      |     |
| final_summary           |           |   -0.023 |           |       -0 |       48.02 |      11.33 |        87.00 | 0:00:01  |        3269 |    0 |   0 |
 ------------------------------------------------------------------------------------------------------------------------------------------------------- 
