 ------------------------------------------------------------------------------------------------------------------------------------------------------- 
| Snapshot                | WNS                  | TNS                  | Density (%) | Hotspot                   | Resource               | DRVs       |
|                         | HEPG (ns) | ALL (ns) | HEPG (ns) | ALL (ns) |             | Max (bins) | Total (bins) | Real (s) | Memory (MB) | Tran | Cap |
|-------------------------+-----------+----------+-----------+----------+-------------+------------+--------------+----------+-------------+------+-----|
| initial_summary         |           |   -1.081 |           |       -3 |       80.31 |            |              | 0:00:02  |        3121 |    0 |   1 |
| simplify_netlist        |           |          |           |          |             |            |              | 0:00:01  |        3126 |      |     |
| drv_fixing              |           |          |           |          |             |            |              | 0:00:00  |        3126 |      |     |
| area_reclaiming         |    -1.039 |   -1.039 |        -3 |       -3 |       80.17 |            |              | 0:00:04  |        3141 |      |     |
| drv_fixing_2            |    -1.255 |   -1.255 |        -4 |       -4 |       80.21 |            |              | 0:00:01  |        3141 |    0 |   0 |
| global_opt              |           |   -0.432 |           |       -1 |       85.73 |            |              | 0:00:37  |        3165 |      |     |
| area_reclaiming_2       |    -0.428 |   -0.428 |        -1 |       -1 |       85.35 |            |              | 0:00:04  |        3168 |      |     |
| incremental_replacement |           |   -0.443 |           |       -1 |             |     246.78 |       330.78 | 0:00:44  |        3207 |      |     |
| tns_fixing              |     0.000 |   -0.443 |         0 |       -1 |       85.35 |            |              | 0:00:01  |        3239 |      |     |
| wns_fixing              |     0.000 |   -0.126 |         0 |       -0 |       93.28 |            |              | 0:02:31  |        3298 |      |     |
| tns_fixing_2            |     0.000 |   -0.126 |         0 |       -0 |       93.41 |            |              | 0:00:12  |        3310 |      |     |
| area_reclaiming_3       |     0.000 |   -0.125 |         0 |       -0 |       93.27 |            |              | 0:00:05  |        3216 |      |     |
| drv_eco_fixing          |     0.000 |   -0.125 |         0 |       -0 |       93.27 |            |              | 0:00:01  |        3216 |    0 |   0 |
| tns_eco_fixing          |     0.000 |   -0.125 |         0 |       -0 |       93.32 |            |              | 0:00:03  |        3303 |      |     |
| final_summary           |           |   -0.137 |           |       -0 |       93.32 |            |              | 0:00:01  |        3180 |    0 |   0 |
 ------------------------------------------------------------------------------------------------------------------------------------------------------- 
