**INFO: Starting Blocking QThread with 1 CPU
   ____________________________________________________________________
__/ message from Blocking QThread
*** QThread MetricCollect [begin] (IncrReplace #1 / place_opt_design #1) : mem = 0.6M
###############################################################
#  Generated by:      Cadence Innovus 23.12-s091_1
#  OS:                Linux x86_64(Host ID ecelinux-19.ece.cornell.edu)
#  Generated on:      Tue Nov 26 08:07:52 2024
#  Design:            dist_sort
#  Command:           place_opt_design
###############################################################

REPORT ANALYSIS SUMMARY (View:default_setup_view) (EL:Setup)
=========================================================================================================================================================================================================

GroupType:*
=========================================================================================================================================================================================================

         All                             IN2REG                          IN2OUT                           REG2REG                              REG2OUT
    -----------------------------------------------------------------------------------------------------------------------------------------------------------------------------------------------------  
     WNS:TNS:#VIO                     WNS:TNS:#VIO                     WNS:TNS:#VIO                     WNS:TNS:#VIO                     WNS:TNS:#VIO                     FromClk->ToClk                   
    -----------------------------------------------------------------------------------------------------------------------------------------------------------------------------------------------------  
    -253.689:-726.130:3              -253.689:-726.130:3              0.000:0.000:0                    0.000:0.000:0                    0.000:0.000:0                    *->*
    -----------------------------------------------------------------------------------------------------------------------------------------------------------------------------------------------------
Ending "set_metric_timing_analysis_summary" (total cpu=0:00:00.1, real=0:00:00.0, peak res=2780.3M, current mem=2050.1M)
Ending "get_summary_setup_timing" (total cpu=0:00:00.1, real=0:00:00.0, peak res=2780.3M, current mem=2051.5M)
*** QThread MetricCollect [finish] (IncrReplace #1 / place_opt_design #1) : cpu/real = 0:00:00.1/0:00:00.1 (0.9), mem = 0.6M
_______________________________________________________________________
