 ------------------------------------------------------------------------------------------------------------------------------------------------------- 
| Snapshot                | WNS                  | TNS                  | Density (%) | Hotspot                   | Resource               | DRVs       |
|                         | HEPG (ns) | ALL (ns) | HEPG (ns) | ALL (ns) |             | Max (bins) | Total (bins) | Real (s) | Memory (MB) | Tran | Cap |
|-------------------------+-----------+----------+-----------+----------+-------------+------------+--------------+----------+-------------+------+-----|
| initial_summary         |           |   -0.289 |           |       -1 |      104.30 |            |              | 0:00:02  |        3209 |    0 |   0 |
| route_type_refinement   |           |          |           |          |             |            |              | 0:00:00  |        3209 |      |     |
| simplify_netlist        |           |          |           |          |             |            |              | 0:00:00  |        3226 |      |     |
| excluded_clk_net_fixing |           |          |           |          |             |            |              | 0:00:00  |        3226 |      |     |
| global_opt              |           |   -0.244 |           |       -1 |      106.04 |            |              | 0:00:28  |        3246 |      |     |
| area_reclaiming         |     0.000 |   -0.236 |         0 |       -1 |      105.67 |            |              | 0:00:06  |        3247 |      |     |
| wns_fixing              |     0.000 |   -0.201 |         0 |       -1 |      106.02 |            |              | 0:01:10  |        3362 |      |     |
| tns_fixing              |     0.000 |   -0.203 |         0 |       -1 |      106.02 |            |              | 0:00:10  |        3366 |      |     |
| area_reclaiming_2       |     0.000 |   -0.200 |         0 |       -1 |      105.89 |            |              | 0:00:05  |        3264 |      |     |
| local_wire_reclaim      |           |          |           |          |             |            |              | 0:00:00  |        3264 |      |     |
| global_route            |           |          |           |          |             |     285.00 |       318.00 | 0:00:00  |        3216 |      |     |
| route_type_refinement_2 |           |          |           |          |             |            |              | 0:00:01  |        3216 |      |     |
| drv_eco_fixing          |     0.000 |   -0.228 |         0 |       -1 |      105.89 |            |              | 0:00:00  |        3232 |    0 |   0 |
| wns_eco_fixing          |     0.000 |   -0.215 |         0 |       -1 |      106.11 |            |              | 0:00:15  |        3347 |      |     |
| tns_eco_fixing          |     0.000 |   -0.215 |         0 |       -1 |      106.11 |            |              | 0:00:02  |        3348 |      |     |
| final_summary           |           |   -0.216 |           |       -1 |      106.11 |     297.00 |       329.00 | 0:00:02  |        3233 |    0 |   0 |
 ------------------------------------------------------------------------------------------------------------------------------------------------------- 
