 ------------------------------------------------------------------------------------------------------------------------------------------------------- 
| Snapshot                | WNS                  | TNS                  | Density (%) | Hotspot                   | Resource               | DRVs       |
|                         | HEPG (ns) | ALL (ns) | HEPG (ns) | ALL (ns) |             | Max (bins) | Total (bins) | Real (s) | Memory (MB) | Tran | Cap |
|-------------------------+-----------+----------+-----------+----------+-------------+------------+--------------+----------+-------------+------+-----|
| initial_summary         |           |   -1.146 |           |       -4 |       95.54 |            |              | 0:00:03  |        3113 |    0 |   1 |
| simplify_netlist        |           |          |           |          |             |            |              | 0:00:01  |        3121 |      |     |
| drv_fixing              |           |          |           |          |             |            |              | 0:00:00  |        3121 |      |     |
| area_reclaiming         |    -1.104 |   -1.104 |        -3 |       -3 |       95.32 |            |              | 0:00:04  |        3134 |      |     |
| drv_fixing_2            |    -1.387 |   -1.387 |        -4 |       -4 |       95.37 |            |              | 0:00:01  |        3134 |    0 |   0 |
| global_opt              |           |   -0.415 |           |       -1 |      102.40 |            |              | 0:00:37  |        3159 |      |     |
| area_reclaiming_2       |    -0.408 |   -0.408 |        -1 |       -1 |      101.81 |            |              | 0:00:05  |        3162 |      |     |
| incremental_replacement |           |   -0.328 |           |       -1 |             |     427.00 |       452.00 | 0:00:40  |        3216 |      |     |
| tns_fixing              |     0.000 |   -0.328 |         0 |       -1 |      101.81 |            |              | 0:00:01  |        3226 |      |     |
| wns_fixing              |     0.000 |   -0.184 |         0 |       -1 |      104.33 |            |              | 0:00:36  |        3271 |      |     |
| tns_fixing_2            |     0.000 |   -0.184 |         0 |       -1 |      104.33 |            |              | 0:00:02  |        3271 |      |     |
| area_reclaiming_3       |     0.000 |   -0.184 |         0 |       -1 |      104.30 |            |              | 0:00:02  |        3193 |      |     |
| drv_eco_fixing          |     0.000 |   -0.184 |         0 |       -1 |      104.30 |            |              | 0:00:01  |        3193 |    0 |   0 |
| tns_eco_fixing          |     0.000 |   -0.184 |         0 |       -1 |      104.30 |            |              | 0:00:02  |        3280 |      |     |
| final_summary           |           |   -0.191 |           |       -1 |      104.30 |            |              | 0:00:01  |        3157 |    0 |   0 |
 ------------------------------------------------------------------------------------------------------------------------------------------------------- 
