 ------------------------------------------------------------------------------------------------------------------------------------------------------- 
| Snapshot                | WNS                  | TNS                  | Density (%) | Hotspot                   | Resource               | DRVs       |
|                         | HEPG (ns) | ALL (ns) | HEPG (ns) | ALL (ns) |             | Max (bins) | Total (bins) | Real (s) | Memory (MB) | Tran | Cap |
|-------------------------+-----------+----------+-----------+----------+-------------+------------+--------------+----------+-------------+------+-----|
| initial_summary         |           |   -0.063 |           |       -0 |       50.12 |            |              | 0:00:02  |        3248 |    0 |   0 |
| route_type_refinement   |           |          |           |          |             |            |              | 0:00:00  |        3248 |      |     |
| simplify_netlist        |           |          |           |          |             |            |              | 0:00:01  |        3264 |      |     |
| excluded_clk_net_fixing |           |          |           |          |             |            |              | 0:00:00  |        3264 |      |     |
| global_opt              |           |   -0.065 |           |       -0 |       49.16 |            |              | 0:00:30  |        3278 |      |     |
| area_reclaiming         |     0.000 |   -0.051 |         0 |       -0 |       48.37 |            |              | 0:00:12  |        3280 |      |     |
| wns_fixing              |     0.000 |   -0.002 |         0 |       -0 |       51.52 |            |              | 0:04:07  |        3432 |      |     |
| tns_fixing              |     0.000 |   -0.000 |         0 |       -0 |       51.54 |            |              | 0:00:12  |        3403 |      |     |
| area_reclaiming_2       |     0.000 |    0.006 |         0 |        0 |       50.58 |            |              | 0:00:15  |        3315 |      |     |
| local_wire_reclaim      |           |          |           |          |             |            |              | 0:00:11  |        3302 |      |     |
| global_route            |           |          |           |          |             |       0.44 |         0.89 | 0:00:01  |        3289 |      |     |
| route_type_refinement_2 |           |          |           |          |             |            |              | 0:00:01  |        3289 |      |     |
| drv_eco_fixing          |     0.000 |   -0.035 |         0 |       -0 |       50.58 |            |              | 0:00:01  |        3304 |    0 |   0 |
| wns_eco_fixing          |     0.000 |   -0.029 |         0 |       -0 |       53.09 |            |              | 0:01:09  |        3411 |      |     |
| tns_eco_fixing          |     0.000 |   -0.028 |         0 |       -0 |       53.09 |            |              | 0:00:04  |        3412 |      |     |
| final_summary           |           |   -0.034 |           |       -0 |       53.09 |       0.44 |         1.33 | 0:00:02  |        3308 |    0 |   0 |
 ------------------------------------------------------------------------------------------------------------------------------------------------------- 
