 
****************************************
Report : area
Design : dist_sort
Version: V-2023.12-SP5
Date   : Mon Nov 25 21:27:54 2024
****************************************

Library(s) Used:

    asap7sc7p5t_22b_SIMPLE_RVT_TT_170906 (File: /classes/ece5746/asap7libs/ldbs/asap7sc7p5t_22b_SIMPLE_RVT_TT_170906.ldb)
    asap7sc7p5t_22b_AO_RVT_TT_170906 (File: /classes/ece5746/asap7libs/ldbs/asap7sc7p5t_22b_AO_RVT_TT_170906.ldb)
    asap7sc7p5t_22b_INVBUF_RVT_TT_170906 (File: /classes/ece5746/asap7libs/ldbs/asap7sc7p5t_22b_INVBUF_RVT_TT_170906.ldb)
    asap7sc7p5t_22b_OA_RVT_TT_170906 (File: /classes/ece5746/asap7libs/ldbs/asap7sc7p5t_22b_OA_RVT_TT_170906.ldb)
    asap7sc7p5t_22b_SEQ_RVT_TT_170906 (File: /classes/ece5746/asap7libs/ldbs/asap7sc7p5t_22b_SEQ_RVT_TT_170906.ldb)

Number of ports:                          586
Number of nets:                         10002
Number of cells:                         7421
Number of combinational cells:           7414
Number of sequential cells:                 7
Number of macros/black boxes:               0
Number of buf/inv:                       1762
Number of references:                      61

Combinational area:              11905.911230
Buf/Inv area:                     1258.312335
Noncombinational area:              42.456960
Macro/Black Box area:                0.000000
Net Interconnect area:      undefined  (No wire load specified)

Total cell area:                 11948.368190
Total area:                 undefined

Hierarchical area distribution
------------------------------

                                  Global cell area            Local cell area
                                  -------------------  ----------------------------- 
Hierarchical cell                 Absolute    Percent  Combi-      Noncombi-  Black-
                                  Total       Total    national    national   boxes   Design
--------------------------------  ----------  -------  ----------  ---------  ------  ---------
dist_sort                         11948.3682    100.0  11905.9112    42.4570  0.0000  dist_sort
--------------------------------  ----------  -------  ----------  ---------  ------  ---------
Total                                                  11905.9112    42.4570  0.0000


Area of detected synthetic parts
--------------------------------
  No DW parts to report!

Estimated area of ungrouped synthetic parts
-------------------------------------------
                                       Estimated  Perc. of
  Module               Implem.  Count       Area cell area
  -------------------- -------  ----- ---------- ---------
  DP_OP_683J1_125_2455     str      1  1178.9662      9.9%
  DP_OP_684J1_126_2455     str      1  1178.9662      9.9%
  DP_OP_685J1_127_2455     str      1  1178.9662      9.9%
  DP_OP_686J1_128_2455     str      1  1178.9662      9.9%
  DP_OP_687J1_129_2455     str      1  1219.1818     10.2%
  DW_cmp               apparch     14   819.4770      6.9%
  -------------------- -------  ----- ---------- ---------
  DP_OP Subtotal:                   5  5935.0467     49.7%
  Total:                           19  6754.5237     56.5%

Subtotal of datapath(DP_OP) cell area:  5935.0467  49.7%  (estimated)
Total synthetic cell area:              6754.5237  56.5%  (estimated)

1
