 
****************************************
Report : area
Design : dist_sort
Version: V-2023.12-SP5
Date   : Mon Nov 25 20:13:53 2024
****************************************

Library(s) Used:

    asap7sc7p5t_22b_SIMPLE_RVT_TT_170906 (File: /classes/ece5746/asap7libs/ldbs/asap7sc7p5t_22b_SIMPLE_RVT_TT_170906.ldb)
    asap7sc7p5t_22b_AO_RVT_TT_170906 (File: /classes/ece5746/asap7libs/ldbs/asap7sc7p5t_22b_AO_RVT_TT_170906.ldb)
    asap7sc7p5t_22b_INVBUF_RVT_TT_170906 (File: /classes/ece5746/asap7libs/ldbs/asap7sc7p5t_22b_INVBUF_RVT_TT_170906.ldb)
    asap7sc7p5t_22b_OA_RVT_TT_170906 (File: /classes/ece5746/asap7libs/ldbs/asap7sc7p5t_22b_OA_RVT_TT_170906.ldb)
    asap7sc7p5t_22b_SEQ_RVT_TT_170906 (File: /classes/ece5746/asap7libs/ldbs/asap7sc7p5t_22b_SEQ_RVT_TT_170906.ldb)

Number of ports:                          586
Number of nets:                         11530
Number of cells:                         9393
Number of combinational cells:           9386
Number of sequential cells:                 7
Number of macros/black boxes:               0
Number of buf/inv:                       2512
Number of references:                      77

Combinational area:              14542.675085
Buf/Inv area:                     1905.897619
Noncombinational area:              42.456960
Macro/Black Box area:                0.000000
Net Interconnect area:      undefined  (No wire load specified)

Total cell area:                 14585.132045
Total area:                 undefined

Hierarchical area distribution
------------------------------

                                  Global cell area            Local cell area
                                  -------------------  ----------------------------- 
Hierarchical cell                 Absolute    Percent  Combi-      Noncombi-  Black-
                                  Total       Total    national    national   boxes   Design
--------------------------------  ----------  -------  ----------  ---------  ------  ---------
dist_sort                         14585.1320    100.0  14542.6751    42.4570  0.0000  dist_sort
--------------------------------  ----------  -------  ----------  ---------  ------  ---------
Total                                                  14542.6751    42.4570  0.0000


Area of detected synthetic parts
--------------------------------
  No DW parts to report!

Estimated area of ungrouped synthetic parts
-------------------------------------------
                                       Estimated  Perc. of
  Module               Implem.  Count       Area cell area
  -------------------- -------  ----- ---------- ---------
  DP_OP_682J1_124_2455     str      1  1532.8738     10.5%
  DP_OP_683J1_125_2455     str      1  1227.0509      8.4%
  DP_OP_684J1_126_2455     str      1  1227.0510      8.4%
  DP_OP_685J1_127_2455     str      1  1227.0509      8.4%
  DP_OP_686J1_128_2455     str      1  1227.0510      8.4%
  DP_OP_687J1_129_2455     str      1  1227.0509      8.4%
  DW_cmp               apparch     14   825.1116      5.7%
  -------------------- -------  ----- ---------- ---------
  DP_OP Subtotal:                   6  7668.1285     52.6%
  Total:                           20  8493.2401     58.2%

Subtotal of datapath(DP_OP) cell area:  7668.1285  52.6%  (estimated)
Total synthetic cell area:              8493.2401  58.2%  (estimated)

1
