 
****************************************
Report : area
Design : dist_sort
Version: V-2023.12-SP5
Date   : Mon Nov 25 23:39:20 2024
****************************************

Library(s) Used:

    asap7sc7p5t_22b_AO_RVT_TT_170906 (File: /classes/ece5746/asap7libs/ldbs/asap7sc7p5t_22b_AO_RVT_TT_170906.ldb)
    asap7sc7p5t_22b_OA_RVT_TT_170906 (File: /classes/ece5746/asap7libs/ldbs/asap7sc7p5t_22b_OA_RVT_TT_170906.ldb)
    asap7sc7p5t_22b_SIMPLE_RVT_TT_170906 (File: /classes/ece5746/asap7libs/ldbs/asap7sc7p5t_22b_SIMPLE_RVT_TT_170906.ldb)
    asap7sc7p5t_22b_INVBUF_RVT_TT_170906 (File: /classes/ece5746/asap7libs/ldbs/asap7sc7p5t_22b_INVBUF_RVT_TT_170906.ldb)
    asap7sc7p5t_22b_SEQ_RVT_TT_170906 (File: /classes/ece5746/asap7libs/ldbs/asap7sc7p5t_22b_SEQ_RVT_TT_170906.ldb)

Number of ports:                          586
Number of nets:                          9961
Number of cells:                         7409
Number of combinational cells:           7402
Number of sequential cells:                 7
Number of macros/black boxes:               0
Number of buf/inv:                       1729
Number of references:                      56

Combinational area:              11849.224187
Buf/Inv area:                     1222.853775
Noncombinational area:              42.456960
Macro/Black Box area:                0.000000
Net Interconnect area:      undefined  (No wire load specified)

Total cell area:                 11891.681147
Total area:                 undefined

Hierarchical area distribution
------------------------------

                                  Global cell area            Local cell area
                                  -------------------  ----------------------------- 
Hierarchical cell                 Absolute    Percent  Combi-      Noncombi-  Black-
                                  Total       Total    national    national   boxes   Design
--------------------------------  ----------  -------  ----------  ---------  ------  ---------
dist_sort                         11891.6811    100.0  11849.2242    42.4570  0.0000  dist_sort
--------------------------------  ----------  -------  ----------  ---------  ------  ---------
Total                                                  11849.2242    42.4570  0.0000


Area of detected synthetic parts
--------------------------------
  No DW parts to report!

Estimated area of ungrouped synthetic parts
-------------------------------------------
                                        Estimated  Perc. of
  Module               Implem.  Count        Area cell area
  -------------------- -------  ----- ----------- ---------
  DP_OP_680J1_122_2455     str      1   1569.3484     13.2%
  DP_OP_681J1_123_2455     str      1   1620.8462     13.6%
  DP_OP_682J1_124_2455     str      1   1615.6964     13.6%
  DP_OP_683J1_125_2455     str      1   1177.7472      9.9%
  DP_OP_684J1_126_2455     str      1   1177.7472      9.9%
  DP_OP_685J1_127_2455     str      1   1177.7472      9.9%
  DP_OP_686J1_128_2455     str      1   1213.0821     10.2%
  DP_OP_687J1_129_2455     str      1   1281.4037     10.8%
  DW_cmp               apparch     14    817.1443      6.9%
  -------------------- -------  ----- ----------- ---------
  DP_OP Subtotal:                   8  10833.6186     91.1%
  Total:                           22  11650.7629     98.0%

Subtotal of datapath(DP_OP) cell area:  10833.6186  91.1%  (estimated)
Total synthetic cell area:              11650.7629  98.0%  (estimated)

1
