 
****************************************
Report : area
Design : dist_sort
Version: V-2023.12-SP5
Date   : Tue Nov 26 20:09:08 2024
****************************************

Library(s) Used:

    asap7sc7p5t_22b_SIMPLE_RVT_TT_170906 (File: /classes/ece5746/asap7libs/ldbs/asap7sc7p5t_22b_SIMPLE_RVT_TT_170906.ldb)
    asap7sc7p5t_22b_AO_RVT_TT_170906 (File: /classes/ece5746/asap7libs/ldbs/asap7sc7p5t_22b_AO_RVT_TT_170906.ldb)
    asap7sc7p5t_22b_INVBUF_RVT_TT_170906 (File: /classes/ece5746/asap7libs/ldbs/asap7sc7p5t_22b_INVBUF_RVT_TT_170906.ldb)
    asap7sc7p5t_22b_OA_RVT_TT_170906 (File: /classes/ece5746/asap7libs/ldbs/asap7sc7p5t_22b_OA_RVT_TT_170906.ldb)
    asap7sc7p5t_22b_SEQ_RVT_TT_170906 (File: /classes/ece5746/asap7libs/ldbs/asap7sc7p5t_22b_SEQ_RVT_TT_170906.ldb)

Number of ports:                          586
Number of nets:                         10885
Number of cells:                         8363
Number of combinational cells:           7772
Number of sequential cells:               591
Number of macros/black boxes:               0
Number of buf/inv:                       1827
Number of references:                      66

Combinational area:              12270.527872
Buf/Inv area:                     1326.896655
Noncombinational area:            3584.580457
Macro/Black Box area:                0.000000
Net Interconnect area:      undefined  (No wire load specified)

Total cell area:                 15855.108329
Total area:                 undefined

Hierarchical area distribution
------------------------------

                                  Global cell area            Local cell area
                                  -------------------  ----------------------------- 
Hierarchical cell                 Absolute    Percent  Combi-      Noncombi-  Black-
                                  Total       Total    national    national   boxes   Design
--------------------------------  ----------  -------  ----------  ---------  ------  ---------
dist_sort                         15855.1083    100.0  12270.5279  3584.5805  0.0000  dist_sort
--------------------------------  ----------  -------  ----------  ---------  ------  ---------
Total                                                  12270.5279  3584.5805  0.0000


Area of detected synthetic parts
--------------------------------
  No DW parts to report!

Estimated area of ungrouped synthetic parts
-------------------------------------------
                                        Estimated  Perc. of
  Module               Implem.  Count        Area cell area
  -------------------- -------  ----- ----------- ---------
  DP_OP_680J1_122_2455     str      1   1587.9233     10.0%
  DP_OP_681J1_123_2455     str      1   1589.2347     10.0%
  DP_OP_682J1_124_2455     str      1   1576.5578      9.9%
  DP_OP_683J1_125_2455     str      1   1576.5578      9.9%
  DP_OP_684J1_126_2455     str      1   1149.6952      7.3%
  DP_OP_685J1_127_2455     str      1   1149.6952      7.3%
  DP_OP_686J1_128_2455     str      1   1149.6952      7.3%
  DP_OP_687J1_129_2455     str      1   1179.5154      7.4%
  DW_cmp               apparch     14    819.5432      5.2%
  -------------------- -------  ----- ----------- ---------
  DP_OP Subtotal:                   8  10958.8746     69.1%
  Total:                           22  11778.4178     74.3%

Subtotal of datapath(DP_OP) cell area:  10958.8746  69.1%  (estimated)
Total synthetic cell area:              11778.4178  74.3%  (estimated)

1
