 
****************************************
Report : area
Design : dist_sort
Version: V-2023.12-SP5
Date   : Mon Nov 25 22:53:06 2024
****************************************

Library(s) Used:

    asap7sc7p5t_22b_SIMPLE_RVT_TT_170906 (File: /classes/ece5746/asap7libs/ldbs/asap7sc7p5t_22b_SIMPLE_RVT_TT_170906.ldb)
    asap7sc7p5t_22b_AO_RVT_TT_170906 (File: /classes/ece5746/asap7libs/ldbs/asap7sc7p5t_22b_AO_RVT_TT_170906.ldb)
    asap7sc7p5t_22b_INVBUF_RVT_TT_170906 (File: /classes/ece5746/asap7libs/ldbs/asap7sc7p5t_22b_INVBUF_RVT_TT_170906.ldb)
    asap7sc7p5t_22b_OA_RVT_TT_170906 (File: /classes/ece5746/asap7libs/ldbs/asap7sc7p5t_22b_OA_RVT_TT_170906.ldb)
    asap7sc7p5t_22b_SEQ_RVT_TT_170906 (File: /classes/ece5746/asap7libs/ldbs/asap7sc7p5t_22b_SEQ_RVT_TT_170906.ldb)

Number of ports:                          586
Number of nets:                         10032
Number of cells:                         7457
Number of combinational cells:           7450
Number of sequential cells:                 7
Number of macros/black boxes:               0
Number of buf/inv:                       1779
Number of references:                      70

Combinational area:              12021.851394
Buf/Inv area:                     1280.007376
Noncombinational area:              42.456960
Macro/Black Box area:                0.000000
Net Interconnect area:      undefined  (No wire load specified)

Total cell area:                 12064.308354
Total area:                 undefined

Hierarchical area distribution
------------------------------

                                  Global cell area            Local cell area
                                  -------------------  ----------------------------- 
Hierarchical cell                 Absolute    Percent  Combi-      Noncombi-  Black-
                                  Total       Total    national    national   boxes   Design
--------------------------------  ----------  -------  ----------  ---------  ------  ---------
dist_sort                         12064.3084    100.0  12021.8514    42.4570  0.0000  dist_sort
--------------------------------  ----------  -------  ----------  ---------  ------  ---------
Total                                                  12021.8514    42.4570  0.0000


Area of detected synthetic parts
--------------------------------
  No DW parts to report!

Estimated area of ungrouped synthetic parts
-------------------------------------------
                                       Estimated  Perc. of
  Module               Implem.  Count       Area cell area
  -------------------- -------  ----- ---------- ---------
  DP_OP_683J1_125_2455     str      1  1191.2552      9.9%
  DP_OP_684J1_126_2455     str      1  1191.2555      9.9%
  DP_OP_685J1_127_2455     str      1  1191.2555      9.9%
  DP_OP_686J1_128_2455     str      1  1191.2555      9.9%
  DP_OP_687J1_129_2455     str      1  1235.0500     10.2%
  DW_cmp               apparch     14   823.0062      6.8%
  -------------------- -------  ----- ---------- ---------
  DP_OP Subtotal:                   5  6000.0716     49.7%
  Total:                           19  6823.0778     56.6%

Subtotal of datapath(DP_OP) cell area:  6000.0716  49.7%  (estimated)
Total synthetic cell area:              6823.0778  56.6%  (estimated)

1
