 
****************************************
Report : area
Design : dist_sort
Version: V-2023.12-SP5
Date   : Tue Nov 26 08:19:45 2024
****************************************

Library(s) Used:

    asap7sc7p5t_22b_AO_RVT_TT_170906 (File: /classes/ece5746/asap7libs/ldbs/asap7sc7p5t_22b_AO_RVT_TT_170906.ldb)
    asap7sc7p5t_22b_OA_RVT_TT_170906 (File: /classes/ece5746/asap7libs/ldbs/asap7sc7p5t_22b_OA_RVT_TT_170906.ldb)
    asap7sc7p5t_22b_SIMPLE_RVT_TT_170906 (File: /classes/ece5746/asap7libs/ldbs/asap7sc7p5t_22b_SIMPLE_RVT_TT_170906.ldb)
    asap7sc7p5t_22b_INVBUF_RVT_TT_170906 (File: /classes/ece5746/asap7libs/ldbs/asap7sc7p5t_22b_INVBUF_RVT_TT_170906.ldb)
    asap7sc7p5t_22b_SEQ_RVT_TT_170906 (File: /classes/ece5746/asap7libs/ldbs/asap7sc7p5t_22b_SEQ_RVT_TT_170906.ldb)

Number of ports:                          586
Number of nets:                          9983
Number of cells:                         7466
Number of combinational cells:           7459
Number of sequential cells:                 7
Number of macros/black boxes:               0
Number of buf/inv:                       1752
Number of references:                      49

Combinational area:              11872.318906
Buf/Inv area:                     1234.517776
Noncombinational area:              42.456960
Macro/Black Box area:                0.000000
Net Interconnect area:      undefined  (No wire load specified)

Total cell area:                 11914.775866
Total area:                 undefined

Hierarchical area distribution
------------------------------

                                  Global cell area            Local cell area
                                  -------------------  ----------------------------- 
Hierarchical cell                 Absolute    Percent  Combi-      Noncombi-  Black-
                                  Total       Total    national    national   boxes   Design
--------------------------------  ----------  -------  ----------  ---------  ------  ---------
dist_sort                         11914.7759    100.0  11872.3189    42.4570  0.0000  dist_sort
--------------------------------  ----------  -------  ----------  ---------  ------  ---------
Total                                                  11872.3189    42.4570  0.0000


Area of detected synthetic parts
--------------------------------
  No DW parts to report!

Estimated area of ungrouped synthetic parts
-------------------------------------------
                                        Estimated  Perc. of
  Module               Implem.  Count        Area cell area
  -------------------- -------  ----- ----------- ---------
  DP_OP_680J1_122_2455     str      1   1615.5756     13.6%
  DP_OP_681J1_123_2455     str      1   1549.0529     13.0%
  DP_OP_682J1_124_2455     str      1   1616.2476     13.6%
  DP_OP_683J1_125_2455     str      1   1178.1489      9.9%
  DP_OP_684J1_126_2455     str      1   1178.1489      9.9%
  DP_OP_685J1_127_2455     str      1   1178.1489      9.9%
  DP_OP_686J1_128_2455     str      1   1281.4037     10.8%
  DP_OP_687J1_129_2455     str      1   1281.4037     10.8%
  DW_cmp               apparch     14    818.1344      6.9%
  -------------------- -------  ----- ----------- ---------
  DP_OP Subtotal:                   8  10878.1303     91.3%
  Total:                           22  11696.2647     98.2%

Subtotal of datapath(DP_OP) cell area:  10878.1303  91.3%  (estimated)
Total synthetic cell area:              11696.2647  98.2%  (estimated)

1
