 
****************************************
Report : area
Design : dist_sort
Version: V-2023.12-SP5
Date   : Mon Nov 25 20:17:26 2024
****************************************

Library(s) Used:

    asap7sc7p5t_22b_SIMPLE_RVT_TT_170906 (File: /classes/ece5746/asap7libs/ldbs/asap7sc7p5t_22b_SIMPLE_RVT_TT_170906.ldb)
    asap7sc7p5t_22b_AO_RVT_TT_170906 (File: /classes/ece5746/asap7libs/ldbs/asap7sc7p5t_22b_AO_RVT_TT_170906.ldb)
    asap7sc7p5t_22b_INVBUF_RVT_TT_170906 (File: /classes/ece5746/asap7libs/ldbs/asap7sc7p5t_22b_INVBUF_RVT_TT_170906.ldb)
    asap7sc7p5t_22b_OA_RVT_TT_170906 (File: /classes/ece5746/asap7libs/ldbs/asap7sc7p5t_22b_OA_RVT_TT_170906.ldb)
    asap7sc7p5t_22b_SEQ_RVT_TT_170906 (File: /classes/ece5746/asap7libs/ldbs/asap7sc7p5t_22b_SEQ_RVT_TT_170906.ldb)

Number of ports:                          586
Number of nets:                         10083
Number of cells:                         7507
Number of combinational cells:           7500
Number of sequential cells:                 7
Number of macros/black boxes:               0
Number of buf/inv:                       1811
Number of references:                      63

Combinational area:              12040.980353
Buf/Inv area:                     1300.302736
Noncombinational area:              42.456960
Macro/Black Box area:                0.000000
Net Interconnect area:      undefined  (No wire load specified)

Total cell area:                 12083.437313
Total area:                 undefined

Hierarchical area distribution
------------------------------

                                  Global cell area            Local cell area
                                  -------------------  ----------------------------- 
Hierarchical cell                 Absolute    Percent  Combi-      Noncombi-  Black-
                                  Total       Total    national    national   boxes   Design
--------------------------------  ----------  -------  ----------  ---------  ------  ---------
dist_sort                         12083.4373    100.0  12040.9804    42.4570  0.0000  dist_sort
--------------------------------  ----------  -------  ----------  ---------  ------  ---------
Total                                                  12040.9804    42.4570  0.0000


Area of detected synthetic parts
--------------------------------
  No DW parts to report!

Estimated area of ungrouped synthetic parts
-------------------------------------------
                                       Estimated  Perc. of
  Module               Implem.  Count       Area cell area
  -------------------- -------  ----- ---------- ---------
  DP_OP_682J1_124_2455     str      1  1498.3917     12.4%
  DP_OP_683J1_125_2455     str      1  1199.2677      9.9%
  DP_OP_684J1_126_2455     str      1  1199.2677      9.9%
  DP_OP_685J1_127_2455     str      1  1199.2677      9.9%
  DP_OP_686J1_128_2455     str      1  1199.2677      9.9%
  DP_OP_687J1_129_2455     str      1  1199.2677      9.9%
  DW_cmp               apparch     14   823.3979      6.8%
  -------------------- -------  ----- ---------- ---------
  DP_OP Subtotal:                   6  7494.7301     62.0%
  Total:                           20  8318.1280     68.8%

Subtotal of datapath(DP_OP) cell area:  7494.7301  62.0%  (estimated)
Total synthetic cell area:              8318.1280  68.8%  (estimated)

1
