 
****************************************
Report : area
Design : dist_sort
Version: V-2023.12-SP5
Date   : Mon Nov 25 21:53:56 2024
****************************************

Library(s) Used:

    asap7sc7p5t_22b_SIMPLE_RVT_TT_170906 (File: /classes/ece5746/asap7libs/ldbs/asap7sc7p5t_22b_SIMPLE_RVT_TT_170906.ldb)
    asap7sc7p5t_22b_AO_RVT_TT_170906 (File: /classes/ece5746/asap7libs/ldbs/asap7sc7p5t_22b_AO_RVT_TT_170906.ldb)
    asap7sc7p5t_22b_INVBUF_RVT_TT_170906 (File: /classes/ece5746/asap7libs/ldbs/asap7sc7p5t_22b_INVBUF_RVT_TT_170906.ldb)
    asap7sc7p5t_22b_OA_RVT_TT_170906 (File: /classes/ece5746/asap7libs/ldbs/asap7sc7p5t_22b_OA_RVT_TT_170906.ldb)
    asap7sc7p5t_22b_SEQ_RVT_TT_170906 (File: /classes/ece5746/asap7libs/ldbs/asap7sc7p5t_22b_SEQ_RVT_TT_170906.ldb)

Number of ports:                          586
Number of nets:                         10098
Number of cells:                         7529
Number of combinational cells:           7522
Number of sequential cells:                 7
Number of macros/black boxes:               0
Number of buf/inv:                       1796
Number of references:                      66

Combinational area:              12089.969152
Buf/Inv area:                     1292.371215
Noncombinational area:              42.456960
Macro/Black Box area:                0.000000
Net Interconnect area:      undefined  (No wire load specified)

Total cell area:                 12132.426112
Total area:                 undefined

Hierarchical area distribution
------------------------------

                                  Global cell area            Local cell area
                                  -------------------  ----------------------------- 
Hierarchical cell                 Absolute    Percent  Combi-      Noncombi-  Black-
                                  Total       Total    national    national   boxes   Design
--------------------------------  ----------  -------  ----------  ---------  ------  ---------
dist_sort                         12132.4261    100.0  12089.9692    42.4570  0.0000  dist_sort
--------------------------------  ----------  -------  ----------  ---------  ------  ---------
Total                                                  12089.9692    42.4570  0.0000


Area of detected synthetic parts
--------------------------------
  No DW parts to report!

Estimated area of ungrouped synthetic parts
-------------------------------------------
                                       Estimated  Perc. of
  Module               Implem.  Count       Area cell area
  -------------------- -------  ----- ---------- ---------
  DP_OP_682J1_124_2455     str      1  1507.0844     12.4%
  DP_OP_683J1_125_2455     str      1  1206.0413      9.9%
  DP_OP_684J1_126_2455     str      1  1206.0415      9.9%
  DP_OP_685J1_127_2455     str      1  1206.0415      9.9%
  DP_OP_686J1_128_2455     str      1  1206.0415      9.9%
  DP_OP_687J1_129_2455     str      1  1194.4946      9.8%
  DW_cmp               apparch     14   824.2618      6.8%
  -------------------- -------  ----- ---------- ---------
  DP_OP Subtotal:                   6  7525.7449     62.0%
  Total:                           20  8350.0068     68.8%

Subtotal of datapath(DP_OP) cell area:  7525.7449  62.0%  (estimated)
Total synthetic cell area:              8350.0068  68.8%  (estimated)

1
