 
****************************************
Report : area
Design : dist_sort
Version: V-2023.12-SP5
Date   : Mon Nov 25 19:36:12 2024
****************************************

Library(s) Used:

    asap7sc7p5t_22b_INVBUF_RVT_TT_170906 (File: /classes/ece5746/asap7libs/ldbs/asap7sc7p5t_22b_INVBUF_RVT_TT_170906.ldb)
    asap7sc7p5t_22b_INVBUF_LVT_TT_170906 (File: /classes/ece5746/asap7libs/ldbs/asap7sc7p5t_22b_INVBUF_LVT_TT_170906.ldb)
    asap7sc7p5t_22b_SIMPLE_LVT_TT_170906 (File: /classes/ece5746/asap7libs/ldbs/asap7sc7p5t_22b_SIMPLE_LVT_TT_170906.ldb)
    asap7sc7p5t_22b_SIMPLE_RVT_TT_170906 (File: /classes/ece5746/asap7libs/ldbs/asap7sc7p5t_22b_SIMPLE_RVT_TT_170906.ldb)
    asap7sc7p5t_22b_AO_LVT_TT_170906 (File: /classes/ece5746/asap7libs/ldbs/asap7sc7p5t_22b_AO_LVT_TT_170906.ldb)
    asap7sc7p5t_22b_OA_LVT_TT_170906 (File: /classes/ece5746/asap7libs/ldbs/asap7sc7p5t_22b_OA_LVT_TT_170906.ldb)
    asap7sc7p5t_22b_SIMPLE_SLVT_TT_170906 (File: /classes/ece5746/asap7libs/ldbs/asap7sc7p5t_22b_SIMPLE_SLVT_TT_170906.ldb)
    asap7sc7p5t_22b_OA_SLVT_TT_170906 (File: /classes/ece5746/asap7libs/ldbs/asap7sc7p5t_22b_OA_SLVT_TT_170906.ldb)
    asap7sc7p5t_22b_INVBUF_SLVT_TT_170906 (File: /classes/ece5746/asap7libs/ldbs/asap7sc7p5t_22b_INVBUF_SLVT_TT_170906.ldb)
    asap7sc7p5t_22b_OA_RVT_TT_170906 (File: /classes/ece5746/asap7libs/ldbs/asap7sc7p5t_22b_OA_RVT_TT_170906.ldb)
    asap7sc7p5t_22b_AO_SLVT_TT_170906 (File: /classes/ece5746/asap7libs/ldbs/asap7sc7p5t_22b_AO_SLVT_TT_170906.ldb)
    asap7sc7p5t_22b_AO_RVT_TT_170906 (File: /classes/ece5746/asap7libs/ldbs/asap7sc7p5t_22b_AO_RVT_TT_170906.ldb)
    asap7sc7p5t_22b_SEQ_RVT_TT_170906 (File: /classes/ece5746/asap7libs/ldbs/asap7sc7p5t_22b_SEQ_RVT_TT_170906.ldb)
    asap7sc7p5t_22b_SEQ_SLVT_TT_170906 (File: /classes/ece5746/asap7libs/ldbs/asap7sc7p5t_22b_SEQ_SLVT_TT_170906.ldb)
    asap7sc7p5t_22b_SEQ_LVT_TT_170906 (File: /classes/ece5746/asap7libs/ldbs/asap7sc7p5t_22b_SEQ_LVT_TT_170906.ldb)

Number of ports:                          586
Number of nets:                         10869
Number of cells:                         8443
Number of combinational cells:           8436
Number of sequential cells:                 7
Number of macros/black boxes:               0
Number of buf/inv:                       2143
Number of references:                     165

Combinational area:              13025.888524
Buf/Inv area:                     1588.870098
Noncombinational area:              42.456960
Macro/Black Box area:                0.000000
Net Interconnect area:      undefined  (No wire load specified)

Total cell area:                 13068.345484
Total area:                 undefined

Hierarchical area distribution
------------------------------

                                  Global cell area            Local cell area
                                  -------------------  ----------------------------- 
Hierarchical cell                 Absolute    Percent  Combi-      Noncombi-  Black-
                                  Total       Total    national    national   boxes   Design
--------------------------------  ----------  -------  ----------  ---------  ------  ---------
dist_sort                         13068.3455    100.0  13025.8885    42.4570  0.0000  dist_sort
--------------------------------  ----------  -------  ----------  ---------  ------  ---------
Total                                                  13025.8885    42.4570  0.0000


Area of detected synthetic parts
--------------------------------
  No DW parts to report!

Estimated area of ungrouped synthetic parts
-------------------------------------------
                                       Estimated  Perc. of
  Module               Implem.  Count       Area cell area
  -------------------- -------  ----- ---------- ---------
  DP_OP_682J1_124_2455     str      1  1528.8857     11.7%
  DP_OP_683J1_125_2455     str      1  1528.4210     11.7%
  DP_OP_684J1_126_2455     str      1  1522.8447     11.7%
  DP_OP_685J1_127_2455     str      1  1222.1837      9.4%
  DP_OP_686J1_128_2455     str      1  1222.1839      9.4%
  DP_OP_687J1_129_2455     str      1  1222.1840      9.4%
  DW_cmp               apparch     14   825.1116      6.3%
  -------------------- -------  ----- ---------- ---------
  DP_OP Subtotal:                   6  8246.7030     63.1%
  Total:                           20  9071.8146     69.4%

Subtotal of datapath(DP_OP) cell area:  8246.7030  63.1%  (estimated)
Total synthetic cell area:              9071.8146  69.4%  (estimated)

1
