 
****************************************
Report : area
Design : dist_sort
Version: V-2023.12-SP5
Date   : Mon Nov 25 13:00:51 2024
****************************************

Library(s) Used:

    asap7sc7p5t_22b_INVBUF_RVT_TT_170906 (File: /classes/ece5746/asap7libs/ldbs/asap7sc7p5t_22b_INVBUF_RVT_TT_170906.ldb)
    asap7sc7p5t_22b_INVBUF_SLVT_TT_170906 (File: /classes/ece5746/asap7libs/ldbs/asap7sc7p5t_22b_INVBUF_SLVT_TT_170906.ldb)
    asap7sc7p5t_22b_SIMPLE_SLVT_TT_170906 (File: /classes/ece5746/asap7libs/ldbs/asap7sc7p5t_22b_SIMPLE_SLVT_TT_170906.ldb)
    asap7sc7p5t_22b_OA_LVT_TT_170906 (File: /classes/ece5746/asap7libs/ldbs/asap7sc7p5t_22b_OA_LVT_TT_170906.ldb)
    asap7sc7p5t_22b_OA_RVT_TT_170906 (File: /classes/ece5746/asap7libs/ldbs/asap7sc7p5t_22b_OA_RVT_TT_170906.ldb)
    asap7sc7p5t_22b_SIMPLE_LVT_TT_170906 (File: /classes/ece5746/asap7libs/ldbs/asap7sc7p5t_22b_SIMPLE_LVT_TT_170906.ldb)
    asap7sc7p5t_22b_OA_SLVT_TT_170906 (File: /classes/ece5746/asap7libs/ldbs/asap7sc7p5t_22b_OA_SLVT_TT_170906.ldb)
    asap7sc7p5t_22b_INVBUF_LVT_TT_170906 (File: /classes/ece5746/asap7libs/ldbs/asap7sc7p5t_22b_INVBUF_LVT_TT_170906.ldb)
    asap7sc7p5t_22b_AO_SLVT_TT_170906 (File: /classes/ece5746/asap7libs/ldbs/asap7sc7p5t_22b_AO_SLVT_TT_170906.ldb)
    asap7sc7p5t_22b_SIMPLE_RVT_TT_170906 (File: /classes/ece5746/asap7libs/ldbs/asap7sc7p5t_22b_SIMPLE_RVT_TT_170906.ldb)
    asap7sc7p5t_22b_AO_RVT_TT_170906 (File: /classes/ece5746/asap7libs/ldbs/asap7sc7p5t_22b_AO_RVT_TT_170906.ldb)
    asap7sc7p5t_22b_AO_LVT_TT_170906 (File: /classes/ece5746/asap7libs/ldbs/asap7sc7p5t_22b_AO_LVT_TT_170906.ldb)
    asap7sc7p5t_22b_SEQ_LVT_TT_170906 (File: /classes/ece5746/asap7libs/ldbs/asap7sc7p5t_22b_SEQ_LVT_TT_170906.ldb)
    asap7sc7p5t_22b_SEQ_SLVT_TT_170906 (File: /classes/ece5746/asap7libs/ldbs/asap7sc7p5t_22b_SEQ_SLVT_TT_170906.ldb)

Number of ports:                          586
Number of nets:                         11944
Number of cells:                         9903
Number of combinational cells:           9896
Number of sequential cells:                 7
Number of macros/black boxes:               0
Number of buf/inv:                       2596
Number of references:                     166

Combinational area:              15052.158616
Buf/Inv area:                     1992.677779
Noncombinational area:              42.456960
Macro/Black Box area:                0.000000
Net Interconnect area:      undefined  (No wire load specified)

Total cell area:                 15094.615576
Total area:                 undefined

Hierarchical area distribution
------------------------------

                                  Global cell area            Local cell area
                                  -------------------  ----------------------------- 
Hierarchical cell                 Absolute    Percent  Combi-      Noncombi-  Black-
                                  Total       Total    national    national   boxes   Design
--------------------------------  ----------  -------  ----------  ---------  ------  ---------
dist_sort                         15094.6156    100.0  15052.1586    42.4570  0.0000  dist_sort
--------------------------------  ----------  -------  ----------  ---------  ------  ---------
Total                                                  15052.1586    42.4570  0.0000


Area of detected synthetic parts
--------------------------------
  No DW parts to report!

Estimated area of ungrouped synthetic parts
-------------------------------------------
                                       Estimated  Perc. of
  Module               Implem.  Count       Area cell area
  -------------------- -------  ----- ---------- ---------
  DP_OP_683J1_125_2455     str      1  1536.3715     10.2%
  DP_OP_684J1_126_2455     str      1  1536.3716     10.2%
  DP_OP_685J1_127_2455     str      1  1227.0491      8.1%
  DP_OP_686J1_128_2455     str      1  1227.0491      8.1%
  DP_OP_687J1_129_2455     str      1  1227.0492      8.1%
  DW_cmp               apparch     14   825.1116      5.5%
  -------------------- -------  ----- ---------- ---------
  DP_OP Subtotal:                   5  6753.8904     44.7%
  Total:                           19  7579.0020     50.2%

Subtotal of datapath(DP_OP) cell area:  6753.8904  44.7%  (estimated)
Total synthetic cell area:              7579.0020  50.2%  (estimated)

1
