 
****************************************
Report : area
Design : dist_sort
Version: V-2023.12-SP5
Date   : Tue Nov 26 20:05:58 2024
****************************************

Library(s) Used:

    asap7sc7p5t_22b_SIMPLE_RVT_TT_170906 (File: /classes/ece5746/asap7libs/ldbs/asap7sc7p5t_22b_SIMPLE_RVT_TT_170906.ldb)
    asap7sc7p5t_22b_INVBUF_RVT_TT_170906 (File: /classes/ece5746/asap7libs/ldbs/asap7sc7p5t_22b_INVBUF_RVT_TT_170906.ldb)
    asap7sc7p5t_22b_OA_RVT_TT_170906 (File: /classes/ece5746/asap7libs/ldbs/asap7sc7p5t_22b_OA_RVT_TT_170906.ldb)
    asap7sc7p5t_22b_AO_RVT_TT_170906 (File: /classes/ece5746/asap7libs/ldbs/asap7sc7p5t_22b_AO_RVT_TT_170906.ldb)
    asap7sc7p5t_22b_SEQ_RVT_TT_170906 (File: /classes/ece5746/asap7libs/ldbs/asap7sc7p5t_22b_SEQ_RVT_TT_170906.ldb)

Number of ports:                          586
Number of nets:                         12645
Number of cells:                        10637
Number of combinational cells:          10046
Number of sequential cells:               591
Number of macros/black boxes:               0
Number of buf/inv:                       2720
Number of references:                      79

Combinational area:              15541.113501
Buf/Inv area:                     2130.779540
Noncombinational area:            3584.580457
Macro/Black Box area:                0.000000
Net Interconnect area:      undefined  (No wire load specified)

Total cell area:                 19125.693958
Total area:                 undefined

Hierarchical area distribution
------------------------------

                                  Global cell area            Local cell area
                                  -------------------  ----------------------------- 
Hierarchical cell                 Absolute    Percent  Combi-      Noncombi-  Black-
                                  Total       Total    national    national   boxes   Design
--------------------------------  ----------  -------  ----------  ---------  ------  ---------
dist_sort                         19125.6940    100.0  15541.1135  3584.5805  0.0000  dist_sort
--------------------------------  ----------  -------  ----------  ---------  ------  ---------
Total                                                  15541.1135  3584.5805  0.0000


Area of detected synthetic parts
--------------------------------
  No DW parts to report!

Estimated area of ungrouped synthetic parts
-------------------------------------------
                                       Estimated  Perc. of
  Module               Implem.  Count       Area cell area
  -------------------- -------  ----- ---------- ---------
  DP_OP_684J1_126_2455     str      1  1227.0507      6.4%
  DP_OP_685J1_127_2455     str      1  1227.0507      6.4%
  DP_OP_686J1_128_2455     str      1  1227.0507      6.4%
  DP_OP_687J1_129_2455     str      1  1227.0507      6.4%
  DW_cmp               apparch     14   825.1116      4.3%
  -------------------- -------  ----- ---------- ---------
  DP_OP Subtotal:                   4  4908.2026     25.7%
  Total:                           18  5733.3142     30.0%

Subtotal of datapath(DP_OP) cell area:  4908.2026  25.7%  (estimated)
Total synthetic cell area:              5733.3142  30.0%  (estimated)

1
