 
****************************************
Report : area
Design : dist_sort
Version: V-2023.12-SP5
Date   : Mon Nov 25 20:08:39 2024
****************************************

Library(s) Used:

    asap7sc7p5t_22b_SIMPLE_RVT_TT_170906 (File: /classes/ece5746/asap7libs/ldbs/asap7sc7p5t_22b_SIMPLE_RVT_TT_170906.ldb)
    asap7sc7p5t_22b_OA_RVT_TT_170906 (File: /classes/ece5746/asap7libs/ldbs/asap7sc7p5t_22b_OA_RVT_TT_170906.ldb)
    asap7sc7p5t_22b_AO_RVT_TT_170906 (File: /classes/ece5746/asap7libs/ldbs/asap7sc7p5t_22b_AO_RVT_TT_170906.ldb)
    asap7sc7p5t_22b_INVBUF_RVT_TT_170906 (File: /classes/ece5746/asap7libs/ldbs/asap7sc7p5t_22b_INVBUF_RVT_TT_170906.ldb)
    asap7sc7p5t_22b_SEQ_RVT_TT_170906 (File: /classes/ece5746/asap7libs/ldbs/asap7sc7p5t_22b_SEQ_RVT_TT_170906.ldb)

Number of ports:                          586
Number of nets:                         11632
Number of cells:                         9527
Number of combinational cells:           9520
Number of sequential cells:                 7
Number of macros/black boxes:               0
Number of buf/inv:                       2595
Number of references:                      83

Combinational area:              14991.039248
Buf/Inv area:                     2067.560658
Noncombinational area:              42.456960
Macro/Black Box area:                0.000000
Net Interconnect area:      undefined  (No wire load specified)

Total cell area:                 15033.496207
Total area:                 undefined

Hierarchical area distribution
------------------------------

                                  Global cell area            Local cell area
                                  -------------------  ----------------------------- 
Hierarchical cell                 Absolute    Percent  Combi-      Noncombi-  Black-
                                  Total       Total    national    national   boxes   Design
--------------------------------  ----------  -------  ----------  ---------  ------  ---------
dist_sort                         15033.4962    100.0  14991.0392    42.4570  0.0000  dist_sort
--------------------------------  ----------  -------  ----------  ---------  ------  ---------
Total                                                  14991.0392    42.4570  0.0000


Area of detected synthetic parts
--------------------------------
  No DW parts to report!

Estimated area of ungrouped synthetic parts
-------------------------------------------
                                       Estimated  Perc. of
  Module               Implem.  Count       Area cell area
  -------------------- -------  ----- ---------- ---------
  DP_OP_682J1_124_2455     str      1  1533.1069     10.2%
  DP_OP_683J1_125_2455     str      1  1227.0510      8.2%
  DP_OP_684J1_126_2455     str      1  1227.0510      8.2%
  DP_OP_685J1_127_2455     str      1  1227.0511      8.2%
  DP_OP_686J1_128_2455     str      1  1227.0510      8.2%
  DP_OP_687J1_129_2455     str      1  1227.0511      8.2%
  DW_cmp               apparch     14   825.1116      5.5%
  -------------------- -------  ----- ---------- ---------
  DP_OP Subtotal:                   6  7668.3623     51.0%
  Total:                           20  8493.4739     56.5%

Subtotal of datapath(DP_OP) cell area:  7668.3623  51.0%  (estimated)
Total synthetic cell area:              8493.4739  56.5%  (estimated)

1
