###############################################################
#  Generated by:      Cadence Innovus 23.12-s091_1
#  OS:                Linux x86_64(Host ID ecelinux-16.ece.cornell.edu)
#  Generated on:      Tue Nov 26 21:13:39 2024
#  Design:            dist_sort
#  Command:           verify_drc -report ./dist_sort.geom.rpt
###############################################################

MAR: ( Minimum Area ) Regular Wire of Net CTS_1  ( M1 )
Bounds : ( 188.604, 152.776 ) ( 188.676, 152.864 )


MAR: ( Minimum Area ) Regular Wire of Net CTS_1  ( M1 )
Bounds : ( 188.604, 153.136 ) ( 188.676, 153.224 )


SHORT: ( Metal Short ) Regular Wire of Net CTS_1 & Blockage of Cell in_valid_reg_reg  ( M1 )
Bounds : ( 188.604, 152.820 ) ( 188.676, 152.864 )


SHORT: ( Metal Short ) Regular Wire of Net CTS_1 & Blockage of Cell addr_1st_reg_2_  ( M1 )
Bounds : ( 188.604, 153.136 ) ( 188.676, 153.180 )


SPACING: ( ParallelRunLength Spacing ) Regular Wire of Net CTS_1 & Blockage of Cell in_valid_reg_reg  ( M1 )
Bounds : ( 188.568, 152.776 ) ( 188.604, 152.864 )


SPACING: ( ParallelRunLength Spacing ) Regular Wire of Net CTS_1 & Blockage of Cell addr_1st_reg_2_  ( M1 )
Bounds : ( 188.568, 153.136 ) ( 188.604, 153.224 )


SPACING: ( ParallelRunLength Spacing ) Regular Wire of Net CTS_1 & Pin of Cell in_valid_reg_reg  ( M1 )
Bounds : ( 188.676, 152.720 ) ( 188.712, 152.776 )


SPACING: ( ParallelRunLength Spacing ) Regular Wire of Net CTS_1 & Pin of Cell addr_1st_reg_2_  ( M1 )
Bounds : ( 188.676, 153.224 ) ( 188.712, 153.280 )


MAR: ( Minimum Area ) Regular Wire of Net CTS_1  ( M1 )
Bounds : ( 188.604, 129.376 ) ( 188.676, 129.464 )


MAR: ( Minimum Area ) Regular Wire of Net CTS_1  ( M1 )
Bounds : ( 188.712, 126.280 ) ( 188.784, 126.368 )


MAR: ( Minimum Area ) Regular Wire of Net CTS_1  ( M1 )
Bounds : ( 189.036, 127.216 ) ( 189.108, 127.304 )


MAR: ( Minimum Area ) Regular Wire of Net CTS_1  ( M1 )
Bounds : ( 189.144, 146.800 ) ( 189.216, 146.888 )


SHORT: ( Metal Short ) Regular Wire of Net CTS_1 & Pin of Cell U6655  ( M1 )
Bounds : ( 188.604, 129.376 ) ( 188.676, 129.420 )


SHORT: ( Metal Short ) Regular Wire of Net CTS_1 & Blockage of Cell addr_1st_reg_reg_2_  ( M1 )
Bounds : ( 188.712, 126.280 ) ( 188.784, 126.368 )


SHORT: ( Metal Short ) Regular Wire of Net CTS_1 & Pin of Cell addr_1st_reg_reg_1_  ( M1 )
Bounds : ( 189.036, 127.216 ) ( 189.076, 127.260 )


SHORT: ( Metal Short ) Regular Wire of Net CTS_1 & Pin of Cell U7047  ( M1 )
Bounds : ( 189.144, 146.800 ) ( 189.216, 146.888 )


SPACING: ( ParallelRunLength Spacing ) Regular Wire of Net CTS_1 & Pin of Cell U6655  ( M1 )
Bounds : ( 188.676, 129.420 ) ( 188.712, 129.464 )


SPACING: ( ParallelRunLength Spacing ) Regular Wire of Net CTS_1 & Pin of Cell addr_1st_reg_reg_1_  ( M1 )
Bounds : ( 189.000, 127.260 ) ( 189.036, 127.304 )


EndOfLine: ( EndOfLine Keepout ) Regular Wire of Net CTS_1 & Pin of Cell FE_OCPC3992_n4659  ( M1 )
Bounds : ( 189.076, 119.196 ) ( 189.144, 119.240 )


MAR: ( Minimum Area ) Regular Wire of Net CTS_1  ( M1 )
Bounds : ( 188.712, 121.960 ) ( 188.784, 122.048 )


MAR: ( Minimum Area ) Regular Wire of Net CTS_1  ( M1 )
Bounds : ( 189.144, 119.152 ) ( 189.216, 119.240 )


EndOfLine: ( EndOfLine Keepout ) Regular Wire of Net CTS_1 & Blockage of Cell FE_OCPC3992_n4659  ( M1 )
Bounds : ( 189.144, 119.240 ) ( 189.216, 119.340 )


SHORT: ( Metal Short ) Regular Wire of Net CTS_1 & Pin of Cell U6872  ( M1 )
Bounds : ( 188.712, 121.960 ) ( 188.784, 122.048 )


SPACING: ( ParallelRunLength Spacing ) Regular Wire of Net CTS_1 & Pin of Cell FE_OCPC3992_n4659  ( M1 )
Bounds : ( 189.076, 119.196 ) ( 189.144, 119.240 )


SPACING: ( ParallelRunLength Spacing ) Regular Wire of Net CTS_1 & Blockage of Cell FE_OCPC3992_n4659  ( M1 )
Bounds : ( 189.216, 119.124 ) ( 189.252, 119.152 )


SPACING: ( ParallelRunLength Spacing ) Regular Wire of Net CTS_1 & Blockage of Cell FE_OCPC3992_n4659  ( M1 )
Bounds : ( 189.216, 119.152 ) ( 189.252, 119.240 )


EndOfLine: ( EndOfLine Keepout ) Regular Wire of Net CTS_1 & Pin of Cell U1556  ( M1 )
Bounds : ( 189.036, 114.948 ) ( 189.076, 114.976 )


MAR: ( Minimum Area ) Regular Wire of Net CTS_1  ( M1 )
Bounds : ( 188.712, 115.480 ) ( 188.784, 115.568 )


MAR: ( Minimum Area ) Regular Wire of Net CTS_1  ( M1 )
Bounds : ( 188.712, 117.640 ) ( 188.784, 117.728 )


MAR: ( Minimum Area ) Regular Wire of Net CTS_1  ( M1 )
Bounds : ( 189.036, 114.976 ) ( 189.108, 115.064 )


EndOfLine: ( EndOfLine Keepout ) Regular Wire of Net CTS_1 & Pin of Cell U1556  ( M1 )
Bounds : ( 188.932, 115.020 ) ( 189.036, 115.064 )


EndOfLine: ( EndOfLine Keepout ) Regular Wire of Net CTS_1 & Special Wire of Net vdd  ( M1 )
Bounds : ( 189.036, 115.064 ) ( 189.108, 115.164 )


SHORT: ( Metal Short ) Regular Wire of Net CTS_1 & Pin of Cell U6659  ( M1 )
Bounds : ( 188.712, 115.480 ) ( 188.784, 115.568 )


SHORT: ( Metal Short ) Regular Wire of Net CTS_1 & Pin of Cell addr_2nd_reg_1_  ( M1 )
Bounds : ( 188.712, 117.640 ) ( 188.784, 117.728 )


SHORT: ( Metal Short ) Regular Wire of Net CTS_1 & Blockage of Cell addr_2nd_reg_1_  ( M2 )
Bounds : ( 188.692, 117.648 ) ( 188.840, 117.720 )


SPACING: ( ParallelRunLength Spacing ) Regular Wire of Net CTS_1 & Pin of Cell U1556  ( M1 )
Bounds : ( 189.000, 114.948 ) ( 189.036, 114.976 )


SPACING: ( ParallelRunLength Spacing ) Regular Wire of Net CTS_1 & Pin of Cell U1556  ( M1 )
Bounds : ( 189.036, 114.948 ) ( 189.076, 114.976 )


SHORT: ( Metal Short ) Regular Wire of Net search_5[2] & Regular Wire of Net search_7[20]  ( M2 )
Bounds : ( 9.592, 192.924 ) ( 10.136, 192.996 )


SHORT: ( Metal Short ) Regular Wire of Net FE_PHN4133_search_7_1 & Regular Wire of Net FE_PHN4722_search_6_5  ( M2 )
Bounds : ( 10.024, 192.312 ) ( 10.712, 192.384 )


EndOfLine: ( EndOfLine Spacing ) Regular Wire of Net search_7[17] & Blockage of Cell search_7_reg_reg_1_  ( M2 )
Bounds : ( 10.496, 192.744 ) ( 10.600, 192.816 )


SHORT: ( Metal Short ) Regular Wire of Net FE_PHN4971_search_7_35 & Regular Wire of Net search_7[4]  ( M2 )
Bounds : ( 9.448, 188.604 ) ( 10.280, 188.676 )


SHORT: ( Metal Short ) Regular Wire of Net FE_PHN4699_search_7_51 & Regular Wire of Net FE_PHN4842_search_7_59  ( M2 )
Bounds : ( 9.592, 189.684 ) ( 10.280, 189.756 )


SHORT: ( Metal Short ) Regular Wire of Net search_7[33] & Regular Wire of Net FE_PHN4143_search_7_9  ( M2 )
Bounds : ( 10.168, 190.152 ) ( 10.568, 190.224 )


EndOfLine: ( EndOfLine Spacing ) Regular Wire of Net FE_PHN4971_search_7_35 & Regular Wire of Net FE_PHN4143_search_7_9  ( M2 )
Bounds : ( 9.560, 190.152 ) ( 9.628, 190.224 )


EndOfLine: ( EndOfLine Spacing ) Regular Wire of Net CTS_3 & Regular Wire of Net search_7[33]  ( M3 )
Bounds : ( 10.188, 190.532 ) ( 10.260, 190.564 )


SPACING: ( ParallelRunLength Spacing ) Regular Wire of Net FE_PHN4971_search_7_35 & Regular Wire of Net FE_PHN4143_search_7_9  ( M2 )
Bounds : ( 9.560, 190.152 ) ( 9.628, 190.224 )


SPACING: ( ParallelRunLength Spacing ) Regular Wire of Net search_7[33] & Regular Wire of Net search_7[35]  ( M3 )
Bounds : ( 10.188, 190.532 ) ( 10.260, 190.564 )


SHORT: ( Metal Short ) Regular Wire of Net search_6[52] & Regular Wire of Net search_7[35]  ( M2 )
Bounds : ( 9.736, 190.584 ) ( 10.280, 190.656 )


SHORT: ( Metal Short ) Regular Wire of Net FE_PHN4849_search_7_31 & Regular Wire of Net search_7[13]  ( M2 )
Bounds : ( 9.592, 182.124 ) ( 10.280, 182.196 )


SHORT: ( Metal Short ) Regular Wire of Net search_7[8] & Regular Wire of Net FE_PHN4863_search_7_39  ( M2 )
Bounds : ( 9.736, 185.364 ) ( 10.424, 185.436 )


EndOfLine: ( EndOfLine Spacing ) Regular Wire of Net FE_OFN6_rst & Regular Wire of Net search_7[22]  ( M2 )
Bounds : ( 9.092, 186.768 ) ( 9.160, 186.840 )


SPACING: ( ParallelRunLength Spacing ) Regular Wire of Net FE_OFN6_rst & Regular Wire of Net search_7[34]  ( M2 )
Bounds : ( 9.092, 186.768 ) ( 9.160, 186.840 )


SHORT: ( Metal Short ) Regular Wire of Net FE_PHN4869_search_7_49 & Regular Wire of Net search_7[28]  ( M2 )
Bounds : ( 9.880, 178.884 ) ( 10.712, 178.956 )


SHORT: ( Metal Short ) Regular Wire of Net search_7[29] & Regular Wire of Net FE_PHN4843_search_7_41  ( M2 )
Bounds : ( 9.880, 181.044 ) ( 10.424, 181.116 )


SHORT: ( Metal Short ) Regular Wire of Net search_7[41] & Regular Wire of Net search_6[3]  ( M2 )
Bounds : ( 9.592, 175.644 ) ( 10.712, 175.716 )


SHORT: ( Metal Short ) Regular Wire of Net search_7[24] & Regular Wire of Net search_7[42]  ( M2 )
Bounds : ( 9.592, 177.804 ) ( 10.568, 177.876 )


EndOfLine: ( EndOfLine Spacing ) Regular Wire of Net search_6[3] & Blockage of Cell search_7_reg_reg_23_  ( M2 )
Bounds : ( 11.900, 177.408 ) ( 12.004, 177.480 )


EndOfLine: ( EndOfLine Spacing ) Regular Wire of Net search_7[24] & Regular Wire of Net search_6[3]  ( M3 )
Bounds : ( 9.612, 175.736 ) ( 9.684, 175.804 )


SPACING: ( ParallelRunLength Spacing ) Regular Wire of Net search_6[3] & Regular Wire of Net search_7[24]  ( M3 )
Bounds : ( 9.612, 175.736 ) ( 9.684, 175.804 )


SHORT: ( Metal Short ) Regular Wire of Net n598 & Regular Wire of Net search_5_reg[11]  ( M2 )
Bounds : ( 29.896, 150.804 ) ( 31.160, 150.876 )


SHORT: ( Metal Short ) Regular Wire of Net n598 & Regular Wire of Net search_6_reg[61]  ( M3 )
Bounds : ( 29.916, 150.604 ) ( 29.988, 150.896 )


EndOfLine: ( EndOfLine Keepout ) Regular Wire of Net FE_PHN4885_search_7_57 & Regular Wire of Net search_7[59]  ( M3 )
Bounds : ( 9.612, 172.316 ) ( 9.684, 172.384 )


SHORT: ( Metal Short ) Regular Wire of Net search_7[37] & Regular Wire of Net search_7[49]  ( M2 )
Bounds : ( 9.880, 174.564 ) ( 10.712, 174.636 )


SHORT: ( Metal Short ) Regular Wire of Net search_7[48] & Regular Wire of Net search_7[59]  ( M2 )
Bounds : ( 10.024, 172.404 ) ( 10.568, 172.476 )


EndOfLine: ( EndOfLine Spacing ) Regular Wire of Net search_7[42] & Blockage of Cell search_7_reg_reg_45_  ( M2 )
Bounds : ( 8.552, 172.656 ) ( 8.656, 172.728 )


SPACING: ( ParallelRunLength Spacing ) Regular Wire of Net FE_PHN4885_search_7_57 & Regular Wire of Net search_7[59]  ( M3 )
Bounds : ( 9.612, 172.316 ) ( 9.684, 172.384 )


SHORT: ( Metal Short ) Regular Wire of Net search_7[38] & Regular Wire of Net search_7[45]  ( M2 )
Bounds : ( 9.592, 169.164 ) ( 10.712, 169.236 )


SHORT: ( Metal Short ) Regular Wire of Net FE_PHN4885_search_7_57 & Regular Wire of Net FE_PHN4870_search_7_45  ( M2 )
Bounds : ( 9.592, 171.324 ) ( 10.568, 171.396 )


SHORT: ( Metal Short ) Regular Wire of Net search_7[52] & Regular Wire of Net search_7[44]  ( M2 )
Bounds : ( 10.024, 170.244 ) ( 10.856, 170.316 )


SHORT: ( Metal Short ) Regular Wire of Net search_6[36] & Regular Wire of Net search_7[56]  ( M2 )
Bounds : ( 9.448, 165.924 ) ( 11.288, 165.996 )


SHORT: ( Metal Short ) Regular Wire of Net search_6[6] & Regular Wire of Net search_7[57]  ( M2 )
Bounds : ( 9.592, 168.084 ) ( 10.712, 168.156 )


SHORT: ( Metal Short ) Regular Wire of Net FE_PHN4701_search_7_50 & Regular Wire of Net search_6[63]  ( M2 )
Bounds : ( 9.736, 167.004 ) ( 10.856, 167.076 )


EndOfLine: ( EndOfLine Spacing ) Regular Wire of Net search_7[63] & Blockage of Cell search_6_reg_reg_33_  ( M2 )
Bounds : ( 8.552, 166.176 ) ( 8.656, 166.248 )


SHORT: ( Metal Short ) Regular Wire of Net search_5[58] & Regular Wire of Net search_6[0]  ( M2 )
Bounds : ( 10.744, 164.844 ) ( 11.000, 164.916 )


SHORT: ( Metal Short ) Regular Wire of Net search_6[14] & Regular Wire of Net FE_PHN4729_search_6_51  ( M2 )
Bounds : ( 9.592, 156.204 ) ( 10.568, 156.276 )


SHORT: ( Metal Short ) Regular Wire of Net FE_OFN37_rst & Regular Wire of Net search_7[62]  ( M2 )
Bounds : ( 10.276, 159.912 ) ( 10.424, 159.984 )


SHORT: ( Metal Short ) Regular Wire of Net FE_PHN4739_search_6_40 & Regular Wire of Net FE_OFN17_rst  ( M2 )
Bounds : ( 10.456, 152.352 ) ( 10.604, 152.424 )


EndOfLine: ( EndOfLine Spacing ) Regular Wire of Net search_5_reg[33] & Regular Wire of Net search_5_reg[15]  ( M2 )
Bounds : ( 29.576, 147.888 ) ( 29.608, 147.960 )


SPACING: ( ParallelRunLength Spacing ) Regular Wire of Net search_5_reg[33] & Regular Wire of Net n558  ( M2 )
Bounds : ( 29.576, 147.888 ) ( 29.608, 147.960 )


SHORT: ( Metal Short ) Regular Wire of Net FE_OFN15_rst & Regular Wire of Net search_5_reg[41]  ( M2 )
Bounds : ( 20.680, 141.084 ) ( 21.080, 141.156 )


SHORT: ( Metal Short ) Regular Wire of Net search_5[4] & Regular Wire of Net search_5[22]  ( M2 )
Bounds : ( 20.824, 143.244 ) ( 21.224, 143.316 )


EndOfLine: ( EndOfLine Spacing ) Regular Wire of Net n591 & Blockage of Cell search_5_reg_reg_9_  ( M2 )
Bounds : ( 21.188, 149.328 ) ( 21.292, 149.400 )


SHORT: ( Metal Short ) Regular Wire of Net search_5[30] & Regular Wire of Net search_4[48]  ( M2 )
Bounds : ( 9.592, 143.568 ) ( 9.848, 143.640 )


SHORT: ( Metal Short ) Regular Wire of Net search_5[27] & Regular Wire of Net FE_PHN4987_search_6_41  ( M2 )
Bounds : ( 10.024, 138.924 ) ( 11.000, 138.996 )


SHORT: ( Metal Short ) Regular Wire of Net search_5[46] & Regular Wire of Net search_5[18]  ( M2 )
Bounds : ( 10.024, 140.184 ) ( 11.144, 140.256 )


SHORT: ( Metal Short ) Regular Wire of Net FE_PHN4924_search_5_55 & Regular Wire of Net search_5[20]  ( M2 )
Bounds : ( 10.888, 141.084 ) ( 11.144, 141.156 )


EndOfLine: ( EndOfLine Spacing ) Regular Wire of Net FE_PHN4315_search_5_13 & Regular Wire of Net search_4[48]  ( M2 )
Bounds : ( 10.388, 143.712 ) ( 10.492, 143.784 )


SHORT: ( Metal Short ) Regular Wire of Net search_4[47] & Regular Wire of Net FE_PHN4967_search_4_14  ( M2 )
Bounds : ( 9.880, 136.440 ) ( 10.712, 136.512 )


SHORT: ( Metal Short ) Regular Wire of Net search_5[26] & Regular Wire of Net search_5[42]  ( M2 )
Bounds : ( 10.312, 136.296 ) ( 10.856, 136.368 )


EndOfLine: ( EndOfLine Spacing ) Regular Wire of Net FE_PHN4700_search_5_37 & Regular Wire of Net FE_PHN4792_search_5_38  ( M2 )
Bounds : ( 9.956, 136.152 ) ( 10.024, 136.224 )


SPACING: ( ParallelRunLength Spacing ) Regular Wire of Net FE_PHN4700_search_5_37 & Regular Wire of Net rst  ( M2 )
Bounds : ( 9.956, 136.152 ) ( 10.024, 136.224 )


SHORT: ( Metal Short ) Regular Wire of Net search_4[0] & Regular Wire of Net search_4[9]  ( M2 )
Bounds : ( 9.448, 131.364 ) ( 10.568, 131.436 )


SHORT: ( Metal Short ) Regular Wire of Net search_4[40] & Regular Wire of Net search_5[62]  ( M2 )
Bounds : ( 9.448, 132.444 ) ( 11.000, 132.516 )


SHORT: ( Metal Short ) Regular Wire of Net search_4[10] & Regular Wire of Net search_4[20]  ( M2 )
Bounds : ( 9.592, 129.960 ) ( 10.136, 130.032 )


SHORT: ( Metal Short ) Regular Wire of Net search_4[8] & Regular Wire of Net search_5[36]  ( M2 )
Bounds : ( 9.736, 130.284 ) ( 10.568, 130.356 )


EndOfLine: ( EndOfLine Spacing ) Regular Wire of Net FE_PHN5070_search_5_53 & Regular Wire of Net search_4[27]  ( M2 )
Bounds : ( 9.956, 129.816 ) ( 10.024, 129.888 )


SPACING: ( ParallelRunLength Spacing ) Regular Wire of Net FE_PHN5070_search_5_53 & Regular Wire of Net search_4[20]  ( M2 )
Bounds : ( 9.956, 129.816 ) ( 10.024, 129.888 )


SHORT: ( Metal Short ) Regular Wire of Net search_4[18] & Regular Wire of Net search_4[16]  ( M2 )
Bounds : ( 9.880, 127.044 ) ( 10.568, 127.116 )


SHORT: ( Metal Short ) Regular Wire of Net search_5[56] & Regular Wire of Net search_4[7]  ( M2 )
Bounds : ( 10.024, 125.964 ) ( 11.000, 126.036 )


SHORT: ( Metal Short ) Regular Wire of Net search_4_reg[27] & Regular Wire of Net n670  ( M2 )
Bounds : ( 30.472, 118.404 ) ( 31.160, 118.476 )


EndOfLine: ( EndOfLine Keepout ) Regular Wire of Net search_4_reg[27] & Regular Wire of Net n638  ( M2 )
Bounds : ( 30.584, 117.324 ) ( 30.616, 117.396 )


EndOfLine: ( EndOfLine Keepout ) Regular Wire of Net n722 & Regular Wire of Net search_4_reg[41]  ( M2 )
Bounds : ( 30.296, 115.164 ) ( 30.328, 115.236 )


SHORT: ( Metal Short ) Regular Wire of Net FE_PHN4906_search_4_7 & Regular Wire of Net n692  ( M2 )
Bounds : ( 30.616, 114.084 ) ( 31.160, 114.156 )


SHORT: ( Metal Short ) Regular Wire of Net n722 & Regular Wire of Net n702  ( M2 )
Bounds : ( 31.336, 115.344 ) ( 31.592, 115.416 )


SPACING: ( ParallelRunLength Spacing ) Regular Wire of Net n722 & Regular Wire of Net search_4_reg[41]  ( M2 )
Bounds : ( 30.296, 115.164 ) ( 30.328, 115.236 )


SPACING: ( ParallelRunLength Spacing ) Regular Wire of Net search_4_reg[27] & Regular Wire of Net n638  ( M2 )
Bounds : ( 30.584, 117.324 ) ( 30.616, 117.396 )


SHORT: ( Metal Short ) Regular Wire of Net search_4_reg[31] & Regular Wire of Net search_4_reg[23]  ( M2 )
Bounds : ( 30.760, 111.924 ) ( 31.304, 111.996 )


SHORT: ( Metal Short ) Regular Wire of Net search_4[50] & Regular Wire of Net search_4[26]  ( M2 )
Bounds : ( 9.736, 123.804 ) ( 10.568, 123.876 )


SHORT: ( Metal Short ) Regular Wire of Net FE_PHN5098_search_4_27 & Regular Wire of Net FE_PHN4587_search_2_0  ( M2 )
Bounds : ( 9.880, 122.724 ) ( 10.712, 122.796 )


SHORT: ( Metal Short ) Regular Wire of Net search_4[34] & Regular Wire of Net search_2[24]  ( M2 )
Bounds : ( 9.592, 119.484 ) ( 10.424, 119.556 )


SHORT: ( Metal Short ) Regular Wire of Net search_4[12] & Regular Wire of Net FE_PHN5091_search_4_33  ( M2 )
Bounds : ( 9.736, 121.644 ) ( 10.712, 121.716 )


SHORT: ( Metal Short ) Regular Wire of Net FE_PHN5081_search_4_49 & Regular Wire of Net FE_PHN4872_search_4_42  ( M2 )
Bounds : ( 9.880, 120.564 ) ( 10.712, 120.636 )


SHORT: ( Metal Short ) Regular Wire of Net search_4[22] & Regular Wire of Net search_4[23]  ( M2 )
Bounds : ( 9.448, 118.404 ) ( 10.712, 118.476 )


SHORT: ( Metal Short ) Regular Wire of Net search_2[11] & Regular Wire of Net search_4[32]  ( M2 )
Bounds : ( 9.592, 117.324 ) ( 10.568, 117.396 )


EndOfLine: ( EndOfLine Spacing ) Regular Wire of Net FE_PHN5097_search_4_39 & Regular Wire of Net search_2[11]  ( M3 )
Bounds : ( 8.460, 115.868 ) ( 8.532, 115.900 )


SPACING: ( ParallelRunLength Spacing ) Regular Wire of Net search_2[11] & Regular Wire of Net search_4[28]  ( M3 )
Bounds : ( 8.460, 115.868 ) ( 8.532, 115.900 )


SHORT: ( Metal Short ) Regular Wire of Net search_4[39] & Regular Wire of Net FE_PHN4904_search_4_28  ( M2 )
Bounds : ( 9.592, 115.344 ) ( 9.992, 115.416 )


SHORT: ( Metal Short ) Regular Wire of Net search_4[30] & Regular Wire of Net search_4[37]  ( M2 )
Bounds : ( 9.448, 115.488 ) ( 9.524, 115.560 )


SHORT: ( Metal Short ) Regular Wire of Net FE_PHN4902_search_4_29 & Regular Wire of Net search_3[38]  ( M2 )
Bounds : ( 9.592, 113.004 ) ( 10.136, 113.076 )


SHORT: ( Metal Short ) Regular Wire of Net search_3[1] & Regular Wire of Net search_3[3]  ( M2 )
Bounds : ( 9.016, 107.424 ) ( 10.568, 107.496 )


SHORT: ( Metal Short ) Regular Wire of Net search_4[58] & Regular Wire of Net FE_PHN4903_search_4_31  ( M2 )
Bounds : ( 9.448, 111.924 ) ( 10.424, 111.996 )


SHORT: ( Metal Short ) Regular Wire of Net FE_PHN4764_search_4_36 & Regular Wire of Net search_3[24]  ( M2 )
Bounds : ( 9.736, 110.844 ) ( 10.280, 110.916 )


SHORT: ( Metal Short ) Regular Wire of Net search_3[61] & Regular Wire of Net search_3[21]  ( M2 )
Bounds : ( 9.736, 100.656 ) ( 10.568, 100.728 )


SHORT: ( Metal Short ) Regular Wire of Net search_3[61] & Regular Wire of Net search_3[40]  ( M2 )
Bounds : ( 10.744, 100.944 ) ( 11.000, 101.016 )


SHORT: ( Metal Short ) Regular Wire of Net search_3[32] & Regular Wire of Net search_3[62]  ( M2 )
Bounds : ( 9.736, 105.444 ) ( 10.280, 105.516 )


SHORT: ( Metal Short ) Regular Wire of Net search_3[26] & Regular Wire of Net search_3[57]  ( M2 )
Bounds : ( 10.168, 102.024 ) ( 10.568, 102.096 )


MAR: ( Minimum Area ) Regular Wire of Net CTS_8  ( M1 )
Bounds : ( 27.144, 80.920 ) ( 27.216, 81.008 )


EndOfLine: ( EndOfLine Keepout ) Regular Wire of Net CTS_8 & Blockage of Cell query_reg_reg_3_  ( M1 )
Bounds : ( 27.208, 81.008 ) ( 27.216, 81.052 )


EndOfLine: ( EndOfLine Spacing ) Regular Wire of Net CTS_8 & Blockage of Cell query_reg_reg_3_  ( M2 )
Bounds : ( 27.236, 80.928 ) ( 27.340, 81.000 )


SPACING: ( ParallelRunLength Spacing ) Regular Wire of Net CTS_8 & Pin of Cell query_reg_reg_3_  ( M1 )
Bounds : ( 27.108, 80.920 ) ( 27.144, 80.992 )


SPACING: ( ParallelRunLength Spacing ) Regular Wire of Net CTS_8 & Blockage of Cell query_reg_reg_3_  ( M1 )
Bounds : ( 27.208, 81.008 ) ( 27.216, 81.052 )


SHORT: ( Metal Short ) Regular Wire of Net search_3[45] & Regular Wire of Net search_3[31]  ( M2 )
Bounds : ( 10.312, 98.064 ) ( 10.856, 98.136 )


SHORT: ( Metal Short ) Regular Wire of Net search_3[45] & Regular Wire of Net search_3[51]  ( M2 )
Bounds : ( 10.744, 97.884 ) ( 11.144, 97.956 )


EndOfLine: ( EndOfLine Spacing ) Regular Wire of Net search_3[31] & Regular Wire of Net rst  ( M2 )
Bounds : ( 10.424, 98.208 ) ( 10.492, 98.280 )


SPACING: ( ParallelRunLength Spacing ) Regular Wire of Net search_3[31] & Regular Wire of Net rst  ( M2 )
Bounds : ( 10.424, 98.208 ) ( 10.492, 98.280 )


SHORT: ( Metal Short ) Regular Wire of Net search_3[35] & Regular Wire of Net search_3[43]  ( M2 )
Bounds : ( 9.592, 94.644 ) ( 11.000, 94.716 )


SHORT: ( Metal Short ) Regular Wire of Net search_3[49] & Regular Wire of Net search_2[27]  ( M2 )
Bounds : ( 9.880, 95.724 ) ( 11.000, 95.796 )


SHORT: ( Metal Short ) Regular Wire of Net FE_PHN4570_search_2_3 & Regular Wire of Net search_3[48]  ( M2 )
Bounds : ( 9.880, 96.804 ) ( 10.712, 96.876 )


SHORT: ( Metal Short ) Regular Wire of Net FE_PHN4156_search_3_54 & Regular Wire of Net search_3[7]  ( M2 )
Bounds : ( 9.880, 92.484 ) ( 10.712, 92.556 )


SHORT: ( Metal Short ) Regular Wire of Net search_3[18] & Regular Wire of Net FE_PHN5116_search_2_27  ( M2 )
Bounds : ( 9.880, 93.564 ) ( 11.000, 93.636 )


SHORT: ( Metal Short ) Regular Wire of Net search_2[4] & Regular Wire of Net FE_PHN4619_search_1_8  ( M2 )
Bounds : ( 10.024, 87.984 ) ( 10.712, 88.056 )


SHORT: ( Metal Short ) Regular Wire of Net search_3[46] & Regular Wire of Net search_3[63]  ( M2 )
Bounds : ( 10.024, 90.324 ) ( 11.000, 90.396 )


SHORT: ( Metal Short ) Regular Wire of Net search_2[8] & Regular Wire of Net FE_PHN4579_search_2_15  ( M2 )
Bounds : ( 10.312, 86.004 ) ( 10.856, 86.076 )


SHORT: ( Metal Short ) Regular Wire of Net search_2[17] & Regular Wire of Net FE_PHN5028_search_3_37  ( M2 )
Bounds : ( 10.708, 86.616 ) ( 10.712, 86.688 )


EndOfLine: ( EndOfLine Spacing ) Regular Wire of Net search_2[4] & Regular Wire of Net FE_PHN4585_search_1_19  ( M2 )
Bounds : ( 10.136, 85.824 ) ( 10.168, 85.896 )


SPACING: ( ParallelRunLength Spacing ) Regular Wire of Net search_2[4] & Regular Wire of Net search_2[47]  ( M2 )
Bounds : ( 10.136, 85.824 ) ( 10.168, 85.896 )


SHORT: ( Metal Short ) Regular Wire of Net search_2[43] & Regular Wire of Net search_2[37]  ( M2 )
Bounds : ( 9.448, 77.364 ) ( 10.712, 77.436 )


SHORT: ( Metal Short ) Regular Wire of Net search_2[54] & Regular Wire of Net FE_PHN5055_search_2_57  ( M2 )
Bounds : ( 9.592, 78.444 ) ( 10.712, 78.516 )


MAR: ( Minimum Area ) Regular Wire of Net CTS_8  ( M1 )
Bounds : ( 26.172, 64.216 ) ( 26.244, 64.304 )


SHORT: ( Metal Short ) Regular Wire of Net CTS_8 & Blockage of Cell query_reg_reg_15_  ( M1 )
Bounds : ( 26.172, 64.260 ) ( 26.244, 64.304 )


SPACING: ( ParallelRunLength Spacing ) Regular Wire of Net CTS_8 & Blockage of Cell query_reg_reg_15_  ( M1 )
Bounds : ( 26.244, 64.216 ) ( 26.280, 64.304 )


SPACING: ( ParallelRunLength Spacing ) Regular Wire of Net CTS_8 & Blockage of Cell query_reg_reg_8_  ( M1 )
Bounds : ( 38.008, 52.148 ) ( 38.016, 52.192 )


SPACING: ( ParallelRunLength Spacing ) Regular Wire of Net CTS_8 & Pin of Cell query_reg_reg_8_  ( M1 )
Bounds : ( 37.908, 52.208 ) ( 37.944, 52.280 )


EndOfLine: ( EndOfLine Spacing ) Regular Wire of Net CTS_8 & Blockage of Cell search_1_reg_reg_46_  ( M2 )
Bounds : ( 46.676, 56.520 ) ( 46.780, 56.592 )


EndOfLine: ( EndOfLine Spacing ) Regular Wire of Net CTS_8 & Blockage of Cell query_reg_reg_8_  ( M2 )
Bounds : ( 38.036, 52.200 ) ( 38.140, 52.272 )


MAR: ( Minimum Area ) Regular Wire of Net CTS_8  ( M1 )
Bounds : ( 37.944, 52.192 ) ( 38.016, 52.280 )


MAR: ( Minimum Area ) Regular Wire of Net CTS_8  ( M1 )
Bounds : ( 46.584, 56.512 ) ( 46.656, 56.600 )


EndOfLine: ( EndOfLine Keepout ) Regular Wire of Net CTS_8 & Blockage of Cell query_reg_reg_8_  ( M1 )
Bounds : ( 38.008, 52.148 ) ( 38.016, 52.192 )


EndOfLine: ( EndOfLine Keepout ) Regular Wire of Net CTS_8 & Blockage of Cell search_1_reg_reg_46_  ( M1 )
Bounds : ( 46.648, 56.468 ) ( 46.656, 56.512 )


SPACING: ( ParallelRunLength Spacing ) Regular Wire of Net CTS_8 & Pin of Cell search_1_reg_reg_46_  ( M1 )
Bounds : ( 46.548, 56.528 ) ( 46.584, 56.600 )


SPACING: ( ParallelRunLength Spacing ) Regular Wire of Net CTS_8 & Blockage of Cell search_1_reg_reg_46_  ( M1 )
Bounds : ( 46.648, 56.468 ) ( 46.656, 56.512 )


SHORT: ( Metal Short ) Regular Wire of Net CTS_8 & Blockage of Cell search_1_reg_reg_48_  ( M1 )
Bounds : ( 36.216, 55.288 ) ( 36.288, 55.376 )


SHORT: ( Metal Short ) Regular Wire of Net CTS_8 & Blockage of Cell query_reg_reg_5_  ( M1 )
Bounds : ( 28.072, 59.608 ) ( 28.080, 59.696 )


MAR: ( Minimum Area ) Regular Wire of Net CTS_8  ( M1 )
Bounds : ( 28.008, 59.608 ) ( 28.080, 59.696 )


MAR: ( Minimum Area ) Regular Wire of Net CTS_8  ( M1 )
Bounds : ( 36.216, 55.288 ) ( 36.288, 55.376 )


MAR: ( Minimum Area ) Regular Wire of Net CTS_7  ( M1 )
Bounds : ( 20.556, 64.576 ) ( 20.628, 64.664 )


SHORT: ( Metal Short ) Regular Wire of Net CTS_7 & Blockage of Cell query_reg_reg_7_  ( M1 )
Bounds : ( 20.556, 64.576 ) ( 20.628, 64.620 )


SPACING: ( ParallelRunLength Spacing ) Regular Wire of Net CTS_7 & Blockage of Cell query_reg_reg_7_  ( M1 )
Bounds : ( 20.628, 64.576 ) ( 20.664, 64.664 )


SHORT: ( Metal Short ) Regular Wire of Net search_2[42] & Regular Wire of Net search_2[19]  ( M2 )
Bounds : ( 9.448, 74.448 ) ( 10.568, 74.520 )


SHORT: ( Metal Short ) Regular Wire of Net search_1[5] & Regular Wire of Net search_2[52]  ( M2 )
Bounds : ( 9.592, 71.964 ) ( 10.712, 72.036 )


SHORT: ( Metal Short ) Regular Wire of Net search_2[48] & Regular Wire of Net search_1[13]  ( M2 )
Bounds : ( 9.592, 74.304 ) ( 10.712, 74.376 )


SHORT: ( Metal Short ) Regular Wire of Net FE_PHN4677_search_2_38 & Regular Wire of Net FE_PHN5036_search_2_51  ( M2 )
Bounds : ( 9.592, 74.736 ) ( 10.388, 74.808 )


SHORT: ( Metal Short ) Regular Wire of Net search_2[60] & Regular Wire of Net search_1[9]  ( M2 )
Bounds : ( 9.592, 70.884 ) ( 10.712, 70.956 )


SHORT: ( Metal Short ) Regular Wire of Net FE_PHN5108_search_2_53 & Regular Wire of Net FE_OFN99_n440  ( M2 )
Bounds : ( 10.276, 69.192 ) ( 10.424, 69.264 )


SHORT: ( Metal Short ) Regular Wire of Net search_1[2] & Regular Wire of Net search_1[20]  ( M2 )
Bounds : ( 9.880, 69.804 ) ( 10.712, 69.876 )


SHORT: ( Metal Short ) Regular Wire of Net search_1[4] & Regular Wire of Net FE_PHN5046_search_2_61  ( M2 )
Bounds : ( 9.448, 69.480 ) ( 9.524, 69.552 )


EndOfLine: ( EndOfLine Spacing ) Regular Wire of Net search_1[4] & Regular Wire of Net FE_PHN4609_search_1_16  ( M2 )
Bounds : ( 9.560, 69.192 ) ( 9.592, 69.264 )


EndOfLine: ( EndOfLine Spacing ) Regular Wire of Net search_1[4] & Regular Wire of Net search_2[53]  ( M2 )
Bounds : ( 10.856, 69.480 ) ( 10.924, 69.552 )


SPACING: ( ParallelRunLength Spacing ) Regular Wire of Net search_1[4] & Regular Wire of Net FE_PHN5108_search_2_53  ( M2 )
Bounds : ( 9.560, 69.192 ) ( 9.592, 69.264 )


SPACING: ( ParallelRunLength Spacing ) Regular Wire of Net search_1[4] & Regular Wire of Net FE_OFN78_n440  ( M2 )
Bounds : ( 10.856, 69.480 ) ( 10.924, 69.552 )


EndOfLine: ( EndOfLine Spacing ) Regular Wire of Net FE_OFN99_n440 & Regular Wire of Net search_2[63]  ( M3 )
Bounds : ( 11.052, 67.556 ) ( 11.124, 67.624 )


SPACING: ( ParallelRunLength Spacing ) Regular Wire of Net search_2[63] & Regular Wire of Net search_2[2]  ( M3 )
Bounds : ( 11.052, 67.556 ) ( 11.124, 67.624 )


SPACING: ( ParallelRunLength Spacing ) Regular Wire of Net search_1[3] & Regular Wire of Net FE_OFN27_rst  ( M2 )
Bounds : ( 9.992, 66.096 ) ( 10.060, 66.168 )


EndOfLine: ( EndOfLine Spacing ) Regular Wire of Net search_1[3] & Regular Wire of Net FE_PHN4490_search_1_27  ( M2 )
Bounds : ( 9.992, 66.096 ) ( 10.060, 66.168 )


SHORT: ( Metal Short ) Regular Wire of Net search_1[3] & Regular Wire of Net search_2[31]  ( M2 )
Bounds : ( 9.880, 65.808 ) ( 10.388, 65.880 )


SHORT: ( Metal Short ) Regular Wire of Net search_2[58] & Regular Wire of Net search_2[55]  ( M2 )
Bounds : ( 9.736, 65.664 ) ( 10.712, 65.736 )


SHORT: ( Metal Short ) Regular Wire of Net FE_PHN4612_search_1_18 & Regular Wire of Net search_2[55]  ( M2 )
Bounds : ( 9.448, 66.384 ) ( 9.848, 66.456 )


SHORT: ( Metal Short ) Regular Wire of Net search_1[21] & Regular Wire of Net search_2[63]  ( M2 )
Bounds : ( 9.592, 66.564 ) ( 11.144, 66.636 )


SHORT: ( Metal Short ) Regular Wire of Net FE_PHN4653_search_1_7 & Regular Wire of Net search_1[32]  ( M2 )
Bounds : ( 9.592, 64.404 ) ( 10.424, 64.476 )


SHORT: ( Metal Short ) Regular Wire of Net FE_PHN4744_search_1_3 & Regular Wire of Net FE_PHN4464_search_1_33  ( M2 )
Bounds : ( 9.592, 65.484 ) ( 10.568, 65.556 )


SHORT: ( Metal Short ) Regular Wire of Net search_2[50] & Regular Wire of Net FE_PHN4738_search_1_32  ( M2 )
Bounds : ( 9.880, 63.324 ) ( 10.712, 63.396 )


EndOfLine: ( EndOfLine Spacing ) Regular Wire of Net FE_PHN4744_search_1_3 & Regular Wire of Net search_1[32]  ( M3 )
Bounds : ( 9.612, 64.496 ) ( 9.684, 64.564 )


SPACING: ( ParallelRunLength Spacing ) Regular Wire of Net search_1[32] & Regular Wire of Net FE_PHN4744_search_1_3  ( M3 )
Bounds : ( 9.612, 64.496 ) ( 9.684, 64.564 )


SPACING: ( ParallelRunLength Spacing ) Regular Wire of Net CTS_7 & Blockage of Cell search_1_reg_reg_0_  ( M1 )
Bounds : ( 19.432, 59.696 ) ( 19.440, 59.752 )


SPACING: ( ParallelRunLength Spacing ) Regular Wire of Net CTS_7 & Pin of Cell search_1_reg_reg_0_  ( M1 )
Bounds : ( 19.332, 59.768 ) ( 19.368, 59.840 )


SPACING: ( ParallelRunLength Spacing ) Regular Wire of Net CTS_7 & Blockage of Cell search_1_reg_reg_29_  ( M1 )
Bounds : ( 19.332, 56.656 ) ( 19.368, 56.744 )


SPACING: ( ParallelRunLength Spacing ) Regular Wire of Net CTS_7 & Blockage of Cell query_reg_reg_13_  ( M1 )
Bounds : ( 19.116, 57.736 ) ( 19.152, 57.824 )


SHORT: ( Metal Short ) Regular Wire of Net CTS_7 & Blockage of Cell search_1_reg_reg_29_  ( M1 )
Bounds : ( 19.260, 56.700 ) ( 19.332, 56.744 )


SHORT: ( Metal Short ) Regular Wire of Net CTS_7 & Blockage of Cell query_reg_reg_13_  ( M1 )
Bounds : ( 19.044, 57.780 ) ( 19.116, 57.824 )


EndOfLine: ( EndOfLine Keepout ) Regular Wire of Net CTS_7 & Blockage of Cell search_1_reg_reg_0_  ( M1 )
Bounds : ( 19.432, 59.696 ) ( 19.440, 59.752 )


MAR: ( Minimum Area ) Regular Wire of Net CTS_7  ( M1 )
Bounds : ( 19.368, 59.752 ) ( 19.440, 59.840 )


MAR: ( Minimum Area ) Regular Wire of Net CTS_7  ( M1 )
Bounds : ( 19.260, 56.656 ) ( 19.332, 56.744 )


MAR: ( Minimum Area ) Regular Wire of Net CTS_7  ( M1 )
Bounds : ( 19.044, 57.736 ) ( 19.116, 57.824 )


SPACING: ( ParallelRunLength Spacing ) Regular Wire of Net CTS_7 & Blockage of Cell query_reg_reg_17_  ( M1 )
Bounds : ( 18.252, 53.416 ) ( 18.288, 53.504 )


SHORT: ( Metal Short ) Regular Wire of Net CTS_7 & Blockage of Cell query_reg_reg_17_  ( M1 )
Bounds : ( 18.180, 53.460 ) ( 18.252, 53.504 )


MAR: ( Minimum Area ) Regular Wire of Net CTS_7  ( M1 )
Bounds : ( 18.180, 53.416 ) ( 18.252, 53.504 )


MAR: ( Minimum Area ) Regular Wire of Net CTS_7  ( M1 )
Bounds : ( 7.272, 59.752 ) ( 7.344, 59.840 )


EndOfLine: ( EndOfLine Keepout ) Regular Wire of Net CTS_7 & Blockage of Cell search_1_reg_reg_28_  ( M1 )
Bounds : ( 7.336, 59.696 ) ( 7.344, 59.752 )


SHORT: ( Metal Short ) Regular Wire of Net FE_PHN4493_search_1_6 & Regular Wire of Net search_2[59]  ( M2 )
Bounds : ( 9.592, 60.084 ) ( 10.712, 60.156 )


SHORT: ( Metal Short ) Regular Wire of Net search_1[17] & Regular Wire of Net FE_PHN4745_search_1_36  ( M2 )
Bounds : ( 9.592, 61.164 ) ( 10.712, 61.236 )


SPACING: ( ParallelRunLength Spacing ) Regular Wire of Net CTS_7 & Pin of Cell search_1_reg_reg_28_  ( M1 )
Bounds : ( 7.236, 59.768 ) ( 7.272, 59.840 )


SPACING: ( ParallelRunLength Spacing ) Regular Wire of Net CTS_7 & Blockage of Cell search_1_reg_reg_28_  ( M1 )
Bounds : ( 7.336, 59.696 ) ( 7.344, 59.752 )


SHORT: ( Metal Short ) Regular Wire of Net FE_PHN4751_search_1_30 & Regular Wire of Net search_1[28]  ( M2 )
Bounds : ( 9.880, 56.844 ) ( 11.288, 56.916 )


SHORT: ( Metal Short ) Regular Wire of Net FE_PHN4762_search_1_28 & Regular Wire of Net search_1[29]  ( M2 )
Bounds : ( 10.024, 57.924 ) ( 11.144, 57.996 )


SHORT: ( Metal Short ) Regular Wire of Net search_1[28] & Regular Wire of Net search_1[44]  ( M3 )
Bounds : ( 9.900, 56.644 ) ( 9.972, 56.936 )


SHORT: ( Metal Short ) Regular Wire of Net FE_PHN4613_search_1_15 & Regular Wire of Net rst  ( M2 )
Bounds : ( 10.888, 59.328 ) ( 11.288, 59.400 )


SHORT: ( Metal Short ) Regular Wire of Net search_0[1] & Regular Wire of Net FE_OFN27_rst  ( M2 )
Bounds : ( 10.024, 55.152 ) ( 10.280, 55.224 )


SHORT: ( Metal Short ) Regular Wire of Net search_1[44] & Regular Wire of Net FE_PHN4774_search_1_24  ( M2 )
Bounds : ( 9.880, 55.764 ) ( 11.288, 55.836 )


SHORT: ( Metal Short ) Regular Wire of Net search_1[34] & Regular Wire of Net search_1[24]  ( M2 )
Bounds : ( 9.736, 55.584 ) ( 11.576, 55.656 )


SHORT: ( Metal Short ) Regular Wire of Net FE_OFN11_rst & Regular Wire of Net search_1[55]  ( M2 )
Bounds : ( 10.276, 55.440 ) ( 10.568, 55.512 )


EndOfLine: ( EndOfLine Keepout ) Regular Wire of Net search_0[6] & Regular Wire of Net FE_PHN4383_search_1_53  ( M2 )
Bounds : ( 11.144, 53.604 ) ( 11.176, 53.676 )


SPACING: ( ParallelRunLength Spacing ) Regular Wire of Net CTS_7 & Pin of Cell search_1_reg_reg_56_  ( M1 )
Bounds : ( 9.396, 54.496 ) ( 9.432, 54.584 )


SPACING: ( ParallelRunLength Spacing ) Regular Wire of Net search_0[6] & Regular Wire of Net FE_PHN4383_search_1_53  ( M2 )
Bounds : ( 11.144, 53.604 ) ( 11.176, 53.676 )


SPACING: ( ParallelRunLength Spacing ) Regular Wire of Net CTS_7 & Blockage of Cell search_1_reg_reg_56_  ( M1 )
Bounds : ( 9.288, 54.496 ) ( 9.324, 54.584 )


MAR: ( Minimum Area ) Regular Wire of Net CTS_7  ( M1 )
Bounds : ( 9.324, 54.496 ) ( 9.396, 54.584 )


EndOfLine: ( EndOfLine Keepout ) Regular Wire of Net CTS_7 & Special Wire of Net vdd  ( M1 )
Bounds : ( 9.324, 54.584 ) ( 9.396, 54.684 )


SPACING: ( ParallelRunLength Spacing ) Regular Wire of Net FE_PHN4741_search_1_26 & Regular Wire of Net search_0[6]  ( M3 )
Bounds : ( 10.044, 52.616 ) ( 10.116, 52.684 )


EndOfLine: ( EndOfLine Spacing ) Regular Wire of Net FE_PHN4741_search_1_26 & Regular Wire of Net search_0[6]  ( M3 )
Bounds : ( 10.044, 52.616 ) ( 10.116, 52.684 )


SHORT: ( Metal Short ) Regular Wire of Net FE_PHN4454_search_0_13 & Regular Wire of Net FE_PHN4741_search_1_26  ( M2 )
Bounds : ( 10.024, 52.524 ) ( 11.432, 52.596 )


SHORT: ( Metal Short ) Regular Wire of Net search_1[26] & Regular Wire of Net search_1[42]  ( M2 )
Bounds : ( 10.312, 51.444 ) ( 11.432, 51.516 )


SHORT: ( Metal Short ) Regular Wire of Net search_0[6] & Regular Wire of Net search_0[7]  ( M3 )
Bounds : ( 11.052, 50.164 ) ( 11.124, 50.456 )


SHORT: ( Metal Short ) Regular Wire of Net search_1[22] & Regular Wire of Net search_0[7]  ( M2 )
Bounds : ( 9.736, 50.364 ) ( 11.144, 50.436 )


MAR: ( Minimum Area ) Regular Wire of Net CTS_7  ( M1 )
Bounds : ( 7.596, 50.176 ) ( 7.668, 50.264 )


EndOfLine: ( EndOfLine Keepout ) Regular Wire of Net CTS_7 & Special Wire of Net vdd  ( M1 )
Bounds : ( 7.596, 50.264 ) ( 7.668, 50.364 )


SPACING: ( ParallelRunLength Spacing ) Regular Wire of Net CTS_7 & Blockage of Cell search_1_reg_reg_45_  ( M1 )
Bounds : ( 7.560, 50.176 ) ( 7.596, 50.264 )


SPACING: ( ParallelRunLength Spacing ) Regular Wire of Net CTS_7 & Pin of Cell search_1_reg_reg_45_  ( M1 )
Bounds : ( 7.668, 50.176 ) ( 7.704, 50.264 )


MAR: ( Minimum Area ) Regular Wire of Net CTS_8  ( M1 )
Bounds : ( 49.932, 63.496 ) ( 50.004, 63.584 )


EndOfLine: ( EndOfLine Keepout ) Regular Wire of Net CTS_8 & Special Wire of Net vdd  ( M1 )
Bounds : ( 49.932, 63.396 ) ( 50.004, 63.496 )


SPACING: ( ParallelRunLength Spacing ) Regular Wire of Net CTS_8 & Blockage of Cell search_1_reg_reg_7_  ( M1 )
Bounds : ( 50.004, 63.496 ) ( 50.040, 63.584 )


MAR: ( Minimum Area ) Regular Wire of Net CTS_8  ( M1 )
Bounds : ( 25.416, 45.280 ) ( 25.488, 45.368 )


MAR: ( Minimum Area ) Regular Wire of Net CTS_9  ( M1 )
Bounds : ( 27.144, 42.328 ) ( 27.216, 42.416 )


MAR: ( Minimum Area ) Regular Wire of Net CTS_9  ( M1 )
Bounds : ( 33.516, 40.456 ) ( 33.588, 40.544 )


MAR: ( Minimum Area ) Regular Wire of Net CTS_9  ( M1 )
Bounds : ( 34.812, 38.296 ) ( 34.884, 38.384 )


EndOfLine: ( EndOfLine Keepout ) Regular Wire of Net CTS_8 & Blockage of Cell query_reg_reg_9_  ( M1 )
Bounds : ( 25.480, 45.368 ) ( 25.488, 45.424 )


SHORT: ( Metal Short ) Regular Wire of Net CTS_9 & Blockage of Cell search_0_reg_reg_44_  ( M1 )
Bounds : ( 27.208, 42.328 ) ( 27.216, 42.416 )


SHORT: ( Metal Short ) Regular Wire of Net CTS_9 & Blockage of Cell search_0_reg_reg_36_  ( M1 )
Bounds : ( 33.516, 40.500 ) ( 33.588, 40.544 )


SHORT: ( Metal Short ) Regular Wire of Net CTS_9 & Blockage of Cell query_reg_reg_25_  ( M1 )
Bounds : ( 34.812, 38.340 ) ( 34.884, 38.384 )


SPACING: ( ParallelRunLength Spacing ) Regular Wire of Net CTS_8 & Pin of Cell query_reg_reg_9_  ( M1 )
Bounds : ( 25.380, 45.280 ) ( 25.416, 45.352 )


SPACING: ( ParallelRunLength Spacing ) Regular Wire of Net CTS_8 & Blockage of Cell query_reg_reg_9_  ( M1 )
Bounds : ( 25.480, 45.368 ) ( 25.488, 45.424 )


SPACING: ( ParallelRunLength Spacing ) Regular Wire of Net CTS_9 & Blockage of Cell search_0_reg_reg_36_  ( M1 )
Bounds : ( 33.588, 40.456 ) ( 33.624, 40.544 )


SPACING: ( ParallelRunLength Spacing ) Regular Wire of Net CTS_9 & Blockage of Cell query_reg_reg_25_  ( M1 )
Bounds : ( 34.884, 38.296 ) ( 34.920, 38.384 )


MAR: ( Minimum Area ) Regular Wire of Net CTS_9  ( M1 )
Bounds : ( 44.856, 26.920 ) ( 44.928, 27.008 )


MAR: ( Minimum Area ) Regular Wire of Net CTS_9  ( M1 )
Bounds : ( 44.532, 25.336 ) ( 44.604, 25.424 )


SHORT: ( Cut Short ) Regular Wire of Net CTS_9 & Blockage of Cell search_0_reg_reg_48_  ( V1 )
Bounds : ( 44.856, 26.928 ) ( 44.928, 27.000 )


SHORT: ( Metal Short ) Regular Wire of Net CTS_9 & Blockage of Cell query_reg_reg_44_  ( M1 )
Bounds : ( 44.532, 25.380 ) ( 44.604, 25.424 )


SHORT: ( Metal Short ) Regular Wire of Net CTS_9 & Blockage of Cell search_0_reg_reg_48_  ( M1 )
Bounds : ( 44.856, 26.920 ) ( 44.928, 27.008 )


SHORT: ( Metal Short ) Regular Wire of Net CTS_9 & Blockage of Cell search_0_reg_reg_48_  ( M2 )
Bounds : ( 44.836, 26.928 ) ( 44.948, 27.000 )


SPACING: ( ParallelRunLength Spacing ) Regular Wire of Net CTS_9 & Blockage of Cell query_reg_reg_44_  ( M1 )
Bounds : ( 44.496, 25.336 ) ( 44.532, 25.424 )


SPACING: ( ParallelRunLength Spacing ) Regular Wire of Net CTS_9 & Pin of Cell query_reg_reg_44_  ( M1 )
Bounds : ( 44.604, 25.280 ) ( 44.640, 25.336 )


SPACING: ( ParallelRunLength Spacing ) Regular Wire of Net CTS_9 & Blockage of Cell query_reg_reg_27_  ( M1 )
Bounds : ( 38.016, 30.016 ) ( 38.052, 30.104 )


EndOfLine: ( EndOfLine Keepout ) Regular Wire of Net CTS_9 & Special Wire of Net vss  ( M1 )
Bounds : ( 38.700, 25.424 ) ( 38.772, 25.524 )


EndOfLine: ( EndOfLine Keepout ) Regular Wire of Net CTS_9 & Special Wire of Net vss  ( M1 )
Bounds : ( 38.052, 29.916 ) ( 38.124, 30.016 )


MAR: ( Minimum Area ) Regular Wire of Net CTS_9  ( M1 )
Bounds : ( 38.700, 25.336 ) ( 38.772, 25.424 )


MAR: ( Minimum Area ) Regular Wire of Net CTS_9  ( M1 )
Bounds : ( 38.052, 30.016 ) ( 38.124, 30.104 )


SPACING: ( ParallelRunLength Spacing ) Regular Wire of Net CTS_9 & Pin of Cell query_reg_reg_27_  ( M1 )
Bounds : ( 38.124, 30.016 ) ( 38.160, 30.104 )


SPACING: ( ParallelRunLength Spacing ) Regular Wire of Net CTS_9 & Blockage of Cell search_0_reg_reg_47_  ( M1 )
Bounds : ( 38.664, 25.336 ) ( 38.700, 25.424 )


SPACING: ( ParallelRunLength Spacing ) Regular Wire of Net CTS_9 & Pin of Cell search_0_reg_reg_47_  ( M1 )
Bounds : ( 38.772, 25.336 ) ( 38.808, 25.424 )


MAR: ( Minimum Area ) Regular Wire of Net CTS_9  ( M1 )
Bounds : ( 25.848, 35.848 ) ( 25.920, 35.936 )


SHORT: ( Metal Short ) Regular Wire of Net CTS_9 & Blockage of Cell query_reg_reg_2_  ( M1 )
Bounds : ( 25.912, 35.848 ) ( 25.920, 35.936 )


MAR: ( Minimum Area ) Regular Wire of Net CTS_9  ( M1 )
Bounds : ( 17.532, 38.296 ) ( 17.604, 38.384 )


MAR: ( Minimum Area ) Regular Wire of Net CTS_7  ( M1 )
Bounds : ( 21.852, 47.296 ) ( 21.924, 47.384 )


SHORT: ( Metal Short ) Regular Wire of Net CTS_9 & Blockage of Cell search_1_reg_reg_50_  ( M1 )
Bounds : ( 17.532, 38.340 ) ( 17.604, 38.384 )


SHORT: ( Metal Short ) Regular Wire of Net CTS_7 & Pin of Cell FE_OFC3960_n985  ( M1 )
Bounds : ( 21.852, 47.296 ) ( 21.924, 47.340 )


SPACING: ( ParallelRunLength Spacing ) Regular Wire of Net CTS_9 & Blockage of Cell search_1_reg_reg_50_  ( M1 )
Bounds : ( 17.604, 38.296 ) ( 17.640, 38.384 )


SHORT: ( Metal Short ) Regular Wire of Net FE_PHN4182_search_1_58 & Regular Wire of Net search_1[30]  ( M2 )
Bounds : ( 10.024, 49.284 ) ( 11.720, 49.356 )


SHORT: ( Metal Short ) Regular Wire of Net search_0[4] & Regular Wire of Net search_0[12]  ( M2 )
Bounds : ( 10.024, 48.204 ) ( 11.288, 48.276 )


SHORT: ( Metal Short ) Regular Wire of Net FE_PHN4557_search_0_8 & Regular Wire of Net FE_PHN4773_search_1_47  ( M2 )
Bounds : ( 9.880, 47.124 ) ( 11.288, 47.196 )


EndOfLine: ( EndOfLine Spacing ) Regular Wire of Net FE_PHN5111_search_0_19 & Blockage of Cell search_0_reg_reg_19_  ( M2 )
Bounds : ( 8.552, 47.376 ) ( 8.656, 47.448 )


MAR: ( Minimum Area ) Regular Wire of Net CTS_7  ( M1 )
Bounds : ( 7.272, 44.632 ) ( 7.344, 44.720 )


EndOfLine: ( EndOfLine Keepout ) Regular Wire of Net CTS_7 & Blockage of Cell search_0_reg_reg_25_  ( M1 )
Bounds : ( 7.336, 44.576 ) ( 7.344, 44.632 )


SHORT: ( Metal Short ) Regular Wire of Net FE_PHN4551_search_0_22 & Regular Wire of Net search_1[38]  ( M2 )
Bounds : ( 10.024, 44.964 ) ( 10.856, 45.036 )


SHORT: ( Metal Short ) Regular Wire of Net FE_PHN4583_search_0_3 & Regular Wire of Net FE_PHN5099_search_1_58  ( M2 )
Bounds : ( 10.312, 46.044 ) ( 11.144, 46.116 )


EndOfLine: ( EndOfLine Spacing ) Regular Wire of Net search_2[28] & Blockage of Cell search_0_reg_reg_25_  ( M2 )
Bounds : ( 12.116, 44.424 ) ( 12.220, 44.496 )


SPACING: ( ParallelRunLength Spacing ) Regular Wire of Net CTS_7 & Pin of Cell search_0_reg_reg_25_  ( M1 )
Bounds : ( 7.236, 44.648 ) ( 7.272, 44.720 )


SPACING: ( ParallelRunLength Spacing ) Regular Wire of Net CTS_7 & Blockage of Cell search_0_reg_reg_25_  ( M1 )
Bounds : ( 7.336, 44.576 ) ( 7.344, 44.632 )


SHORT: ( Metal Short ) Regular Wire of Net search_0[23] & Regular Wire of Net FE_PHN5113_search_0_11  ( M2 )
Bounds : ( 10.456, 42.480 ) ( 11.144, 42.552 )


MAR: ( Minimum Area ) Regular Wire of Net CTS_9  ( M1 )
Bounds : ( 17.532, 33.976 ) ( 17.604, 34.064 )


MAR: ( Minimum Area ) Regular Wire of Net CTS_9  ( M1 )
Bounds : ( 17.532, 32.896 ) ( 17.604, 32.984 )


EndOfLine: ( EndOfLine Keepout ) Regular Wire of Net CTS_9 & Special Wire of Net vss  ( M1 )
Bounds : ( 17.532, 34.064 ) ( 17.604, 34.164 )


SHORT: ( Metal Short ) Regular Wire of Net CTS_9 & Blockage of Cell query_reg_reg_6_  ( M1 )
Bounds : ( 17.532, 32.940 ) ( 17.604, 32.984 )


SPACING: ( ParallelRunLength Spacing ) Regular Wire of Net CTS_9 & Blockage of Cell query_reg_reg_6_  ( M1 )
Bounds : ( 17.604, 32.896 ) ( 17.640, 32.984 )


SPACING: ( ParallelRunLength Spacing ) Regular Wire of Net CTS_9 & Blockage of Cell query_reg_reg_18_  ( M1 )
Bounds : ( 23.652, 30.016 ) ( 23.688, 30.104 )


SPACING: ( ParallelRunLength Spacing ) Regular Wire of Net CTS_9 & Blockage of Cell query_reg_reg_22_  ( M1 )
Bounds : ( 23.652, 29.656 ) ( 23.688, 29.744 )


SHORT: ( Metal Short ) Regular Wire of Net CTS_9 & Blockage of Cell query_reg_reg_14_  ( M1 )
Bounds : ( 24.012, 31.096 ) ( 24.084, 31.140 )


SHORT: ( Metal Short ) Regular Wire of Net CTS_9 & Blockage of Cell query_reg_reg_18_  ( M1 )
Bounds : ( 23.580, 30.016 ) ( 23.652, 30.060 )


SHORT: ( Metal Short ) Regular Wire of Net CTS_9 & Blockage of Cell query_reg_reg_22_  ( M1 )
Bounds : ( 23.580, 29.700 ) ( 23.652, 29.744 )


MAR: ( Minimum Area ) Regular Wire of Net CTS_9  ( M1 )
Bounds : ( 24.012, 31.096 ) ( 24.084, 31.184 )


MAR: ( Minimum Area ) Regular Wire of Net CTS_9  ( M1 )
Bounds : ( 23.580, 30.016 ) ( 23.652, 30.104 )


MAR: ( Minimum Area ) Regular Wire of Net CTS_9  ( M1 )
Bounds : ( 23.580, 29.656 ) ( 23.652, 29.744 )


SPACING: ( ParallelRunLength Spacing ) Regular Wire of Net CTS_9 & Blockage of Cell query_reg_reg_14_  ( M1 )
Bounds : ( 24.084, 31.096 ) ( 24.120, 31.184 )


SHORT: ( Metal Short ) Regular Wire of Net CTS_9 & Blockage of Cell query_reg_reg_26_  ( M1 )
Bounds : ( 16.408, 28.144 ) ( 16.416, 28.232 )


SHORT: ( Metal Short ) Regular Wire of Net CTS_9 & Blockage of Cell query_reg_reg_28_  ( M1 )
Bounds : ( 16.408, 25.984 ) ( 16.416, 26.072 )


MAR: ( Minimum Area ) Regular Wire of Net CTS_9  ( M1 )
Bounds : ( 16.344, 25.984 ) ( 16.416, 26.072 )


MAR: ( Minimum Area ) Regular Wire of Net CTS_9  ( M1 )
Bounds : ( 16.344, 28.144 ) ( 16.416, 28.232 )


SHORT: ( Metal Short ) Regular Wire of Net search_1[47] & Regular Wire of Net search_0[60]  ( M2 )
Bounds : ( 10.888, 33.408 ) ( 11.288, 33.480 )


EndOfLine: ( EndOfLine Spacing ) Regular Wire of Net query[7] & Regular Wire of Net search_0[32]  ( M2 )
Bounds : ( 10.856, 32.184 ) ( 10.888, 32.256 )


SPACING: ( ParallelRunLength Spacing ) Regular Wire of Net query[7] & Regular Wire of Net search_0[32]  ( M2 )
Bounds : ( 10.856, 32.184 ) ( 10.888, 32.256 )


EndOfLine: ( EndOfLine Keepout ) Regular Wire of Net CTS_9 & Blockage of Cell query_reg_reg_16_  ( M1 )
Bounds : ( 7.336, 30.248 ) ( 7.344, 30.304 )


EndOfLine: ( EndOfLine Keepout ) Regular Wire of Net CTS_9 & Blockage of Cell query_reg_reg_24_  ( M1 )
Bounds : ( 7.336, 29.168 ) ( 7.344, 29.212 )


MAR: ( Minimum Area ) Regular Wire of Net CTS_9  ( M1 )
Bounds : ( 7.272, 30.160 ) ( 7.344, 30.248 )


MAR: ( Minimum Area ) Regular Wire of Net CTS_9  ( M1 )
Bounds : ( 7.272, 29.080 ) ( 7.344, 29.168 )


MAR: ( Minimum Area ) Regular Wire of Net CTS_9  ( M1 )
Bounds : ( 7.164, 27.496 ) ( 7.236, 27.584 )


SHORT: ( Metal Short ) Regular Wire of Net CTS_9 & Blockage of Cell query_reg_reg_30_  ( M1 )
Bounds : ( 7.164, 27.540 ) ( 7.236, 27.584 )


EndOfLine: ( EndOfLine Spacing ) Regular Wire of Net CTS_9 & Blockage of Cell query_reg_reg_24_  ( M2 )
Bounds : ( 7.400, 29.088 ) ( 7.468, 29.160 )


SPACING: ( ParallelRunLength Spacing ) Regular Wire of Net CTS_9 & Blockage of Cell query_reg_reg_30_  ( M1 )
Bounds : ( 7.236, 27.496 ) ( 7.272, 27.584 )


SPACING: ( ParallelRunLength Spacing ) Regular Wire of Net CTS_9 & Pin of Cell query_reg_reg_24_  ( M1 )
Bounds : ( 7.236, 29.080 ) ( 7.272, 29.152 )


SPACING: ( ParallelRunLength Spacing ) Regular Wire of Net CTS_9 & Pin of Cell query_reg_reg_16_  ( M1 )
Bounds : ( 7.236, 30.160 ) ( 7.272, 30.232 )


SPACING: ( ParallelRunLength Spacing ) Regular Wire of Net CTS_9 & Blockage of Cell query_reg_reg_24_  ( M1 )
Bounds : ( 7.336, 29.168 ) ( 7.344, 29.212 )


SPACING: ( ParallelRunLength Spacing ) Regular Wire of Net CTS_9 & Blockage of Cell query_reg_reg_16_  ( M1 )
Bounds : ( 7.336, 30.248 ) ( 7.344, 30.304 )


SPACING: ( ParallelRunLength Spacing ) Regular Wire of Net CTS_9 & Blockage of Cell query_reg_reg_24_  ( M2 )
Bounds : ( 7.400, 29.088 ) ( 7.468, 29.160 )


SPACING: ( ParallelRunLength Spacing ) Regular Wire of Net CTS_9 & Pin of Cell query_reg_reg_57_  ( M1 )
Bounds : ( 28.836, 12.736 ) ( 28.872, 12.824 )


SPACING: ( ParallelRunLength Spacing ) Regular Wire of Net CTS_9 & Blockage of Cell query_reg_reg_57_  ( M1 )
Bounds : ( 28.728, 12.736 ) ( 28.764, 12.824 )


SHORT: ( Metal Short ) Regular Wire of Net CTS_9 & Blockage of Cell query_reg_reg_53_  ( M1 )
Bounds : ( 30.708, 17.056 ) ( 30.780, 17.100 )


SHORT: ( Metal Short ) Regular Wire of Net CTS_9 & Blockage of Cell query_reg_reg_39_  ( M1 )
Bounds : ( 30.276, 18.136 ) ( 30.348, 18.180 )


EndOfLine: ( EndOfLine Keepout ) Regular Wire of Net CTS_9 & Special Wire of Net vss  ( M1 )
Bounds : ( 28.764, 12.636 ) ( 28.836, 12.736 )


MAR: ( Minimum Area ) Regular Wire of Net CTS_9  ( M1 )
Bounds : ( 30.708, 17.056 ) ( 30.780, 17.144 )


MAR: ( Minimum Area ) Regular Wire of Net CTS_9  ( M1 )
Bounds : ( 30.276, 18.136 ) ( 30.348, 18.224 )


MAR: ( Minimum Area ) Regular Wire of Net CTS_9  ( M1 )
Bounds : ( 28.764, 12.736 ) ( 28.836, 12.824 )


SPACING: ( ParallelRunLength Spacing ) Regular Wire of Net CTS_9 & Blockage of Cell query_reg_reg_39_  ( M1 )
Bounds : ( 30.348, 18.136 ) ( 30.384, 18.224 )


SPACING: ( ParallelRunLength Spacing ) Regular Wire of Net CTS_9 & Blockage of Cell query_reg_reg_53_  ( M1 )
Bounds : ( 30.780, 17.056 ) ( 30.816, 17.144 )


SPACING: ( ParallelRunLength Spacing ) Regular Wire of Net CTS_9 & Pin of Cell search_0_reg_reg_40_  ( M1 )
Bounds : ( 28.836, 9.080 ) ( 28.872, 9.136 )


SPACING: ( ParallelRunLength Spacing ) Regular Wire of Net CTS_9 & Blockage of Cell search_0_reg_reg_40_  ( M1 )
Bounds : ( 28.728, 9.136 ) ( 28.764, 9.224 )


SHORT: ( Metal Short ) Regular Wire of Net CTS_9 & Blockage of Cell search_0_reg_reg_40_  ( M1 )
Bounds : ( 28.764, 9.180 ) ( 28.836, 9.224 )


MAR: ( Minimum Area ) Regular Wire of Net CTS_9  ( M1 )
Bounds : ( 28.764, 9.136 ) ( 28.836, 9.224 )


SHORT: ( Metal Short ) Regular Wire of Net CTS_9 & Blockage of Cell query_reg_reg_45_  ( M1 )
Bounds : ( 23.148, 22.456 ) ( 23.220, 22.500 )


MAR: ( Minimum Area ) Regular Wire of Net CTS_9  ( M1 )
Bounds : ( 23.364, 23.536 ) ( 23.436, 23.624 )


MAR: ( Minimum Area ) Regular Wire of Net CTS_9  ( M1 )
Bounds : ( 23.148, 22.456 ) ( 23.220, 22.544 )


SHORT: ( Metal Short ) Regular Wire of Net CTS_9 & Blockage of Cell query_reg_reg_33_  ( M1 )
Bounds : ( 23.364, 23.536 ) ( 23.436, 23.580 )


SPACING: ( ParallelRunLength Spacing ) Regular Wire of Net CTS_9 & Blockage of Cell query_reg_reg_45_  ( M1 )
Bounds : ( 23.220, 22.456 ) ( 23.256, 22.544 )


SPACING: ( ParallelRunLength Spacing ) Regular Wire of Net CTS_9 & Blockage of Cell query_reg_reg_33_  ( M1 )
Bounds : ( 23.436, 23.536 ) ( 23.472, 23.624 )


SHORT: ( Metal Short ) Regular Wire of Net CTS_9 & Blockage of Cell query_reg_reg_52_  ( M1 )
Bounds : ( 22.824, 20.440 ) ( 22.896, 20.528 )


EndOfLine: ( EndOfLine Keepout ) Regular Wire of Net CTS_9 & Blockage of Cell query_reg_reg_35_  ( M1 )
Bounds : ( 22.888, 21.608 ) ( 22.896, 21.664 )


EndOfLine: ( EndOfLine Keepout ) Regular Wire of Net CTS_9 & Special Wire of Net vss  ( M1 )
Bounds : ( 22.284, 19.116 ) ( 22.356, 19.216 )


MAR: ( Minimum Area ) Regular Wire of Net CTS_9  ( M1 )
Bounds : ( 22.284, 19.216 ) ( 22.356, 19.304 )


MAR: ( Minimum Area ) Regular Wire of Net CTS_9  ( M1 )
Bounds : ( 22.824, 20.440 ) ( 22.896, 20.528 )


MAR: ( Minimum Area ) Regular Wire of Net CTS_9  ( M1 )
Bounds : ( 22.824, 21.520 ) ( 22.896, 21.608 )


SPACING: ( ParallelRunLength Spacing ) Regular Wire of Net CTS_9 & Pin of Cell FE_OFC3325_n1015  ( M1 )
Bounds : ( 22.248, 19.216 ) ( 22.284, 19.304 )


SPACING: ( ParallelRunLength Spacing ) Regular Wire of Net CTS_9 & Blockage of Cell query_reg_reg_37_  ( M1 )
Bounds : ( 22.356, 19.216 ) ( 22.392, 19.304 )


SPACING: ( ParallelRunLength Spacing ) Regular Wire of Net CTS_9 & Pin of Cell query_reg_reg_35_  ( M1 )
Bounds : ( 22.788, 21.520 ) ( 22.824, 21.592 )


SPACING: ( ParallelRunLength Spacing ) Regular Wire of Net CTS_9 & Blockage of Cell query_reg_reg_35_  ( M1 )
Bounds : ( 22.888, 21.608 ) ( 22.896, 21.664 )


MAR: ( Minimum Area ) Regular Wire of Net CTS_9  ( M1 )
Bounds : ( 16.668, 19.216 ) ( 16.740, 19.304 )


EndOfLine: ( EndOfLine Keepout ) Regular Wire of Net CTS_9 & Special Wire of Net vss  ( M1 )
Bounds : ( 16.668, 19.116 ) ( 16.740, 19.216 )


SPACING: ( ParallelRunLength Spacing ) Regular Wire of Net CTS_9 & Blockage of Cell query_reg_reg_49_  ( M1 )
Bounds : ( 16.632, 19.216 ) ( 16.668, 19.304 )


SPACING: ( ParallelRunLength Spacing ) Regular Wire of Net CTS_9 & Pin of Cell query_reg_reg_49_  ( M1 )
Bounds : ( 16.740, 19.216 ) ( 16.776, 19.304 )


MAR: ( Minimum Area ) Regular Wire of Net CTS_9  ( M1 )
Bounds : ( 16.776, 18.280 ) ( 16.848, 18.368 )


MAR: ( Minimum Area ) Regular Wire of Net CTS_9  ( M1 )
Bounds : ( 23.148, 16.696 ) ( 23.220, 16.784 )


MAR: ( Minimum Area ) Regular Wire of Net CTS_9  ( M1 )
Bounds : ( 23.148, 18.136 ) ( 23.220, 18.224 )


EndOfLine: ( EndOfLine Keepout ) Regular Wire of Net CTS_9 & Blockage of Cell query_reg_reg_56_  ( M1 )
Bounds : ( 16.840, 18.368 ) ( 16.848, 18.412 )


EndOfLine: ( EndOfLine Keepout ) Regular Wire of Net CTS_9 & Special Wire of Net vdd  ( M1 )
Bounds : ( 23.148, 18.036 ) ( 23.220, 18.136 )


SHORT: ( Metal Short ) Regular Wire of Net CTS_9 & Blockage of Cell query_reg_reg_61_  ( M1 )
Bounds : ( 23.148, 16.740 ) ( 23.220, 16.784 )


EndOfLine: ( EndOfLine Spacing ) Regular Wire of Net CTS_9 & Blockage of Cell query_reg_reg_56_  ( M2 )
Bounds : ( 16.868, 18.288 ) ( 16.972, 18.360 )


SPACING: ( ParallelRunLength Spacing ) Regular Wire of Net CTS_9 & Pin of Cell query_reg_reg_56_  ( M1 )
Bounds : ( 16.740, 18.280 ) ( 16.776, 18.352 )


SPACING: ( ParallelRunLength Spacing ) Regular Wire of Net CTS_9 & Blockage of Cell query_reg_reg_56_  ( M1 )
Bounds : ( 16.840, 18.368 ) ( 16.848, 18.412 )


SPACING: ( ParallelRunLength Spacing ) Regular Wire of Net CTS_9 & Pin of Cell FE_PHC4449_query_52  ( M1 )
Bounds : ( 23.112, 18.136 ) ( 23.148, 18.224 )


SPACING: ( ParallelRunLength Spacing ) Regular Wire of Net CTS_9 & Blockage of Cell query_reg_reg_61_  ( M1 )
Bounds : ( 23.220, 16.696 ) ( 23.256, 16.784 )


SPACING: ( ParallelRunLength Spacing ) Regular Wire of Net CTS_9 & Blockage of Cell search_0_reg_reg_51_  ( M1 )
Bounds : ( 23.220, 18.136 ) ( 23.256, 18.224 )


MAR: ( Minimum Area ) Regular Wire of Net CTS_9  ( M1 )
Bounds : ( 7.272, 13.312 ) ( 7.344, 13.400 )


EndOfLine: ( EndOfLine Keepout ) Regular Wire of Net CTS_9 & Blockage of Cell query_reg_reg_62_  ( M1 )
Bounds : ( 7.336, 13.268 ) ( 7.344, 13.312 )


EndOfLine: ( EndOfLine Spacing ) Regular Wire of Net CTS_9 & Blockage of Cell query_reg_reg_62_  ( M2 )
Bounds : ( 7.364, 13.320 ) ( 7.468, 13.392 )


SPACING: ( ParallelRunLength Spacing ) Regular Wire of Net CTS_9 & Pin of Cell query_reg_reg_62_  ( M1 )
Bounds : ( 7.236, 13.328 ) ( 7.272, 13.400 )


SPACING: ( ParallelRunLength Spacing ) Regular Wire of Net CTS_9 & Blockage of Cell query_reg_reg_62_  ( M1 )
Bounds : ( 7.336, 13.268 ) ( 7.344, 13.312 )


SHORT: ( Metal Short ) Regular Wire of Net CTS_9 & Blockage of Cell query_reg_reg_63_  ( M1 )
Bounds : ( 22.716, 8.416 ) ( 22.788, 8.460 )


SHORT: ( Metal Short ) Regular Wire of Net CTS_9 & Blockage of Cell query_reg_reg_54_  ( M1 )
Bounds : ( 22.500, 7.336 ) ( 22.572, 7.380 )


MAR: ( Minimum Area ) Regular Wire of Net CTS_9  ( M1 )
Bounds : ( 22.716, 8.416 ) ( 22.788, 8.504 )


MAR: ( Minimum Area ) Regular Wire of Net CTS_9  ( M1 )
Bounds : ( 22.500, 7.336 ) ( 22.572, 7.424 )


SPACING: ( ParallelRunLength Spacing ) Regular Wire of Net CTS_9 & Blockage of Cell query_reg_reg_54_  ( M1 )
Bounds : ( 22.572, 7.336 ) ( 22.608, 7.424 )


SPACING: ( ParallelRunLength Spacing ) Regular Wire of Net CTS_9 & Blockage of Cell query_reg_reg_63_  ( M1 )
Bounds : ( 22.788, 8.416 ) ( 22.824, 8.504 )


SHORT: ( Metal Short ) Regular Wire of Net CTS_9 & Blockage of Cell query_reg_reg_60_  ( M1 )
Bounds : ( 7.164, 12.420 ) ( 7.236, 12.464 )


SHORT: ( Metal Short ) Regular Wire of Net CTS_9 & Blockage of Cell query_reg_reg_42_  ( M1 )
Bounds : ( 7.164, 10.260 ) ( 7.236, 10.304 )


SHORT: ( Metal Short ) Regular Wire of Net CTS_9 & Blockage of Cell query_reg_reg_43_  ( M1 )
Bounds : ( 7.164, 7.020 ) ( 7.236, 7.064 )


MAR: ( Minimum Area ) Regular Wire of Net CTS_9  ( M1 )
Bounds : ( 7.164, 12.376 ) ( 7.236, 12.464 )


MAR: ( Minimum Area ) Regular Wire of Net CTS_9  ( M1 )
Bounds : ( 7.164, 10.216 ) ( 7.236, 10.304 )


MAR: ( Minimum Area ) Regular Wire of Net CTS_9  ( M1 )
Bounds : ( 7.164, 6.976 ) ( 7.236, 7.064 )


SPACING: ( ParallelRunLength Spacing ) Regular Wire of Net CTS_9 & Blockage of Cell query_reg_reg_43_  ( M1 )
Bounds : ( 7.236, 6.976 ) ( 7.272, 7.064 )


SPACING: ( ParallelRunLength Spacing ) Regular Wire of Net CTS_9 & Blockage of Cell query_reg_reg_42_  ( M1 )
Bounds : ( 7.236, 10.216 ) ( 7.272, 10.304 )


SPACING: ( ParallelRunLength Spacing ) Regular Wire of Net CTS_9 & Blockage of Cell query_reg_reg_60_  ( M1 )
Bounds : ( 7.236, 12.376 ) ( 7.272, 12.464 )


  Total Violations : 386 Viols.
