###############################################################
#  Generated by:      Cadence Innovus 23.12-s091_1
#  OS:                Linux x86_64(Host ID ecelinux-16.ece.cornell.edu)
#  Generated on:      Tue Nov 26 21:13:38 2024
#  Design:            dist_sort
#  Command:           verifyConnectivity -report ./dist_sort.conn.rpt
###############################################################
Verify Connectivity Report is created on Tue Nov 26 21:13:38 2024



Net CTS_9: dangling Wire at (44.856, 26.920) (44.856, 26.920) on layer: M1
Net CTS_9: dangling Wire at (44.532, 25.336) (44.532, 25.336) on layer: M1
Net CTS_9: dangling Wire at (38.700, 25.336) (38.700, 25.336) on layer: M1
Net CTS_9: dangling Wire at (38.052, 30.016) (38.052, 30.016) on layer: M1
Net CTS_9: dangling Wire at (34.812, 38.296) (34.812, 38.296) on layer: M1
Net CTS_9: dangling Wire at (33.516, 40.456) (33.516, 40.456) on layer: M1
Net CTS_9: dangling Wire at (30.708, 17.056) (30.708, 17.056) on layer: M1
Net CTS_9: dangling Wire at (30.276, 18.136) (30.276, 18.136) on layer: M1
Net CTS_9: dangling Wire at (28.764, 12.736) (28.764, 12.736) on layer: M1
Net CTS_9: dangling Wire at (28.764, 9.136) (28.764, 9.136) on layer: M1
Net CTS_9: dangling Wire at (27.144, 42.328) (27.144, 42.328) on layer: M1
Net CTS_9: dangling Wire at (25.848, 35.848) (25.848, 35.848) on layer: M1
Net CTS_9: dangling Wire at (24.012, 31.096) (24.012, 31.096) on layer: M1
Net CTS_9: dangling Wire at (23.580, 30.016) (23.580, 30.016) on layer: M1
Net CTS_9: dangling Wire at (23.580, 29.656) (23.580, 29.656) on layer: M1
Net CTS_9: dangling Wire at (23.364, 23.536) (23.364, 23.536) on layer: M1
Net CTS_9: dangling Wire at (23.148, 22.456) (23.148, 22.456) on layer: M1
Net CTS_9: dangling Wire at (23.148, 18.136) (23.148, 18.136) on layer: M1
Net CTS_9: dangling Wire at (23.148, 16.696) (23.148, 16.696) on layer: M1
Net CTS_9: dangling Wire at (22.824, 21.520) (22.824, 21.520) on layer: M1
Net CTS_9: dangling Wire at (22.824, 20.440) (22.824, 20.440) on layer: M1
Net CTS_9: dangling Wire at (22.716, 8.416) (22.716, 8.416) on layer: M1
Net CTS_9: dangling Wire at (22.500, 7.336) (22.500, 7.336) on layer: M1
Net CTS_9: dangling Wire at (22.284, 19.216) (22.284, 19.216) on layer: M1
Net CTS_9: dangling Wire at (17.532, 38.296) (17.532, 38.296) on layer: M1
Net CTS_9: dangling Wire at (17.532, 33.976) (17.532, 33.976) on layer: M1
Net CTS_9: dangling Wire at (17.532, 32.896) (17.532, 32.896) on layer: M1
Net CTS_9: dangling Wire at (16.776, 18.280) (16.776, 18.280) on layer: M1
Net CTS_9: dangling Wire at (16.668, 19.216) (16.668, 19.216) on layer: M1
Net CTS_9: dangling Wire at (16.344, 28.144) (16.344, 28.144) on layer: M1
Net CTS_9: dangling Wire at (16.344, 25.984) (16.344, 25.984) on layer: M1
Net CTS_9: dangling Wire at (7.272, 30.160) (7.272, 30.160) on layer: M1
Net CTS_9: dangling Wire at (7.272, 29.080) (7.272, 29.080) on layer: M1
Net CTS_9: dangling Wire at (7.272, 13.312) (7.272, 13.312) on layer: M1
Net CTS_9: dangling Wire at (7.164, 27.496) (7.164, 27.496) on layer: M1
Net CTS_9: dangling Wire at (7.164, 12.376) (7.164, 12.376) on layer: M1
Net CTS_9: dangling Wire at (7.164, 10.216) (7.164, 10.216) on layer: M1
Net CTS_9: dangling Wire at (7.164, 6.976) (7.164, 6.976) on layer: M1
Net CTS_8: dangling Wire at (49.932, 63.496) (49.932, 63.496) on layer: M1
Net CTS_8: dangling Wire at (46.584, 56.512) (46.584, 56.512) on layer: M1
Net CTS_8: dangling Wire at (37.944, 52.192) (37.944, 52.192) on layer: M1
Net CTS_8: dangling Wire at (36.216, 55.288) (36.216, 55.288) on layer: M1
Net CTS_8: dangling Wire at (28.008, 59.608) (28.008, 59.608) on layer: M1
Net CTS_8: dangling Wire at (27.144, 80.920) (27.144, 80.920) on layer: M1
Net CTS_8: dangling Wire at (26.172, 64.216) (26.172, 64.216) on layer: M1
Net CTS_8: dangling Wire at (25.416, 45.280) (25.416, 45.280) on layer: M1
Net CTS_7: dangling Wire at (21.852, 47.296) (21.852, 47.296) on layer: M1
Net CTS_7: dangling Wire at (20.556, 64.576) (20.556, 64.576) on layer: M1
Net CTS_7: dangling Wire at (19.368, 59.752) (19.368, 59.752) on layer: M1
Net CTS_7: dangling Wire at (19.260, 56.656) (19.260, 56.656) on layer: M1
Net CTS_7: dangling Wire at (19.044, 57.736) (19.044, 57.736) on layer: M1
Net CTS_7: dangling Wire at (18.180, 53.416) (18.180, 53.416) on layer: M1
Net CTS_7: dangling Wire at (9.324, 54.496) (9.324, 54.496) on layer: M1
Net CTS_7: dangling Wire at (7.596, 50.176) (7.596, 50.176) on layer: M1
Net CTS_7: dangling Wire at (7.272, 59.752) (7.272, 59.752) on layer: M1
Net CTS_7: dangling Wire at (7.272, 44.632) (7.272, 44.632) on layer: M1
Net CTS_1: dangling Wire at (189.144, 146.800) (189.144, 146.800) on layer: M1
Net CTS_1: dangling Wire at (189.144, 119.152) (189.144, 119.152) on layer: M1
Net CTS_1: dangling Wire at (189.036, 127.216) (189.036, 127.216) on layer: M1
Net CTS_1: dangling Wire at (189.036, 114.976) (189.036, 114.976) on layer: M1
Net CTS_1: dangling Wire at (188.712, 126.280) (188.712, 126.280) on layer: M1
Net CTS_1: dangling Wire at (188.712, 121.960) (188.712, 121.960) on layer: M1
Net CTS_1: dangling Wire at (188.712, 117.640) (188.712, 117.640) on layer: M1
Net CTS_1: dangling Wire at (188.712, 115.480) (188.712, 115.480) on layer: M1
Net CTS_1: dangling Wire at (188.604, 153.136) (188.604, 153.136) on layer: M1
Net CTS_1: dangling Wire at (188.604, 152.776) (188.604, 152.776) on layer: M1
Net CTS_1: dangling Wire at (188.604, 129.376) (188.604, 129.376) on layer: M1

Begin Summary
    67 Problem(s) (IMPVFC-94): The net has dangling wire(s).
    67 total info(s) created.
End Summary
