 ------------------------------------------------------------------------------------------------------------------------------------------------------- 
| Snapshot                | WNS                  | TNS                  | Density (%) | Hotspot                   | Resource               | DRVs       |
|                         | HEPG (ns) | ALL (ns) | HEPG (ns) | ALL (ns) |             | Max (bins) | Total (bins) | Real (s) | Memory (MB) | Tran | Cap |
|-------------------------+-----------+----------+-----------+----------+-------------+------------+--------------+----------+-------------+------+-----|
| initial_summary         |           |   -0.185 |           |       -1 |       93.32 |            |              | 0:00:02  |        3221 |    0 |   0 |
| route_type_refinement   |           |          |           |          |             |            |              | 0:00:00  |        3221 |      |     |
| simplify_netlist        |           |          |           |          |             |            |              | 0:00:01  |        3237 |      |     |
| excluded_clk_net_fixing |           |          |           |          |             |            |              | 0:00:00  |        3237 |      |     |
| global_opt              |           |   -0.179 |           |       -1 |       93.33 |            |              | 0:00:29  |        3257 |      |     |
| area_reclaiming         |     0.000 |   -0.166 |         0 |       -0 |       92.49 |            |              | 0:00:07  |        3260 |      |     |
| wns_fixing              |     0.000 |   -0.096 |         0 |       -0 |       99.25 |            |              | 0:02:25  |        3389 |      |     |
| tns_fixing              |     0.000 |   -0.096 |         0 |       -0 |       99.25 |            |              | 0:00:05  |        3377 |      |     |
| area_reclaiming_2       |     0.000 |   -0.080 |         0 |       -0 |       98.35 |            |              | 0:00:10  |        3275 |      |     |
| local_wire_reclaim      |           |          |           |          |             |            |              | 0:00:11  |        3261 |      |     |
| global_route            |           |          |           |          |             |     390.00 |       468.22 | 0:00:01  |        3241 |      |     |
| route_type_refinement_2 |           |          |           |          |             |            |              | 0:00:00  |        3241 |      |     |
| drv_eco_fixing          |     0.000 |   -0.322 |         0 |       -1 |       98.35 |            |              | 0:00:01  |        3259 |    0 |   0 |
| tns_eco_fixing          |     0.000 |   -0.302 |         0 |       -1 |       98.32 |            |              | 0:00:03  |        3347 |      |     |
| final_summary           |           |   -0.302 |           |       -1 |       98.32 |     403.89 |       495.00 | 0:00:02  |        3259 |    0 |   0 |
 ------------------------------------------------------------------------------------------------------------------------------------------------------- 
