 ------------------------------------------------------------------------------------------------------------------------------------------------------- 
| Snapshot                | WNS                  | TNS                  | Density (%) | Hotspot                   | Resource               | DRVs       |
|                         | HEPG (ns) | ALL (ns) | HEPG (ns) | ALL (ns) |             | Max (bins) | Total (bins) | Real (s) | Memory (MB) | Tran | Cap |
|-------------------------+-----------+----------+-----------+----------+-------------+------------+--------------+----------+-------------+------+-----|
| initial_summary         |           |   -0.071 |           |       -0 |       47.90 |            |              | 0:00:03  |        3256 |    0 |   0 |
| route_type_refinement   |           |          |           |          |             |            |              | 0:00:00  |        3256 |      |     |
| simplify_netlist        |           |          |           |          |             |            |              | 0:00:01  |        3272 |      |     |
| excluded_clk_net_fixing |           |          |           |          |             |            |              | 0:00:00  |        3272 |      |     |
| global_opt              |           |   -0.055 |           |       -0 |       47.40 |            |              | 0:00:29  |        3283 |      |     |
| area_reclaiming         |     0.000 |   -0.046 |         0 |       -0 |       46.72 |            |              | 0:00:11  |        3285 |      |     |
| wns_fixing              |     0.000 |   -0.010 |         0 |       -0 |       50.76 |            |              | 0:02:33  |        3420 |      |     |
| tns_fixing              |     0.000 |    0.001 |         0 |        0 |       50.82 |            |              | 0:00:17  |        3387 |      |     |
| area_reclaiming_2       |     0.000 |    0.009 |         0 |        0 |       49.09 |            |              | 0:00:20  |        3302 |      |     |
| local_wire_reclaim      |           |          |           |          |             |            |              | 0:00:11  |        3289 |      |     |
| global_route            |           |          |           |          |             |      13.78 |        87.56 | 0:00:01  |        3270 |      |     |
| route_type_refinement_2 |           |          |           |          |             |            |              | 0:00:00  |        3270 |      |     |
| drv_eco_fixing          |     0.000 |   -0.028 |         0 |       -0 |       49.09 |            |              | 0:00:01  |        3288 |    0 |   0 |
| wns_eco_fixing          |     0.000 |    0.000 |         0 |        0 |       50.11 |            |              | 0:00:41  |        3388 |      |     |
| final_summary           |           |   -0.006 |           |       -0 |       50.11 |      11.22 |        95.11 | 0:00:01  |        3296 |    0 |   0 |
 ------------------------------------------------------------------------------------------------------------------------------------------------------- 
