# //  Questa Sim-64
# //  Version 2024.2 linux_x86_64 May 20 2024
# //
# // Unpublished work. Copyright 2024 Siemens
# //
# // This material contains trade secrets or otherwise confidential information
# // owned by Siemens Industry Software Inc. or its affiliates (collectively,
# // "SISW"), or its licensors. Access to and use of this information is strictly
# // limited as set forth in the Customer's applicable agreements with SISW.
# //
# // This material may not be copied, distributed, or otherwise disclosed outside
# // of the Customer's facilities without the express written permission of SISW,
# // and may not be used in any way not expressly authorized by SISW.
# //

# Compile of asap7sc7p5t_24_AO_RVT_TT.v was successful.
# Compile of asap7sc7p5t_24_INVBUF_RVT_TT.v was successful.
# Compile of asap7sc7p5t_24_OA_RVT_TT.v was successful.
# Compile of asap7sc7p5t_24_SEQ_RVT_TT.v was successful.
# Compile of asap7sc7p5t_24_SIMPLE_RVT_TT.v was successful.
# Compile of dist_sort.RVT.2300.syn.v was successful.
# Compile of tb_dist_sort.sv was successful.
# 7 compiles, 0 failed with no errors.
vsim work.tb_dist_sort
# vsim work.tb_dist_sort 
# Start time: 10:02:57 on Nov 26,2024
# ** Note: (vsim-3813) Design is being optimized due to module recompilation...
# Support of the MGLS_LICENSE_FILE and LM_LICENSE_FILE licensing environment variables will be discontinued starting with the 2025.1 release. Please update to using the SALT_LICENSE_SERVER variable.
# Please contact Siemens EDA Customer Support (https://support.sw.siemens.com/) for assistance.
# Loading sv_std.std
# Loading work.tb_dist_sort(fast)
# ** Warning: (vsim-PLI-3003) [TOFD] - System task or function '$vcdplusfile' is not defined.
#    Time: 0 ps  Iteration: 0  Instance: /tb_dist_sort File: /home/sh2663/asap7_rundir/asic-final/post-synthesis-sim/tb_dist_sort.sv Line: 202
# ** Warning: (vsim-PLI-3003) [TOFD] - System task or function '$vcdplusmemon' is not defined.
#    Time: 0 ps  Iteration: 0  Instance: /tb_dist_sort File: /home/sh2663/asap7_rundir/asic-final/post-synthesis-sim/tb_dist_sort.sv Line: 203
# ** Warning: (vsim-PLI-3003) [TOFD] - System task or function '$vcdpluson' is not defined.
#    Time: 0 ps  Iteration: 0  Instance: /tb_dist_sort File: /home/sh2663/asap7_rundir/asic-final/post-synthesis-sim/tb_dist_sort.sv Line: 204
run -all
# ---------Fetching Input values------------
# ---------Fetching Golden values-----------
# ---------Initializing the inputs----------
# ** Error (suppressible): (vsim-12023) Cannot execute undefined system task/function '$vcdplusfile'
#    Time: 0 ps  Iteration: 0  Process: /tb_dist_sort/#INITIAL#201 File: /home/sh2663/asap7_rundir/asic-final/post-synthesis-sim/tb_dist_sort.sv Line: 202
# ** Error (suppressible): (vsim-12023) Cannot execute undefined system task/function '$vcdplusmemon'
#    Time: 0 ps  Iteration: 0  Process: /tb_dist_sort/#INITIAL#201 File: /home/sh2663/asap7_rundir/asic-final/post-synthesis-sim/tb_dist_sort.sv Line: 203
# ** Error (suppressible): (vsim-12023) Cannot execute undefined system task/function '$vcdpluson'
#    Time: 0 ps  Iteration: 0  Process: /tb_dist_sort/#INITIAL#201 File: /home/sh2663/asap7_rundir/asic-final/post-synthesis-sim/tb_dist_sort.sv Line: 204
# ---------Resetting the flops--------------
# ---------Passing the inputs to the design---------
# ------Starting Comparison with golden values-----
# Ip No:          0 Error in query:0ddabaaef1c450b1 Design_result:xxx xxx Golden_Result:xxx xxx
# Ip No:          1 Passed
# Ip No:          2 Passed
# Ip No:          3 Passed
# Ip No:          4 Passed
# Ip No:          5 Passed
# Ip No:          6 Passed
# Ip No:          7 Passed
# Ip No:          8 Passed
# Ip No:          9 Passed
# Ip No:         10 Passed
# Ip No:         11 Passed
# Ip No:         12 Passed
# Ip No:         13 Passed
# Ip No:         14 Passed
# Ip No:         15 Passed
# Ip No:         16 Passed
# Ip No:         17 Passed
# Ip No:         18 Passed
# Ip No:         19 Passed
# Ip No:         20 Passed
# Ip No:         21 Passed
# Ip No:         22 Passed
# Ip No:         23 Passed
# Ip No:         24 Passed
# Ip No:         25 Passed
# Ip No:         26 Passed
# Ip No:         27 Passed
# Ip No:         28 Passed
# Ip No:         29 Passed
# Ip No:         30 Passed
# Ip No:         31 Passed
# Ip No:         32 Passed
# Ip No:         33 Passed
# Ip No:         34 Passed
# Ip No:         35 Passed
# Ip No:         36 Passed
# Ip No:         37 Passed
# Ip No:         38 Passed
# Ip No:         39 Passed
# Ip No:         40 Passed
# Ip No:         41 Passed
# Ip No:         42 Passed
# Ip No:         43 Passed
# Ip No:         44 Passed
# Ip No:         45 Passed
# Ip No:         46 Passed
# Ip No:         47 Passed
# Ip No:         48 Passed
# Ip No:         49 Passed
# Ip No:         50 Passed
# Ip No:         51 Passed
# Ip No:         52 Passed
# Ip No:         53 Passed
# Ip No:         54 Passed
# Ip No:         55 Passed
# Ip No:         56 Passed
# Ip No:         57 Passed
# Ip No:         58 Passed
# Ip No:         59 Passed
# Ip No:         60 Passed
# Ip No:         61 Passed
# Ip No:         62 Passed
# Ip No:         63 Passed
# Ip No:         64 Passed
# Ip No:         65 Passed
# Ip No:         66 Passed
# Ip No:         67 Passed
# Ip No:         68 Passed
# Ip No:         69 Passed
# Ip No:         70 Passed
# Ip No:         71 Passed
# Ip No:         72 Passed
# Ip No:         73 Passed
# Ip No:         74 Passed
# Ip No:         75 Passed
# Ip No:         76 Passed
# Ip No:         77 Passed
# Ip No:         78 Passed
# Ip No:         79 Passed
# Ip No:         80 Passed
# Ip No:         81 Passed
# Ip No:         82 Passed
# Ip No:         83 Passed
# Ip No:         84 Passed
# Ip No:         85 Passed
# Ip No:         86 Passed
# Ip No:         87 Passed
# Ip No:         88 Passed
# Ip No:         89 Passed
# Ip No:         90 Passed
# Ip No:         91 Passed
# Ip No:         92 Passed
# Ip No:         93 Passed
# Ip No:         94 Passed
# Ip No:         95 Passed
# Ip No:         96 Passed
# Ip No:         97 Passed
# Ip No:         98 Passed
# Ip No:         99 Passed
# Ip No:        100 Passed
# Ip No:        101 Passed
# Ip No:        102 Passed
# Ip No:        103 Passed
# Ip No:        104 Passed
# Ip No:        105 Passed
# Ip No:        106 Passed
# Ip No:        107 Passed
# Ip No:        108 Passed
# Ip No:        109 Passed
# Ip No:        110 Passed
# Ip No:        111 Passed
# Ip No:        112 Passed
# Ip No:        113 Passed
# Ip No:        114 Passed
# Ip No:        115 Passed
# Ip No:        116 Passed
# Ip No:        117 Passed
# Ip No:        118 Passed
# Ip No:        119 Passed
# Ip No:        120 Passed
# Ip No:        121 Passed
# Ip No:        122 Passed
# Ip No:        123 Passed
# Ip No:        124 Passed
# Ip No:        125 Passed
# Ip No:        126 Passed
# Ip No:        127 Passed
# Ip No:        128 Passed
# Ip No:        129 Passed
# Ip No:        130 Passed
# Ip No:        131 Passed
# Ip No:        132 Passed
# Ip No:        133 Passed
# Ip No:        134 Passed
# Ip No:        135 Passed
# Ip No:        136 Passed
# Ip No:        137 Passed
# Ip No:        138 Passed
# Ip No:        139 Passed
# Ip No:        140 Passed
# Ip No:        141 Passed
# Ip No:        142 Passed
# Ip No:        143 Passed
# Ip No:        144 Passed
# Ip No:        145 Passed
# Ip No:        146 Passed
# Ip No:        147 Passed
# Ip No:        148 Passed
# Ip No:        149 Passed
# Ip No:        150 Passed
# Ip No:        151 Passed
# Ip No:        152 Passed
# Ip No:        153 Passed
# Ip No:        154 Passed
# Ip No:        155 Passed
# Ip No:        156 Passed
# Ip No:        157 Passed
# Ip No:        158 Passed
# Ip No:        159 Passed
# Ip No:        160 Passed
# Ip No:        161 Passed
# Ip No:        162 Passed
# Ip No:        163 Passed
# Ip No:        164 Passed
# Ip No:        165 Passed
# Ip No:        166 Passed
# Ip No:        167 Passed
# Ip No:        168 Passed
# Ip No:        169 Passed
# Ip No:        170 Passed
# Ip No:        171 Passed
# Ip No:        172 Passed
# Ip No:        173 Passed
# Ip No:        174 Passed
# Ip No:        175 Passed
# Ip No:        176 Passed
# Ip No:        177 Passed
# Ip No:        178 Passed
# Ip No:        179 Passed
# Ip No:        180 Passed
# Ip No:        181 Passed
# Ip No:        182 Passed
# Ip No:        183 Passed
# Ip No:        184 Passed
# Ip No:        185 Passed
# Ip No:        186 Passed
# Ip No:        187 Passed
# Ip No:        188 Passed
# Ip No:        189 Passed
# Ip No:        190 Passed
# Ip No:        191 Passed
# Ip No:        192 Passed
# Ip No:        193 Passed
# Ip No:        194 Passed
# Ip No:        195 Passed
# Ip No:        196 Passed
# Ip No:        197 Passed
# Ip No:        198 Passed
# Ip No:        199 Passed
# Ip No:        200 Passed
# Ip No:        201 Passed
# Ip No:        202 Passed
# Ip No:        203 Passed
# Ip No:        204 Passed
# Ip No:        205 Passed
# Ip No:        206 Passed
# Ip No:        207 Passed
# Ip No:        208 Passed
# Ip No:        209 Passed
# Ip No:        210 Passed
# Ip No:        211 Passed
# Ip No:        212 Passed
# Ip No:        213 Passed
# Ip No:        214 Passed
# Ip No:        215 Passed
# Ip No:        216 Passed
# Ip No:        217 Passed
# Ip No:        218 Passed
# Ip No:        219 Passed
# Ip No:        220 Passed
# Ip No:        221 Passed
# Ip No:        222 Passed
# Ip No:        223 Passed
# Ip No:        224 Passed
# Ip No:        225 Passed
# Ip No:        226 Passed
# Ip No:        227 Passed
# Ip No:        228 Passed
# Ip No:        229 Passed
# Ip No:        230 Passed
# Ip No:        231 Passed
# Ip No:        232 Passed
# Ip No:        233 Passed
# Ip No:        234 Passed
# Ip No:        235 Passed
# Ip No:        236 Passed
# Ip No:        237 Passed
# Ip No:        238 Passed
# Ip No:        239 Passed
# Ip No:        240 Passed
# Ip No:        241 Passed
# Ip No:        242 Passed
# Ip No:        243 Passed
# Ip No:        244 Passed
# Ip No:        245 Passed
# Ip No:        246 Passed
# Ip No:        247 Passed
# Ip No:        248 Passed
# Ip No:        249 Passed
# Ip No:        250 Passed
# Ip No:        251 Passed
# Ip No:        252 Passed
# Ip No:        253 Passed
# Ip No:        254 Passed
# Ip No:        255 Passed
# Ip No:        256 Passed
# Ip No:        257 Passed
# Ip No:        258 Passed
# Ip No:        259 Passed
# Ip No:        260 Passed
# Ip No:        261 Passed
# Ip No:        262 Passed
# Ip No:        263 Passed
# Ip No:        264 Passed
# Ip No:        265 Passed
# Ip No:        266 Passed
# Ip No:        267 Passed
# Ip No:        268 Passed
# Ip No:        269 Passed
# Ip No:        270 Passed
# Ip No:        271 Passed
# Ip No:        272 Passed
# Ip No:        273 Passed
# Ip No:        274 Passed
# Ip No:        275 Passed
# Ip No:        276 Passed
# Ip No:        277 Passed
# Ip No:        278 Passed
# Ip No:        279 Passed
# Ip No:        280 Passed
# Ip No:        281 Passed
# Ip No:        282 Passed
# Ip No:        283 Passed
# Ip No:        284 Passed
# Ip No:        285 Passed
# Ip No:        286 Passed
# Ip No:        287 Passed
# Ip No:        288 Passed
# Ip No:        289 Passed
# Ip No:        290 Passed
# Ip No:        291 Passed
# Ip No:        292 Passed
# Ip No:        293 Passed
# Ip No:        294 Passed
# Ip No:        295 Passed
# Ip No:        296 Passed
# Ip No:        297 Passed
# Ip No:        298 Passed
# Ip No:        299 Passed
# Ip No:        300 Passed
# Ip No:        301 Passed
# Ip No:        302 Passed
# Ip No:        303 Passed
# Ip No:        304 Passed
# Ip No:        305 Passed
# Ip No:        306 Passed
# Ip No:        307 Passed
# Ip No:        308 Passed
# Ip No:        309 Passed
# Ip No:        310 Passed
# Ip No:        311 Passed
# Ip No:        312 Passed
# Ip No:        313 Passed
# Ip No:        314 Passed
# Ip No:        315 Passed
# Ip No:        316 Passed
# Ip No:        317 Passed
# Ip No:        318 Passed
# Ip No:        319 Passed
# Ip No:        320 Passed
# Ip No:        321 Passed
# Ip No:        322 Passed
# Ip No:        323 Passed
# Ip No:        324 Passed
# Ip No:        325 Passed
# Ip No:        326 Passed
# Ip No:        327 Passed
# Ip No:        328 Passed
# Ip No:        329 Passed
# Ip No:        330 Passed
# Ip No:        331 Passed
# Ip No:        332 Passed
# Ip No:        333 Passed
# Ip No:        334 Passed
# Ip No:        335 Passed
# Ip No:        336 Passed
# Ip No:        337 Passed
# Ip No:        338 Passed
# Ip No:        339 Passed
# Ip No:        340 Passed
# Ip No:        341 Passed
# Ip No:        342 Passed
# Ip No:        343 Passed
# Ip No:        344 Passed
# Ip No:        345 Passed
# Ip No:        346 Passed
# Ip No:        347 Passed
# Ip No:        348 Passed
# Ip No:        349 Passed
# Ip No:        350 Passed
# Ip No:        351 Passed
# Ip No:        352 Passed
# Ip No:        353 Passed
# Ip No:        354 Passed
# Ip No:        355 Passed
# Ip No:        356 Passed
# Ip No:        357 Passed
# Ip No:        358 Passed
# Ip No:        359 Passed
# Ip No:        360 Passed
# Ip No:        361 Passed
# Ip No:        362 Passed
# Ip No:        363 Passed
# Ip No:        364 Passed
# Ip No:        365 Passed
# Ip No:        366 Passed
# Ip No:        367 Passed
# Ip No:        368 Passed
# Ip No:        369 Passed
# Ip No:        370 Passed
# Ip No:        371 Passed
# Ip No:        372 Passed
# Ip No:        373 Passed
# Ip No:        374 Passed
# Ip No:        375 Passed
# Ip No:        376 Passed
# Ip No:        377 Passed
# Ip No:        378 Passed
# Ip No:        379 Passed
# Ip No:        380 Passed
# Ip No:        381 Passed
# Ip No:        382 Passed
# Ip No:        383 Passed
# Ip No:        384 Passed
# Ip No:        385 Passed
# Ip No:        386 Passed
# Ip No:        387 Passed
# Ip No:        388 Passed
# Ip No:        389 Passed
# Ip No:        390 Passed
# Ip No:        391 Passed
# Ip No:        392 Passed
# Ip No:        393 Passed
# Ip No:        394 Passed
# Ip No:        395 Passed
# Ip No:        396 Passed
# Ip No:        397 Passed
# Ip No:        398 Passed
# Ip No:        399 Passed
# Ip No:        400 Passed
# Ip No:        401 Passed
# Ip No:        402 Passed
# Ip No:        403 Passed
# Ip No:        404 Passed
# Ip No:        405 Passed
# Ip No:        406 Passed
# Ip No:        407 Passed
# Ip No:        408 Passed
# Ip No:        409 Passed
# Ip No:        410 Passed
# Ip No:        411 Passed
# Ip No:        412 Passed
# Ip No:        413 Passed
# Ip No:        414 Passed
# Ip No:        415 Passed
# Ip No:        416 Passed
# Ip No:        417 Passed
# Ip No:        418 Passed
# Ip No:        419 Passed
# Ip No:        420 Passed
# Ip No:        421 Passed
# Ip No:        422 Passed
# Ip No:        423 Passed
# Ip No:        424 Passed
# Ip No:        425 Passed
# Ip No:        426 Passed
# Ip No:        427 Passed
# Ip No:        428 Passed
# Ip No:        429 Passed
# Ip No:        430 Passed
# Ip No:        431 Passed
# Ip No:        432 Passed
# Ip No:        433 Passed
# Ip No:        434 Passed
# Ip No:        435 Passed
# Ip No:        436 Passed
# Ip No:        437 Passed
# Ip No:        438 Passed
# Ip No:        439 Passed
# Ip No:        440 Passed
# Ip No:        441 Passed
# Ip No:        442 Passed
# Ip No:        443 Passed
# Ip No:        444 Passed
# Ip No:        445 Passed
# Ip No:        446 Passed
# Ip No:        447 Passed
# Ip No:        448 Passed
# Ip No:        449 Passed
# Ip No:        450 Passed
# Ip No:        451 Passed
# Ip No:        452 Passed
# Ip No:        453 Passed
# Ip No:        454 Passed
# Ip No:        455 Passed
# Ip No:        456 Passed
# Ip No:        457 Passed
# Ip No:        458 Passed
# Ip No:        459 Passed
# Ip No:        460 Passed
# Ip No:        461 Passed
# Ip No:        462 Passed
# Ip No:        463 Passed
# Ip No:        464 Passed
# Ip No:        465 Passed
# Ip No:        466 Passed
# Ip No:        467 Passed
# Ip No:        468 Passed
# Ip No:        469 Passed
# Ip No:        470 Passed
# Ip No:        471 Passed
# Ip No:        472 Passed
# Ip No:        473 Passed
# Ip No:        474 Passed
# Ip No:        475 Passed
# Ip No:        476 Passed
# Ip No:        477 Passed
# Ip No:        478 Passed
# Ip No:        479 Passed
# Ip No:        480 Passed
# Ip No:        481 Passed
# Ip No:        482 Passed
# Ip No:        483 Passed
# Ip No:        484 Passed
# Ip No:        485 Passed
# Ip No:        486 Passed
# Ip No:        487 Passed
# Ip No:        488 Passed
# Ip No:        489 Passed
# Ip No:        490 Passed
# Ip No:        491 Passed
# Ip No:        492 Passed
# Ip No:        493 Passed
# Ip No:        494 Passed
# Ip No:        495 Passed
# Ip No:        496 Passed
# Ip No:        497 Passed
# Ip No:        498 Passed
# Ip No:        499 Passed
# Ip No:        500 Passed
# Ip No:        501 Passed
# Ip No:        502 Passed
# Ip No:        503 Passed
# Ip No:        504 Passed
# Ip No:        505 Passed
# Ip No:        506 Passed
# Ip No:        507 Passed
# Ip No:        508 Passed
# Ip No:        509 Passed
# Ip No:        510 Passed
# Ip No:        511 Passed
# Ip No:        512 Passed
# Ip No:        513 Passed
# Ip No:        514 Passed
# Ip No:        515 Passed
# Ip No:        516 Passed
# Ip No:        517 Passed
# Ip No:        518 Passed
# Ip No:        519 Passed
# Ip No:        520 Passed
# Ip No:        521 Passed
# Ip No:        522 Passed
# Ip No:        523 Passed
# Ip No:        524 Passed
# Ip No:        525 Passed
# Ip No:        526 Passed
# Ip No:        527 Passed
# Ip No:        528 Passed
# Ip No:        529 Passed
# Ip No:        530 Passed
# Ip No:        531 Passed
# Ip No:        532 Passed
# Ip No:        533 Passed
# Ip No:        534 Passed
# Ip No:        535 Passed
# Ip No:        536 Passed
# Ip No:        537 Passed
# Ip No:        538 Passed
# Ip No:        539 Passed
# Ip No:        540 Passed
# Ip No:        541 Passed
# Ip No:        542 Passed
# Ip No:        543 Passed
# Ip No:        544 Passed
# Ip No:        545 Passed
# Ip No:        546 Passed
# Ip No:        547 Passed
# Ip No:        548 Passed
# Ip No:        549 Passed
# Ip No:        550 Passed
# Ip No:        551 Passed
# Ip No:        552 Passed
# Ip No:        553 Passed
# Ip No:        554 Passed
# Ip No:        555 Passed
# Ip No:        556 Passed
# Ip No:        557 Passed
# Ip No:        558 Passed
# Ip No:        559 Passed
# Ip No:        560 Passed
# Ip No:        561 Passed
# Ip No:        562 Passed
# Ip No:        563 Passed
# Ip No:        564 Passed
# Ip No:        565 Passed
# Ip No:        566 Passed
# Ip No:        567 Passed
# Ip No:        568 Passed
# Ip No:        569 Passed
# Ip No:        570 Passed
# Ip No:        571 Passed
# Ip No:        572 Passed
# Ip No:        573 Passed
# Ip No:        574 Passed
# Ip No:        575 Passed
# Ip No:        576 Passed
# Ip No:        577 Passed
# Ip No:        578 Passed
# Ip No:        579 Passed
# Ip No:        580 Passed
# Ip No:        581 Passed
# Ip No:        582 Passed
# Ip No:        583 Passed
# Ip No:        584 Passed
# Ip No:        585 Passed
# Ip No:        586 Passed
# Ip No:        587 Passed
# Ip No:        588 Passed
# Ip No:        589 Passed
# Ip No:        590 Passed
# Ip No:        591 Passed
# Ip No:        592 Passed
# Ip No:        593 Passed
# Ip No:        594 Passed
# Ip No:        595 Passed
# Ip No:        596 Passed
# Ip No:        597 Passed
# Ip No:        598 Passed
# Ip No:        599 Passed
# Ip No:        600 Passed
# Ip No:        601 Passed
# Ip No:        602 Passed
# Ip No:        603 Passed
# Ip No:        604 Passed
# Ip No:        605 Passed
# Ip No:        606 Passed
# Ip No:        607 Passed
# Ip No:        608 Passed
# Ip No:        609 Passed
# Ip No:        610 Passed
# Ip No:        611 Passed
# Ip No:        612 Passed
# Ip No:        613 Passed
# Ip No:        614 Passed
# Ip No:        615 Passed
# Ip No:        616 Passed
# Ip No:        617 Passed
# Ip No:        618 Passed
# Ip No:        619 Passed
# Ip No:        620 Passed
# Ip No:        621 Passed
# Ip No:        622 Passed
# Ip No:        623 Passed
# Ip No:        624 Passed
# Ip No:        625 Passed
# Ip No:        626 Passed
# Ip No:        627 Passed
# Ip No:        628 Passed
# Ip No:        629 Passed
# Ip No:        630 Passed
# Ip No:        631 Passed
# Ip No:        632 Passed
# Ip No:        633 Passed
# Ip No:        634 Passed
# Ip No:        635 Passed
# Ip No:        636 Passed
# Ip No:        637 Passed
# Ip No:        638 Passed
# Ip No:        639 Passed
# Ip No:        640 Passed
# Ip No:        641 Passed
# Ip No:        642 Passed
# Ip No:        643 Passed
# Ip No:        644 Passed
# Ip No:        645 Passed
# Ip No:        646 Passed
# Ip No:        647 Passed
# Ip No:        648 Passed
# Ip No:        649 Passed
# Ip No:        650 Passed
# Ip No:        651 Passed
# Ip No:        652 Passed
# Ip No:        653 Passed
# Ip No:        654 Passed
# Ip No:        655 Passed
# Ip No:        656 Passed
# Ip No:        657 Passed
# Ip No:        658 Passed
# Ip No:        659 Passed
# Ip No:        660 Passed
# Ip No:        661 Passed
# Ip No:        662 Passed
# Ip No:        663 Passed
# Ip No:        664 Passed
# Ip No:        665 Passed
# Ip No:        666 Passed
# Ip No:        667 Passed
# Ip No:        668 Passed
# Ip No:        669 Passed
# Ip No:        670 Passed
# Ip No:        671 Passed
# Ip No:        672 Passed
# Ip No:        673 Passed
# Ip No:        674 Passed
# Ip No:        675 Passed
# Ip No:        676 Passed
# Ip No:        677 Passed
# Ip No:        678 Passed
# Ip No:        679 Passed
# Ip No:        680 Passed
# Ip No:        681 Passed
# Ip No:        682 Passed
# Ip No:        683 Passed
# Ip No:        684 Passed
# Ip No:        685 Passed
# Ip No:        686 Passed
# Ip No:        687 Passed
# Ip No:        688 Passed
# Ip No:        689 Passed
# Ip No:        690 Passed
# Ip No:        691 Passed
# Ip No:        692 Passed
# Ip No:        693 Passed
# Ip No:        694 Passed
# Ip No:        695 Passed
# Ip No:        696 Passed
# Ip No:        697 Passed
# Ip No:        698 Passed
# Ip No:        699 Passed
# Ip No:        700 Passed
# Ip No:        701 Passed
# Ip No:        702 Passed
# Ip No:        703 Passed
# Ip No:        704 Passed
# Ip No:        705 Passed
# Ip No:        706 Passed
# Ip No:        707 Passed
# Ip No:        708 Passed
# Ip No:        709 Passed
# Ip No:        710 Passed
# Ip No:        711 Passed
# Ip No:        712 Passed
# Ip No:        713 Passed
# Ip No:        714 Passed
# Ip No:        715 Passed
# Ip No:        716 Passed
# Ip No:        717 Passed
# Ip No:        718 Passed
# Ip No:        719 Passed
# Ip No:        720 Passed
# Ip No:        721 Passed
# Ip No:        722 Passed
# Ip No:        723 Passed
# Ip No:        724 Passed
# Ip No:        725 Passed
# Ip No:        726 Passed
# Ip No:        727 Passed
# Ip No:        728 Passed
# Ip No:        729 Passed
# Ip No:        730 Passed
# Ip No:        731 Passed
# Ip No:        732 Passed
# Ip No:        733 Passed
# Ip No:        734 Passed
# Ip No:        735 Passed
# Ip No:        736 Passed
# Ip No:        737 Passed
# Ip No:        738 Passed
# Ip No:        739 Passed
# Ip No:        740 Passed
# Ip No:        741 Passed
# Ip No:        742 Passed
# Ip No:        743 Passed
# Ip No:        744 Passed
# Ip No:        745 Passed
# Ip No:        746 Passed
# Ip No:        747 Passed
# Ip No:        748 Passed
# Ip No:        749 Passed
# Ip No:        750 Passed
# Ip No:        751 Passed
# Ip No:        752 Passed
# Ip No:        753 Passed
# Ip No:        754 Passed
# Ip No:        755 Passed
# Ip No:        756 Passed
# Ip No:        757 Passed
# Ip No:        758 Passed
# Ip No:        759 Passed
# Ip No:        760 Passed
# Ip No:        761 Passed
# Ip No:        762 Passed
# Ip No:        763 Passed
# Ip No:        764 Passed
# Ip No:        765 Passed
# Ip No:        766 Passed
# Ip No:        767 Passed
# Ip No:        768 Passed
# Ip No:        769 Passed
# Ip No:        770 Passed
# Ip No:        771 Passed
# Ip No:        772 Passed
# Ip No:        773 Passed
# Ip No:        774 Passed
# Ip No:        775 Passed
# Ip No:        776 Passed
# Ip No:        777 Passed
# Ip No:        778 Passed
# Ip No:        779 Passed
# Ip No:        780 Passed
# Ip No:        781 Passed
# Ip No:        782 Passed
# Ip No:        783 Passed
# Ip No:        784 Passed
# Ip No:        785 Passed
# Ip No:        786 Passed
# Ip No:        787 Passed
# Ip No:        788 Passed
# Ip No:        789 Passed
# Ip No:        790 Passed
# Ip No:        791 Passed
# Ip No:        792 Passed
# Ip No:        793 Passed
# Ip No:        794 Passed
# Ip No:        795 Passed
# Ip No:        796 Passed
# Ip No:        797 Passed
# Ip No:        798 Passed
# Ip No:        799 Passed
# Ip No:        800 Passed
# Ip No:        801 Passed
# Ip No:        802 Passed
# Ip No:        803 Passed
# Ip No:        804 Passed
# Ip No:        805 Passed
# Ip No:        806 Passed
# Ip No:        807 Passed
# Ip No:        808 Passed
# Ip No:        809 Passed
# Ip No:        810 Passed
# Ip No:        811 Passed
# Ip No:        812 Passed
# Ip No:        813 Passed
# Ip No:        814 Passed
# Ip No:        815 Passed
# Ip No:        816 Passed
# Ip No:        817 Passed
# Ip No:        818 Passed
# Ip No:        819 Passed
# Ip No:        820 Passed
# Ip No:        821 Passed
# Ip No:        822 Passed
# Ip No:        823 Passed
# Ip No:        824 Passed
# Ip No:        825 Passed
# Ip No:        826 Passed
# Ip No:        827 Passed
# Ip No:        828 Passed
# Ip No:        829 Passed
# Ip No:        830 Passed
# Ip No:        831 Passed
# Ip No:        832 Passed
# Ip No:        833 Passed
# Ip No:        834 Passed
# Ip No:        835 Passed
# Ip No:        836 Passed
# Ip No:        837 Passed
# Ip No:        838 Passed
# Ip No:        839 Passed
# Ip No:        840 Passed
# Ip No:        841 Passed
# Ip No:        842 Passed
# Ip No:        843 Passed
# Ip No:        844 Passed
# Ip No:        845 Passed
# Ip No:        846 Passed
# Ip No:        847 Passed
# Ip No:        848 Passed
# Ip No:        849 Passed
# Ip No:        850 Passed
# Ip No:        851 Passed
# Ip No:        852 Passed
# Ip No:        853 Passed
# Ip No:        854 Passed
# Ip No:        855 Passed
# Ip No:        856 Passed
# Ip No:        857 Passed
# Ip No:        858 Passed
# Ip No:        859 Passed
# Ip No:        860 Passed
# Ip No:        861 Passed
# Ip No:        862 Passed
# Ip No:        863 Passed
# Ip No:        864 Passed
# Ip No:        865 Passed
# Ip No:        866 Passed
# Ip No:        867 Passed
# Ip No:        868 Passed
# Ip No:        869 Passed
# Ip No:        870 Passed
# Ip No:        871 Passed
# Ip No:        872 Passed
# Ip No:        873 Passed
# Ip No:        874 Passed
# Ip No:        875 Passed
# Ip No:        876 Passed
# Ip No:        877 Passed
# Ip No:        878 Passed
# Ip No:        879 Passed
# Ip No:        880 Passed
# Ip No:        881 Passed
# Ip No:        882 Passed
# Ip No:        883 Passed
# Ip No:        884 Passed
# Ip No:        885 Passed
# Ip No:        886 Passed
# Ip No:        887 Passed
# Ip No:        888 Passed
# Ip No:        889 Passed
# Ip No:        890 Passed
# Ip No:        891 Passed
# Ip No:        892 Passed
# Ip No:        893 Passed
# Ip No:        894 Passed
# Ip No:        895 Passed
# Ip No:        896 Passed
# Ip No:        897 Passed
# Ip No:        898 Passed
# Ip No:        899 Passed
# Ip No:        900 Passed
# Ip No:        901 Passed
# Ip No:        902 Passed
# Ip No:        903 Passed
# Ip No:        904 Passed
# Ip No:        905 Passed
# Ip No:        906 Passed
# Ip No:        907 Passed
# Ip No:        908 Passed
# Ip No:        909 Passed
# Ip No:        910 Passed
# Ip No:        911 Passed
# Ip No:        912 Passed
# Ip No:        913 Passed
# Ip No:        914 Passed
# Ip No:        915 Passed
# Ip No:        916 Passed
# Ip No:        917 Passed
# Ip No:        918 Passed
# Ip No:        919 Passed
# Ip No:        920 Passed
# Ip No:        921 Passed
# Ip No:        922 Passed
# Ip No:        923 Passed
# Ip No:        924 Passed
# Ip No:        925 Passed
# Ip No:        926 Passed
# Ip No:        927 Passed
# Ip No:        928 Passed
# Ip No:        929 Passed
# Ip No:        930 Passed
# Ip No:        931 Passed
# Ip No:        932 Passed
# Ip No:        933 Passed
# Ip No:        934 Passed
# Ip No:        935 Passed
# Ip No:        936 Passed
# Ip No:        937 Passed
# Ip No:        938 Passed
# Ip No:        939 Passed
# Ip No:        940 Passed
# Ip No:        941 Passed
# Ip No:        942 Passed
# Ip No:        943 Passed
# Ip No:        944 Passed
# Ip No:        945 Passed
# Ip No:        946 Passed
# Ip No:        947 Passed
# Ip No:        948 Passed
# Ip No:        949 Passed
# Ip No:        950 Passed
# Ip No:        951 Passed
# Ip No:        952 Passed
# Ip No:        953 Passed
# Ip No:        954 Passed
# Ip No:        955 Passed
# Ip No:        956 Passed
# Ip No:        957 Passed
# Ip No:        958 Passed
# Ip No:        959 Passed
# Ip No:        960 Passed
# Ip No:        961 Passed
# Ip No:        962 Passed
# Ip No:        963 Passed
# Ip No:        964 Passed
# Ip No:        965 Passed
# Ip No:        966 Passed
# Ip No:        967 Passed
# Ip No:        968 Passed
# Ip No:        969 Passed
# Ip No:        970 Passed
# Ip No:        971 Passed
# Ip No:        972 Passed
# Ip No:        973 Passed
# Ip No:        974 Passed
# Ip No:        975 Passed
# Ip No:        976 Passed
# Ip No:        977 Passed
# Ip No:        978 Passed
# Ip No:        979 Passed
# Ip No:        980 Passed
# Ip No:        981 Passed
# Ip No:        982 Passed
# Ip No:        983 Passed
# Ip No:        984 Passed
# Ip No:        985 Passed
# Ip No:        986 Passed
# Ip No:        987 Passed
# Ip No:        988 Passed
# Ip No:        989 Passed
# Ip No:        990 Passed
# Ip No:        991 Passed
# Ip No:        992 Passed
# Ip No:        993 Passed
# Ip No:        994 Passed
# Ip No:        995 Passed
# Ip No:        996 Passed
# Ip No:        997 Passed
# Ip No:        998 Passed
# Ip No:        999 Passed
# ----Done with comparing against golden values------
# !!!!!!!!!!!!!!!!!!!!!!!END OF TB!!!!!!!!!!!!!!!!!!!!!!!!!!!!
# ** Note: $finish    : /home/sh2663/asap7_rundir/asic-final/post-synthesis-sim/tb_dist_sort.sv(212)
#    Time: 20 ns  Iteration: 0  Instance: /tb_dist_sort
# 1
# Break at /home/sh2663/asap7_rundir/asic-final/post-synthesis-sim/tb_dist_sort.sv line 212
quit
# End time: 10:22:28 on Nov 26,2024, Elapsed time: 0:19:31
# Errors: 3, Warnings: 5
