Error: Current design is not defined. (UID-4)
0
Error: Current design is not defined. (UID-4)
0
Error: Current design is not defined. (UID-4)
0
Error: Current design is not defined. (UID-4)
0
 
****************************************
Report : constraint
        -all_violators
        -verbose
Design : dist_sort
Version: V-2023.12-SP5
Date   : Mon Nov 25 12:41:36 2024
****************************************


  Startpoint: query[57] (input port clocked by clk)
  Endpoint: addr_2nd_reg_2_
            (rising edge-triggered flip-flop clocked by clk)
  Path Group: clk
  Path Type: max

  Point                                              Incr       Path
  ---------------------------------------------------------------------
  clock clk (rise edge)                              0.00       0.00
  clock network delay (ideal)                        0.00       0.00
  input external delay                               0.10       0.10 f
  query[57] (in)                                     5.56       5.66 f
  U6773/Y (NAND2x1p5_ASAP7_75t_SL)                   8.56      14.22 r
  U5544/Y (OAI21x1_ASAP7_75t_SL)                     7.31      21.53 f
  U1265/Y (INVx3_ASAP7_75t_SL)                       6.10      27.63 r
  U6593/Y (NOR2x1p5_ASAP7_75t_SL)                    5.40      33.03 f
  U6253/Y (NOR2x1p5_ASAP7_75t_SL)                    6.33      39.36 r
  U6331/Y (HB1xp67_ASAP7_75t_SL)                    15.53      54.89 r
  U4527/Y (XOR2xp5_ASAP7_75t_SL)                    18.54      73.44 r
  U1194/Y (XOR2xp5_ASAP7_75t_SL)                    16.24      89.67 r
  U6474/Y (XOR2x1_ASAP7_75t_SL)                     12.44     102.11 r
  U6428/Y (XOR2xp5_ASAP7_75t_SL)                    12.90     115.02 r
  U1193/Y (XOR2xp5_ASAP7_75t_SL)                    17.58     132.60 r
  U7484/Y (MAJIxp5_ASAP7_75t_SL)                    10.41     143.01 f
  U6825/Y (INVx1_ASAP7_75t_SL)                       8.64     151.65 r
  U5840/Y (XNOR2x1_ASAP7_75t_SL)                    12.04     163.69 r
  U8241/Y (INVx1_ASAP7_75t_SL)                       4.94     168.63 f
  U7235/Y (MAJIxp5_ASAP7_75t_SL)                     9.95     178.58 r
  U6985/Y (INVx1_ASAP7_75t_SL)                       5.30     183.88 f
  U5767/Y (XNOR2xp5_ASAP7_75t_SL)                   13.18     197.06 f
  U5766/Y (MAJIxp5_ASAP7_75t_L)                     21.64     218.70 r
  U8285/Y (NOR2x1p5_ASAP7_75t_SL)                    7.58     226.28 f
  U787/Y (INVx1_ASAP7_75t_SL)                        8.94     235.22 r
  U6088/Y (NAND2x1_ASAP7_75t_SL)                     4.51     239.73 f
  U5159/Y (XNOR2xp5_ASAP7_75t_SL)                   14.12     253.86 f
  U8337/Y (INVx2_ASAP7_75t_SL)                       9.23     263.09 r
  U8338/Y (AOI22x1_ASAP7_75t_SL)                     6.42     269.51 f
  U7734/Y (NAND3xp33_ASAP7_75t_SL)                  10.54     280.06 r
  U5204/Y (AOI31xp67_ASAP7_75t_SL)                  11.51     291.57 f
  U1446/Y (INVx3_ASAP7_75t_SL)                       9.26     300.83 r
  U8377/Y (OR2x2_ASAP7_75t_SL)                      10.59     311.41 r
  U8378/Y (OAI21x1_ASAP7_75t_SL)                     5.17     316.58 f
  U8382/Y (NAND2xp5_ASAP7_75t_SL)                    5.30     321.88 r
  U5473/Y (OAI211xp5_ASAP7_75t_SL)                   6.37     328.25 f
  U5226/Y (NOR2xp33_ASAP7_75t_SL)                    7.35     335.60 r
  U8383/Y (A2O1A1Ixp33_ASAP7_75t_SL)                11.76     347.36 f
  U8384/Y (NAND2x1p5_ASAP7_75t_SL)                  13.61     360.97 r
  U6535/Y (NAND2x2_ASAP7_75t_SL)                     9.27     370.24 f
  U1461/Y (INVx3_ASAP7_75t_SL)                       9.73     379.97 r
  U1293/Y (OAI22x1_ASAP7_75t_SL)                     8.15     388.12 f
  U1292/Y (NOR2x1_ASAP7_75t_SL)                      6.74     394.86 r
  U5246/Y (NOR2x1_ASAP7_75t_SL)                      5.17     400.04 f
  U8410/Y (O2A1O1Ixp5_ASAP7_75t_SL)                  6.99     407.03 r
  U1239/Y (OAI211xp5_ASAP7_75t_SL)                   7.34     414.37 f
  U8420/Y (AO21x2_ASAP7_75t_SL)                     17.49     431.86 f
  U5901/Y (BUFx6f_ASAP7_75t_SL)                     11.63     443.50 f
  U1428/Y (NOR2x1p5_ASAP7_75t_SL)                    6.01     449.51 r
  U8431/Y (NOR2x1_ASAP7_75t_SL)                      4.33     453.84 f
  U1144/Y (AOI22xp5_ASAP7_75t_SL)                    7.29     461.13 r
  U1076/Y (A2O1A1Ixp33_ASAP7_75t_SL)                 7.55     468.68 f
  U5377/Y (NAND3xp33_ASAP7_75t_SL)                   5.95     474.62 r
  U5376/Y (NAND3xp33_ASAP7_75t_SL)                   8.64     483.26 f
  U5381/Y (AOI31xp67_ASAP7_75t_SL)                  10.61     493.87 r
  U8004/Y (INVx1_ASAP7_75t_SL)                       5.34     499.21 f
  U5942/Y (AND2x2_ASAP7_75t_SL)                     10.77     509.98 f
  U5921/Y (NOR2x1_ASAP7_75t_SL)                      4.51     514.48 r
  U8006/Y (INVx1_ASAP7_75t_SL)                       3.07     517.55 f
  U6842/Y (AND2x2_ASAP7_75t_SL)                     10.52     528.07 f
  U6056/Y (OAI21xp5_ASAP7_75t_SL)                    4.65     532.72 r
  U5540/Y (OAI211xp5_ASAP7_75t_SL)                   7.34     540.06 f
  U5539/Y (AO21x2_ASAP7_75t_SL)                     17.66     557.72 f
  U8456/Y (NAND2x1p5_ASAP7_75t_SL)                   8.67     566.39 r
  U1213/Y (INVx4_ASAP7_75t_SL)                       5.79     572.18 f
  U5403/Y (AOI22xp5_ASAP7_75t_SL)                    7.56     579.74 r
  U5402/Y (OAI21xp5_ASAP7_75t_SL)                    7.83     587.57 f
  U8471/Y (NAND2xp5_ASAP7_75t_SL)                    9.90     597.47 r
  U8487/Y (NAND4xp25_ASAP7_75t_SL)                   7.99     605.46 f
  U5947/Y (NAND3xp33_ASAP7_75t_SL)                   9.38     614.83 r
  U5945/Y (NAND2xp5_ASAP7_75t_SL)                   12.17     627.00 f
  U8503/Y (NAND2xp5_ASAP7_75t_SL)                    9.45     636.45 r
  U6189/Y (NAND2xp5_ASAP7_75t_SL)                    8.61     645.06 f
  U5906/Y (NAND2x1_ASAP7_75t_SL)                     9.52     654.58 r
  U5404/Y (INVx1_ASAP7_75t_SL)                       3.66     658.24 f
  U5908/Y (AO21x1_ASAP7_75t_SL)                      9.75     667.99 f
  U6857/Y (NOR2x1_ASAP7_75t_SL)                      5.13     673.12 r
  U8536/Y (NAND3xp33_ASAP7_75t_SL)                   6.34     679.46 f
  U8538/Y (OAI21xp5_ASAP7_75t_SL)                   11.77     691.23 r
  U6805/Y (AOI21x1_ASAP7_75t_SL)                    10.48     701.72 f
  U5819/Y (BUFx3_ASAP7_75t_SL)                      14.65     716.36 f
  U6780/Y (OAI21x1_ASAP7_75t_SL)                     7.52     723.88 r
  U5868/Y (NAND2xp5_ASAP7_75t_SL)                    4.81     728.69 f
  U8550/Y (OAI21xp5_ASAP7_75t_SL)                    6.24     734.94 r
  U8551/Y (AOI211xp5_ASAP7_75t_SL)                   9.86     744.80 f
  U1154/Y (NOR2x1p5_ASAP7_75t_SL)                    9.43     754.23 r
  U1153/Y (NOR2x1p5_ASAP7_75t_SL)                   10.53     764.77 f
  U5903/Y (AOI22xp5_ASAP7_75t_SL)                   10.67     775.43 r
  U1100/Y (NAND3xp33_ASAP7_75t_SL)                  14.28     789.72 f
  U6682/Y (NAND4xp25_ASAP7_75t_SL)                   8.98     798.70 r
  U7652/Y (NAND4xp25_ASAP7_75t_SL)                   7.41     806.10 f
  U1140/Y (A2O1A1Ixp33_ASAP7_75t_SL)                13.48     819.58 r
  U8574/Y (AND2x4_ASAP7_75t_SL)                     15.08     834.67 r
  U1260/Y (NAND2x2_ASAP7_75t_SL)                     6.37     841.03 f
  U1456/Y (NAND2xp5_ASAP7_75t_SL)                    5.73     846.76 r
  U7773/Y (OAI21xp5_ASAP7_75t_SL)                    9.66     856.42 f
  U5516/Y (AOI21x1_ASAP7_75t_SL)                     8.08     864.50 r
  U5428/Y (A2O1A1Ixp33_ASAP7_75t_SL)                 9.70     874.20 f
  U5427/Y (NAND3xp33_ASAP7_75t_SL)                   7.97     882.17 r
  U6358/Y (INVxp33_ASAP7_75t_SL)                     9.68     891.85 f
  U1864/Y (NOR2xp67_ASAP7_75t_SL)                    8.46     900.32 r
  U5820/Y (NOR2x1_ASAP7_75t_SL)                      6.92     907.24 f
  U6890/Y (AOI211x1_ASAP7_75t_SL)                   10.68     917.92 r
  U5576/Y (NAND2x1_ASAP7_75t_SL)                     3.25     921.17 f
  U8613/Y (NOR4xp25_ASAP7_75t_SL)                   11.47     932.64 r
  U1280/Y (OAI21xp5_ASAP7_75t_SL)                    7.29     939.93 f
  U1279/Y (OA21x2_ASAP7_75t_SL)                     13.49     953.42 f
  U1290/Y (AND2x4_ASAP7_75t_SL)                     13.53     966.95 f
  U5418/Y (NAND2xp5_ASAP7_75t_SL)                    7.87     974.82 r
  U5417/Y (OAI21xp5_ASAP7_75t_SL)                    9.77     984.59 f
  U1065/Y (INVx2_ASAP7_75t_SL)                       6.42     991.01 r
  U5549/Y (NAND3x1_ASAP7_75t_SL)                     3.25     994.26 f
  U5695/Y (OAI21xp5_ASAP7_75t_SL)                    7.99    1002.25 r
  U7299/Y (AOI211x1_ASAP7_75t_SL)                    9.05    1011.30 f
  U5899/Y (HB1xp67_ASAP7_75t_SL)                    12.12    1023.41 f
  U5927/Y (NAND2xp5_ASAP7_75t_SL)                    4.81    1028.22 r
  U5926/Y (OAI21xp5_ASAP7_75t_SL)                    6.61    1034.83 f
  U7293/Y (AND2x2_ASAP7_75t_SL)                     11.07    1045.91 f
  U7340/Y (NOR2x1_ASAP7_75t_SL)                      3.83    1049.74 r
  U7339/Y (NAND4xp25_ASAP7_75t_SL)                   8.83    1058.57 f
  U7338/Y (AOI211x1_ASAP7_75t_SL)                    8.07    1066.63 r
  U5735/Y (OAI21xp5_ASAP7_75t_SL)                    7.40    1074.03 f
  U5734/Y (NAND2xp5_ASAP7_75t_SL)                    8.40    1082.43 r
  U8692/Y (AOI21xp5_ASAP7_75t_SL)                    5.61    1088.04 f
  addr_2nd_reg_2_/D (ASYNC_DFFHx1_ASAP7_75t_SL)      0.00    1088.04 f
  data arrival time                                          1088.04

  clock clk (rise edge)                            640.00     640.00
  clock network delay (ideal)                        0.00     640.00
  clock uncertainty                                 -0.01     639.99
  addr_2nd_reg_2_/CLK (ASYNC_DFFHx1_ASAP7_75t_SL)
                                                     0.00     639.99 r
  library setup time                               -10.04     629.95
  data required time                                          629.95
  ---------------------------------------------------------------------
  data required time                                          629.95
  data arrival time                                         -1088.04
  ---------------------------------------------------------------------
  slack (VIOLATED)                                           -458.09


  Startpoint: query[57] (input port clocked by clk)
  Endpoint: addr_2nd_reg_1_
            (rising edge-triggered flip-flop clocked by clk)
  Path Group: clk
  Path Type: max

  Point                                              Incr       Path
  ---------------------------------------------------------------------
  clock clk (rise edge)                              0.00       0.00
  clock network delay (ideal)                        0.00       0.00
  input external delay                               0.10       0.10 f
  query[57] (in)                                     5.56       5.66 f
  U6773/Y (NAND2x1p5_ASAP7_75t_SL)                   8.56      14.22 r
  U5544/Y (OAI21x1_ASAP7_75t_SL)                     7.31      21.53 f
  U1265/Y (INVx3_ASAP7_75t_SL)                       6.10      27.63 r
  U6593/Y (NOR2x1p5_ASAP7_75t_SL)                    5.40      33.03 f
  U6253/Y (NOR2x1p5_ASAP7_75t_SL)                    6.33      39.36 r
  U6331/Y (HB1xp67_ASAP7_75t_SL)                    15.53      54.89 r
  U4527/Y (XOR2xp5_ASAP7_75t_SL)                    18.54      73.44 r
  U1194/Y (XOR2xp5_ASAP7_75t_SL)                    16.24      89.67 r
  U6474/Y (XOR2x1_ASAP7_75t_SL)                     12.44     102.11 r
  U6428/Y (XOR2xp5_ASAP7_75t_SL)                    12.90     115.02 r
  U1193/Y (XOR2xp5_ASAP7_75t_SL)                    17.58     132.60 r
  U7484/Y (MAJIxp5_ASAP7_75t_SL)                    10.41     143.01 f
  U6825/Y (INVx1_ASAP7_75t_SL)                       8.64     151.65 r
  U5840/Y (XNOR2x1_ASAP7_75t_SL)                    12.04     163.69 r
  U8241/Y (INVx1_ASAP7_75t_SL)                       4.94     168.63 f
  U7235/Y (MAJIxp5_ASAP7_75t_SL)                     9.95     178.58 r
  U6985/Y (INVx1_ASAP7_75t_SL)                       5.30     183.88 f
  U5767/Y (XNOR2xp5_ASAP7_75t_SL)                   13.18     197.06 f
  U5766/Y (MAJIxp5_ASAP7_75t_L)                     21.64     218.70 r
  U8285/Y (NOR2x1p5_ASAP7_75t_SL)                    7.58     226.28 f
  U787/Y (INVx1_ASAP7_75t_SL)                        8.94     235.22 r
  U6088/Y (NAND2x1_ASAP7_75t_SL)                     4.51     239.73 f
  U5159/Y (XNOR2xp5_ASAP7_75t_SL)                   14.12     253.86 f
  U8337/Y (INVx2_ASAP7_75t_SL)                       9.23     263.09 r
  U8338/Y (AOI22x1_ASAP7_75t_SL)                     6.42     269.51 f
  U7734/Y (NAND3xp33_ASAP7_75t_SL)                  10.54     280.06 r
  U5204/Y (AOI31xp67_ASAP7_75t_SL)                  11.51     291.57 f
  U1446/Y (INVx3_ASAP7_75t_SL)                       9.26     300.83 r
  U8377/Y (OR2x2_ASAP7_75t_SL)                      10.59     311.41 r
  U8378/Y (OAI21x1_ASAP7_75t_SL)                     5.17     316.58 f
  U8382/Y (NAND2xp5_ASAP7_75t_SL)                    5.30     321.88 r
  U5473/Y (OAI211xp5_ASAP7_75t_SL)                   6.37     328.25 f
  U5226/Y (NOR2xp33_ASAP7_75t_SL)                    7.35     335.60 r
  U8383/Y (A2O1A1Ixp33_ASAP7_75t_SL)                11.76     347.36 f
  U8384/Y (NAND2x1p5_ASAP7_75t_SL)                  13.61     360.97 r
  U6535/Y (NAND2x2_ASAP7_75t_SL)                     9.27     370.24 f
  U1461/Y (INVx3_ASAP7_75t_SL)                       9.73     379.97 r
  U1293/Y (OAI22x1_ASAP7_75t_SL)                     8.15     388.12 f
  U1292/Y (NOR2x1_ASAP7_75t_SL)                      6.74     394.86 r
  U5246/Y (NOR2x1_ASAP7_75t_SL)                      5.17     400.04 f
  U8410/Y (O2A1O1Ixp5_ASAP7_75t_SL)                  6.99     407.03 r
  U1239/Y (OAI211xp5_ASAP7_75t_SL)                   7.34     414.37 f
  U8420/Y (AO21x2_ASAP7_75t_SL)                     17.49     431.86 f
  U5901/Y (BUFx6f_ASAP7_75t_SL)                     11.63     443.50 f
  U1428/Y (NOR2x1p5_ASAP7_75t_SL)                    6.01     449.51 r
  U8431/Y (NOR2x1_ASAP7_75t_SL)                      4.33     453.84 f
  U1144/Y (AOI22xp5_ASAP7_75t_SL)                    7.29     461.13 r
  U1076/Y (A2O1A1Ixp33_ASAP7_75t_SL)                 7.55     468.68 f
  U5377/Y (NAND3xp33_ASAP7_75t_SL)                   5.95     474.62 r
  U5376/Y (NAND3xp33_ASAP7_75t_SL)                   8.64     483.26 f
  U5381/Y (AOI31xp67_ASAP7_75t_SL)                  10.61     493.87 r
  U8004/Y (INVx1_ASAP7_75t_SL)                       5.34     499.21 f
  U5942/Y (AND2x2_ASAP7_75t_SL)                     10.77     509.98 f
  U5921/Y (NOR2x1_ASAP7_75t_SL)                      4.51     514.48 r
  U8006/Y (INVx1_ASAP7_75t_SL)                       3.07     517.55 f
  U6842/Y (AND2x2_ASAP7_75t_SL)                     10.52     528.07 f
  U6056/Y (OAI21xp5_ASAP7_75t_SL)                    4.65     532.72 r
  U5540/Y (OAI211xp5_ASAP7_75t_SL)                   7.34     540.06 f
  U5539/Y (AO21x2_ASAP7_75t_SL)                     17.66     557.72 f
  U8456/Y (NAND2x1p5_ASAP7_75t_SL)                   8.67     566.39 r
  U1213/Y (INVx4_ASAP7_75t_SL)                       5.79     572.18 f
  U5403/Y (AOI22xp5_ASAP7_75t_SL)                    7.56     579.74 r
  U5402/Y (OAI21xp5_ASAP7_75t_SL)                    7.83     587.57 f
  U8471/Y (NAND2xp5_ASAP7_75t_SL)                    9.90     597.47 r
  U8487/Y (NAND4xp25_ASAP7_75t_SL)                   7.99     605.46 f
  U5947/Y (NAND3xp33_ASAP7_75t_SL)                   9.38     614.83 r
  U5945/Y (NAND2xp5_ASAP7_75t_SL)                   12.17     627.00 f
  U8503/Y (NAND2xp5_ASAP7_75t_SL)                    9.45     636.45 r
  U6189/Y (NAND2xp5_ASAP7_75t_SL)                    8.61     645.06 f
  U5906/Y (NAND2x1_ASAP7_75t_SL)                     9.52     654.58 r
  U5404/Y (INVx1_ASAP7_75t_SL)                       3.66     658.24 f
  U5908/Y (AO21x1_ASAP7_75t_SL)                      9.75     667.99 f
  U6857/Y (NOR2x1_ASAP7_75t_SL)                      5.13     673.12 r
  U8536/Y (NAND3xp33_ASAP7_75t_SL)                   6.34     679.46 f
  U8538/Y (OAI21xp5_ASAP7_75t_SL)                   11.77     691.23 r
  U6805/Y (AOI21x1_ASAP7_75t_SL)                    10.48     701.72 f
  U5819/Y (BUFx3_ASAP7_75t_SL)                      14.65     716.36 f
  U6780/Y (OAI21x1_ASAP7_75t_SL)                     7.52     723.88 r
  U5868/Y (NAND2xp5_ASAP7_75t_SL)                    4.81     728.69 f
  U8550/Y (OAI21xp5_ASAP7_75t_SL)                    6.24     734.94 r
  U8551/Y (AOI211xp5_ASAP7_75t_SL)                   9.86     744.80 f
  U1154/Y (NOR2x1p5_ASAP7_75t_SL)                    9.43     754.23 r
  U1153/Y (NOR2x1p5_ASAP7_75t_SL)                   10.53     764.77 f
  U5903/Y (AOI22xp5_ASAP7_75t_SL)                   10.67     775.43 r
  U1100/Y (NAND3xp33_ASAP7_75t_SL)                  14.28     789.72 f
  U6682/Y (NAND4xp25_ASAP7_75t_SL)                   8.98     798.70 r
  U7652/Y (NAND4xp25_ASAP7_75t_SL)                   7.41     806.10 f
  U1140/Y (A2O1A1Ixp33_ASAP7_75t_SL)                13.48     819.58 r
  U8574/Y (AND2x4_ASAP7_75t_SL)                     15.08     834.67 r
  U1260/Y (NAND2x2_ASAP7_75t_SL)                     6.37     841.03 f
  U1456/Y (NAND2xp5_ASAP7_75t_SL)                    5.73     846.76 r
  U7773/Y (OAI21xp5_ASAP7_75t_SL)                    9.66     856.42 f
  U5516/Y (AOI21x1_ASAP7_75t_SL)                     8.08     864.50 r
  U5428/Y (A2O1A1Ixp33_ASAP7_75t_SL)                 9.70     874.20 f
  U5427/Y (NAND3xp33_ASAP7_75t_SL)                   7.97     882.17 r
  U6358/Y (INVxp33_ASAP7_75t_SL)                     9.68     891.85 f
  U1864/Y (NOR2xp67_ASAP7_75t_SL)                    8.46     900.32 r
  U5820/Y (NOR2x1_ASAP7_75t_SL)                      6.92     907.24 f
  U6890/Y (AOI211x1_ASAP7_75t_SL)                   10.68     917.92 r
  U5576/Y (NAND2x1_ASAP7_75t_SL)                     3.25     921.17 f
  U8613/Y (NOR4xp25_ASAP7_75t_SL)                   11.47     932.64 r
  U1280/Y (OAI21xp5_ASAP7_75t_SL)                    7.29     939.93 f
  U1279/Y (OA21x2_ASAP7_75t_SL)                     13.49     953.42 f
  U1290/Y (AND2x4_ASAP7_75t_SL)                     13.53     966.95 f
  U5418/Y (NAND2xp5_ASAP7_75t_SL)                    7.87     974.82 r
  U5417/Y (OAI21xp5_ASAP7_75t_SL)                    9.77     984.59 f
  U1065/Y (INVx2_ASAP7_75t_SL)                       6.42     991.01 r
  U5549/Y (NAND3x1_ASAP7_75t_SL)                     3.25     994.26 f
  U5695/Y (OAI21xp5_ASAP7_75t_SL)                    7.99    1002.25 r
  U7299/Y (AOI211x1_ASAP7_75t_SL)                    9.05    1011.30 f
  U5899/Y (HB1xp67_ASAP7_75t_SL)                    12.12    1023.41 f
  U5927/Y (NAND2xp5_ASAP7_75t_SL)                    4.81    1028.22 r
  U5926/Y (OAI21xp5_ASAP7_75t_SL)                    6.61    1034.83 f
  U7293/Y (AND2x2_ASAP7_75t_SL)                     11.07    1045.91 f
  U7340/Y (NOR2x1_ASAP7_75t_SL)                      3.83    1049.74 r
  U7339/Y (NAND4xp25_ASAP7_75t_SL)                   8.83    1058.57 f
  U7338/Y (AOI211x1_ASAP7_75t_SL)                    8.07    1066.63 r
  U5735/Y (OAI21xp5_ASAP7_75t_SL)                    7.40    1074.03 f
  U5734/Y (NAND2xp5_ASAP7_75t_SL)                    8.40    1082.43 r
  U8688/Y (AOI21xp5_ASAP7_75t_SL)                    5.61    1088.04 f
  addr_2nd_reg_1_/D (ASYNC_DFFHx1_ASAP7_75t_SL)      0.00    1088.04 f
  data arrival time                                          1088.04

  clock clk (rise edge)                            640.00     640.00
  clock network delay (ideal)                        0.00     640.00
  clock uncertainty                                 -0.01     639.99
  addr_2nd_reg_1_/CLK (ASYNC_DFFHx1_ASAP7_75t_SL)
                                                     0.00     639.99 r
  library setup time                               -10.04     629.95
  data required time                                          629.95
  ---------------------------------------------------------------------
  data required time                                          629.95
  data arrival time                                         -1088.04
  ---------------------------------------------------------------------
  slack (VIOLATED)                                           -458.09


  Startpoint: query[57] (input port clocked by clk)
  Endpoint: addr_2nd_reg_0_
            (rising edge-triggered flip-flop clocked by clk)
  Path Group: clk
  Path Type: max

  Point                                              Incr       Path
  ---------------------------------------------------------------------
  clock clk (rise edge)                              0.00       0.00
  clock network delay (ideal)                        0.00       0.00
  input external delay                               0.10       0.10 f
  query[57] (in)                                     5.56       5.66 f
  U6773/Y (NAND2x1p5_ASAP7_75t_SL)                   8.56      14.22 r
  U5544/Y (OAI21x1_ASAP7_75t_SL)                     7.31      21.53 f
  U1265/Y (INVx3_ASAP7_75t_SL)                       6.10      27.63 r
  U6593/Y (NOR2x1p5_ASAP7_75t_SL)                    5.40      33.03 f
  U6253/Y (NOR2x1p5_ASAP7_75t_SL)                    6.33      39.36 r
  U6331/Y (HB1xp67_ASAP7_75t_SL)                    15.53      54.89 r
  U4527/Y (XOR2xp5_ASAP7_75t_SL)                    18.54      73.44 r
  U1194/Y (XOR2xp5_ASAP7_75t_SL)                    16.24      89.67 r
  U6474/Y (XOR2x1_ASAP7_75t_SL)                     12.44     102.11 r
  U6428/Y (XOR2xp5_ASAP7_75t_SL)                    12.90     115.02 r
  U1193/Y (XOR2xp5_ASAP7_75t_SL)                    17.58     132.60 r
  U7484/Y (MAJIxp5_ASAP7_75t_SL)                    10.41     143.01 f
  U6825/Y (INVx1_ASAP7_75t_SL)                       8.64     151.65 r
  U5840/Y (XNOR2x1_ASAP7_75t_SL)                    12.04     163.69 r
  U8241/Y (INVx1_ASAP7_75t_SL)                       4.94     168.63 f
  U7235/Y (MAJIxp5_ASAP7_75t_SL)                     9.95     178.58 r
  U6985/Y (INVx1_ASAP7_75t_SL)                       5.30     183.88 f
  U5767/Y (XNOR2xp5_ASAP7_75t_SL)                   13.18     197.06 f
  U5766/Y (MAJIxp5_ASAP7_75t_L)                     21.64     218.70 r
  U8285/Y (NOR2x1p5_ASAP7_75t_SL)                    7.58     226.28 f
  U787/Y (INVx1_ASAP7_75t_SL)                        8.94     235.22 r
  U6088/Y (NAND2x1_ASAP7_75t_SL)                     4.51     239.73 f
  U5159/Y (XNOR2xp5_ASAP7_75t_SL)                   14.12     253.86 f
  U8337/Y (INVx2_ASAP7_75t_SL)                       9.23     263.09 r
  U8338/Y (AOI22x1_ASAP7_75t_SL)                     6.42     269.51 f
  U7734/Y (NAND3xp33_ASAP7_75t_SL)                  10.54     280.06 r
  U5204/Y (AOI31xp67_ASAP7_75t_SL)                  11.51     291.57 f
  U1446/Y (INVx3_ASAP7_75t_SL)                       9.26     300.83 r
  U8377/Y (OR2x2_ASAP7_75t_SL)                      10.59     311.41 r
  U8378/Y (OAI21x1_ASAP7_75t_SL)                     5.17     316.58 f
  U8382/Y (NAND2xp5_ASAP7_75t_SL)                    5.30     321.88 r
  U5473/Y (OAI211xp5_ASAP7_75t_SL)                   6.37     328.25 f
  U5226/Y (NOR2xp33_ASAP7_75t_SL)                    7.35     335.60 r
  U8383/Y (A2O1A1Ixp33_ASAP7_75t_SL)                11.76     347.36 f
  U8384/Y (NAND2x1p5_ASAP7_75t_SL)                  13.61     360.97 r
  U6535/Y (NAND2x2_ASAP7_75t_SL)                     9.27     370.24 f
  U1461/Y (INVx3_ASAP7_75t_SL)                       9.73     379.97 r
  U1293/Y (OAI22x1_ASAP7_75t_SL)                     8.15     388.12 f
  U1292/Y (NOR2x1_ASAP7_75t_SL)                      6.74     394.86 r
  U5246/Y (NOR2x1_ASAP7_75t_SL)                      5.17     400.04 f
  U8410/Y (O2A1O1Ixp5_ASAP7_75t_SL)                  6.99     407.03 r
  U1239/Y (OAI211xp5_ASAP7_75t_SL)                   7.34     414.37 f
  U8420/Y (AO21x2_ASAP7_75t_SL)                     17.49     431.86 f
  U5901/Y (BUFx6f_ASAP7_75t_SL)                     11.63     443.50 f
  U1428/Y (NOR2x1p5_ASAP7_75t_SL)                    6.01     449.51 r
  U8431/Y (NOR2x1_ASAP7_75t_SL)                      4.33     453.84 f
  U1144/Y (AOI22xp5_ASAP7_75t_SL)                    7.29     461.13 r
  U1076/Y (A2O1A1Ixp33_ASAP7_75t_SL)                 7.55     468.68 f
  U5377/Y (NAND3xp33_ASAP7_75t_SL)                   5.95     474.62 r
  U5376/Y (NAND3xp33_ASAP7_75t_SL)                   8.64     483.26 f
  U5381/Y (AOI31xp67_ASAP7_75t_SL)                  10.61     493.87 r
  U8004/Y (INVx1_ASAP7_75t_SL)                       5.34     499.21 f
  U5942/Y (AND2x2_ASAP7_75t_SL)                     10.77     509.98 f
  U5921/Y (NOR2x1_ASAP7_75t_SL)                      4.51     514.48 r
  U8006/Y (INVx1_ASAP7_75t_SL)                       3.07     517.55 f
  U6842/Y (AND2x2_ASAP7_75t_SL)                     10.52     528.07 f
  U6056/Y (OAI21xp5_ASAP7_75t_SL)                    4.65     532.72 r
  U5540/Y (OAI211xp5_ASAP7_75t_SL)                   7.34     540.06 f
  U5539/Y (AO21x2_ASAP7_75t_SL)                     17.66     557.72 f
  U8456/Y (NAND2x1p5_ASAP7_75t_SL)                   8.67     566.39 r
  U1213/Y (INVx4_ASAP7_75t_SL)                       5.79     572.18 f
  U5403/Y (AOI22xp5_ASAP7_75t_SL)                    7.56     579.74 r
  U5402/Y (OAI21xp5_ASAP7_75t_SL)                    7.83     587.57 f
  U8471/Y (NAND2xp5_ASAP7_75t_SL)                    9.90     597.47 r
  U8487/Y (NAND4xp25_ASAP7_75t_SL)                   7.99     605.46 f
  U5947/Y (NAND3xp33_ASAP7_75t_SL)                   9.38     614.83 r
  U5945/Y (NAND2xp5_ASAP7_75t_SL)                   12.17     627.00 f
  U8503/Y (NAND2xp5_ASAP7_75t_SL)                    9.45     636.45 r
  U6189/Y (NAND2xp5_ASAP7_75t_SL)                    8.61     645.06 f
  U5906/Y (NAND2x1_ASAP7_75t_SL)                     9.52     654.58 r
  U5404/Y (INVx1_ASAP7_75t_SL)                       3.66     658.24 f
  U5908/Y (AO21x1_ASAP7_75t_SL)                      9.75     667.99 f
  U6857/Y (NOR2x1_ASAP7_75t_SL)                      5.13     673.12 r
  U8536/Y (NAND3xp33_ASAP7_75t_SL)                   6.34     679.46 f
  U8538/Y (OAI21xp5_ASAP7_75t_SL)                   11.77     691.23 r
  U6805/Y (AOI21x1_ASAP7_75t_SL)                    10.48     701.72 f
  U5819/Y (BUFx3_ASAP7_75t_SL)                      14.65     716.36 f
  U6780/Y (OAI21x1_ASAP7_75t_SL)                     7.52     723.88 r
  U5868/Y (NAND2xp5_ASAP7_75t_SL)                    4.81     728.69 f
  U8550/Y (OAI21xp5_ASAP7_75t_SL)                    6.24     734.94 r
  U8551/Y (AOI211xp5_ASAP7_75t_SL)                   9.86     744.80 f
  U1154/Y (NOR2x1p5_ASAP7_75t_SL)                    9.43     754.23 r
  U1153/Y (NOR2x1p5_ASAP7_75t_SL)                   10.53     764.77 f
  U5903/Y (AOI22xp5_ASAP7_75t_SL)                   10.67     775.43 r
  U1100/Y (NAND3xp33_ASAP7_75t_SL)                  14.28     789.72 f
  U6682/Y (NAND4xp25_ASAP7_75t_SL)                   8.98     798.70 r
  U7652/Y (NAND4xp25_ASAP7_75t_SL)                   7.41     806.10 f
  U1140/Y (A2O1A1Ixp33_ASAP7_75t_SL)                13.48     819.58 r
  U8574/Y (AND2x4_ASAP7_75t_SL)                     15.08     834.67 r
  U1260/Y (NAND2x2_ASAP7_75t_SL)                     6.37     841.03 f
  U1456/Y (NAND2xp5_ASAP7_75t_SL)                    5.73     846.76 r
  U7773/Y (OAI21xp5_ASAP7_75t_SL)                    9.66     856.42 f
  U5516/Y (AOI21x1_ASAP7_75t_SL)                     8.08     864.50 r
  U5428/Y (A2O1A1Ixp33_ASAP7_75t_SL)                 9.70     874.20 f
  U5427/Y (NAND3xp33_ASAP7_75t_SL)                   7.97     882.17 r
  U6358/Y (INVxp33_ASAP7_75t_SL)                     9.68     891.85 f
  U1864/Y (NOR2xp67_ASAP7_75t_SL)                    8.46     900.32 r
  U5820/Y (NOR2x1_ASAP7_75t_SL)                      6.92     907.24 f
  U6890/Y (AOI211x1_ASAP7_75t_SL)                   10.68     917.92 r
  U5576/Y (NAND2x1_ASAP7_75t_SL)                     3.25     921.17 f
  U8613/Y (NOR4xp25_ASAP7_75t_SL)                   11.47     932.64 r
  U1280/Y (OAI21xp5_ASAP7_75t_SL)                    7.29     939.93 f
  U1279/Y (OA21x2_ASAP7_75t_SL)                     13.49     953.42 f
  U1290/Y (AND2x4_ASAP7_75t_SL)                     13.53     966.95 f
  U5418/Y (NAND2xp5_ASAP7_75t_SL)                    7.87     974.82 r
  U5417/Y (OAI21xp5_ASAP7_75t_SL)                    9.77     984.59 f
  U1065/Y (INVx2_ASAP7_75t_SL)                       6.42     991.01 r
  U5549/Y (NAND3x1_ASAP7_75t_SL)                     3.25     994.26 f
  U5695/Y (OAI21xp5_ASAP7_75t_SL)                    7.99    1002.25 r
  U7299/Y (AOI211x1_ASAP7_75t_SL)                    9.05    1011.30 f
  U5922/Y (BUFx2_ASAP7_75t_SL)                      13.78    1025.08 f
  U642/Y (BUFx2_ASAP7_75t_SL)                       11.56    1036.64 f
  U5929/Y (NAND2xp5_ASAP7_75t_SL)                    5.24    1041.87 r
  U5928/Y (O2A1O1Ixp5_ASAP7_75t_SL)                  6.77    1048.64 f
  U2317/Y (O2A1O1Ixp33_ASAP7_75t_L)                  9.99    1058.64 r
  U6364/Y (OAI21xp5_ASAP7_75t_SL)                    5.18    1063.82 f
  U8659/Y (AOI31xp33_ASAP7_75t_SL)                  13.03    1076.85 r
  U5733/Y (NAND3xp33_ASAP7_75t_L)                    8.55    1085.40 f
  U8668/Y (NAND2xp5_ASAP7_75t_SL)                    6.27    1091.68 r
  addr_2nd_reg_0_/D (ASYNC_DFFHx1_ASAP7_75t_SL)      0.00    1091.68 r
  data arrival time                                          1091.68

  clock clk (rise edge)                            640.00     640.00
  clock network delay (ideal)                        0.00     640.00
  clock uncertainty                                 -0.01     639.99
  addr_2nd_reg_0_/CLK (ASYNC_DFFHx1_ASAP7_75t_SL)
                                                     0.00     639.99 r
  library setup time                                -6.34     633.65
  data required time                                          633.65
  ---------------------------------------------------------------------
  data required time                                          633.65
  data arrival time                                         -1091.68
  ---------------------------------------------------------------------
  slack (VIOLATED)                                           -458.03


  Startpoint: query[57] (input port clocked by clk)
  Endpoint: addr_1st_reg_1_
            (rising edge-triggered flip-flop clocked by clk)
  Path Group: clk
  Path Type: max

  Point                                             Incr       Path
  --------------------------------------------------------------------
  clock clk (rise edge)                             0.00       0.00
  clock network delay (ideal)                       0.00       0.00
  input external delay                              0.10       0.10 f
  query[57] (in)                                    5.56       5.66 f
  U6773/Y (NAND2x1p5_ASAP7_75t_SL)                  8.56      14.22 r
  U5544/Y (OAI21x1_ASAP7_75t_SL)                    7.31      21.53 f
  U1265/Y (INVx3_ASAP7_75t_SL)                      6.10      27.63 r
  U6593/Y (NOR2x1p5_ASAP7_75t_SL)                   5.40      33.03 f
  U6253/Y (NOR2x1p5_ASAP7_75t_SL)                   6.33      39.36 r
  U6331/Y (HB1xp67_ASAP7_75t_SL)                   15.53      54.89 r
  U4527/Y (XOR2xp5_ASAP7_75t_SL)                   18.54      73.44 r
  U1194/Y (XOR2xp5_ASAP7_75t_SL)                   16.24      89.67 r
  U6474/Y (XOR2x1_ASAP7_75t_SL)                    12.44     102.11 r
  U6428/Y (XOR2xp5_ASAP7_75t_SL)                   12.90     115.02 r
  U1193/Y (XOR2xp5_ASAP7_75t_SL)                   17.58     132.60 r
  U7484/Y (MAJIxp5_ASAP7_75t_SL)                   10.41     143.01 f
  U6825/Y (INVx1_ASAP7_75t_SL)                      8.64     151.65 r
  U5840/Y (XNOR2x1_ASAP7_75t_SL)                   12.04     163.69 r
  U8241/Y (INVx1_ASAP7_75t_SL)                      4.94     168.63 f
  U7235/Y (MAJIxp5_ASAP7_75t_SL)                    9.95     178.58 r
  U6985/Y (INVx1_ASAP7_75t_SL)                      5.30     183.88 f
  U5767/Y (XNOR2xp5_ASAP7_75t_SL)                  13.18     197.06 f
  U5766/Y (MAJIxp5_ASAP7_75t_L)                    21.64     218.70 r
  U8285/Y (NOR2x1p5_ASAP7_75t_SL)                   7.58     226.28 f
  U787/Y (INVx1_ASAP7_75t_SL)                       8.94     235.22 r
  U6088/Y (NAND2x1_ASAP7_75t_SL)                    4.51     239.73 f
  U5159/Y (XNOR2xp5_ASAP7_75t_SL)                  14.12     253.86 f
  U8337/Y (INVx2_ASAP7_75t_SL)                      9.23     263.09 r
  U8338/Y (AOI22x1_ASAP7_75t_SL)                    6.42     269.51 f
  U7734/Y (NAND3xp33_ASAP7_75t_SL)                 10.54     280.06 r
  U5204/Y (AOI31xp67_ASAP7_75t_SL)                 11.51     291.57 f
  U1446/Y (INVx3_ASAP7_75t_SL)                      9.26     300.83 r
  U8377/Y (OR2x2_ASAP7_75t_SL)                     10.59     311.41 r
  U8378/Y (OAI21x1_ASAP7_75t_SL)                    5.17     316.58 f
  U8382/Y (NAND2xp5_ASAP7_75t_SL)                   5.30     321.88 r
  U5473/Y (OAI211xp5_ASAP7_75t_SL)                  6.37     328.25 f
  U5226/Y (NOR2xp33_ASAP7_75t_SL)                   7.35     335.60 r
  U8383/Y (A2O1A1Ixp33_ASAP7_75t_SL)               11.76     347.36 f
  U8384/Y (NAND2x1p5_ASAP7_75t_SL)                 13.61     360.97 r
  U6535/Y (NAND2x2_ASAP7_75t_SL)                    9.27     370.24 f
  U1461/Y (INVx3_ASAP7_75t_SL)                      9.73     379.97 r
  U1293/Y (OAI22x1_ASAP7_75t_SL)                    8.15     388.12 f
  U1292/Y (NOR2x1_ASAP7_75t_SL)                     6.74     394.86 r
  U5246/Y (NOR2x1_ASAP7_75t_SL)                     5.17     400.04 f
  U8410/Y (O2A1O1Ixp5_ASAP7_75t_SL)                 6.99     407.03 r
  U1239/Y (OAI211xp5_ASAP7_75t_SL)                  7.34     414.37 f
  U8420/Y (AO21x2_ASAP7_75t_SL)                    17.49     431.86 f
  U5901/Y (BUFx6f_ASAP7_75t_SL)                    11.63     443.50 f
  U1428/Y (NOR2x1p5_ASAP7_75t_SL)                   6.01     449.51 r
  U8431/Y (NOR2x1_ASAP7_75t_SL)                     4.33     453.84 f
  U1144/Y (AOI22xp5_ASAP7_75t_SL)                   7.29     461.13 r
  U1076/Y (A2O1A1Ixp33_ASAP7_75t_SL)                7.55     468.68 f
  U5377/Y (NAND3xp33_ASAP7_75t_SL)                  5.95     474.62 r
  U5376/Y (NAND3xp33_ASAP7_75t_SL)                  8.64     483.26 f
  U5381/Y (AOI31xp67_ASAP7_75t_SL)                 10.61     493.87 r
  U8004/Y (INVx1_ASAP7_75t_SL)                      5.34     499.21 f
  U5942/Y (AND2x2_ASAP7_75t_SL)                    10.77     509.98 f
  U5921/Y (NOR2x1_ASAP7_75t_SL)                     4.51     514.48 r
  U8006/Y (INVx1_ASAP7_75t_SL)                      3.07     517.55 f
  U6842/Y (AND2x2_ASAP7_75t_SL)                    10.52     528.07 f
  U6056/Y (OAI21xp5_ASAP7_75t_SL)                   4.65     532.72 r
  U5540/Y (OAI211xp5_ASAP7_75t_SL)                  7.34     540.06 f
  U5539/Y (AO21x2_ASAP7_75t_SL)                    17.66     557.72 f
  U8456/Y (NAND2x1p5_ASAP7_75t_SL)                  8.67     566.39 r
  U8467/Y (BUFx2_ASAP7_75t_SL)                     11.33     577.71 r
  U8479/Y (OAI222xp33_ASAP7_75t_SL)                12.72     590.43 f
  U1114/Y (AOI22xp5_ASAP7_75t_SL)                   9.96     600.39 r
  U1113/Y (A2O1A1Ixp33_ASAP7_75t_SL)                8.00     608.39 f
  U1291/Y (NAND4xp25_ASAP7_75t_SL)                  8.24     616.62 r
  U5946/Y (A2O1A1Ixp33_ASAP7_75t_SL)                8.27     624.89 f
  U5879/Y (BUFx3_ASAP7_75t_SL)                     13.67     638.56 f
  U8510/Y (NOR2x1_ASAP7_75t_SL)                     6.61     645.17 r
  U8531/Y (NOR2x1_ASAP7_75t_SL)                     4.40     649.57 f
  U8532/Y (AOI22xp5_ASAP7_75t_SL)                   8.86     658.43 r
  U8533/Y (NAND3xp33_ASAP7_75t_SL)                  5.60     664.03 f
  U8534/Y (AOI211xp5_ASAP7_75t_SL)                 13.81     677.84 r
  U8535/Y (INVx1_ASAP7_75t_SL)                      6.69     684.53 f
  U6806/Y (NAND2x1p5_ASAP7_75t_SL)                  7.82     692.35 r
  U6356/Y (HB1xp67_ASAP7_75t_SL)                   11.29     703.65 r
  U1247/Y (NAND2xp5_ASAP7_75t_SL)                   7.60     711.25 f
  U1099/Y (NOR2x1_ASAP7_75t_SL)                     6.85     718.10 r
  U2335/Y (NOR2xp33_ASAP7_75t_L)                    9.16     727.27 f
  addr_1st_reg_1_/D (ASYNC_DFFHx1_ASAP7_75t_L)      0.00     727.27 f
  data arrival time                                          727.27

  clock clk (rise edge)                           640.00     640.00
  clock network delay (ideal)                       0.00     640.00
  clock uncertainty                                -0.01     639.99
  addr_1st_reg_1_/CLK (ASYNC_DFFHx1_ASAP7_75t_L)
                                                    0.00     639.99 r
  library setup time                               -9.66     630.33
  data required time                                         630.33
  --------------------------------------------------------------------
  data required time                                         630.33
  data arrival time                                         -727.27
  --------------------------------------------------------------------
  slack (VIOLATED)                                           -96.94


  Startpoint: query[57] (input port clocked by clk)
  Endpoint: addr_1st_reg_2_
            (rising edge-triggered flip-flop clocked by clk)
  Path Group: clk
  Path Type: max

  Point                                             Incr       Path
  --------------------------------------------------------------------
  clock clk (rise edge)                             0.00       0.00
  clock network delay (ideal)                       0.00       0.00
  input external delay                              0.10       0.10 f
  query[57] (in)                                    5.56       5.66 f
  U6773/Y (NAND2x1p5_ASAP7_75t_SL)                  8.56      14.22 r
  U5544/Y (OAI21x1_ASAP7_75t_SL)                    7.31      21.53 f
  U1265/Y (INVx3_ASAP7_75t_SL)                      6.10      27.63 r
  U6593/Y (NOR2x1p5_ASAP7_75t_SL)                   5.40      33.03 f
  U6253/Y (NOR2x1p5_ASAP7_75t_SL)                   6.33      39.36 r
  U6331/Y (HB1xp67_ASAP7_75t_SL)                   15.53      54.89 r
  U4527/Y (XOR2xp5_ASAP7_75t_SL)                   18.54      73.44 r
  U1194/Y (XOR2xp5_ASAP7_75t_SL)                   16.24      89.67 r
  U6474/Y (XOR2x1_ASAP7_75t_SL)                    12.44     102.11 r
  U6428/Y (XOR2xp5_ASAP7_75t_SL)                   12.90     115.02 r
  U1193/Y (XOR2xp5_ASAP7_75t_SL)                   17.58     132.60 r
  U7484/Y (MAJIxp5_ASAP7_75t_SL)                   10.41     143.01 f
  U6825/Y (INVx1_ASAP7_75t_SL)                      8.64     151.65 r
  U5840/Y (XNOR2x1_ASAP7_75t_SL)                   12.04     163.69 r
  U8241/Y (INVx1_ASAP7_75t_SL)                      4.94     168.63 f
  U7235/Y (MAJIxp5_ASAP7_75t_SL)                    9.95     178.58 r
  U6985/Y (INVx1_ASAP7_75t_SL)                      5.30     183.88 f
  U5767/Y (XNOR2xp5_ASAP7_75t_SL)                  13.18     197.06 f
  U5766/Y (MAJIxp5_ASAP7_75t_L)                    21.64     218.70 r
  U8285/Y (NOR2x1p5_ASAP7_75t_SL)                   7.58     226.28 f
  U787/Y (INVx1_ASAP7_75t_SL)                       8.94     235.22 r
  U6088/Y (NAND2x1_ASAP7_75t_SL)                    4.51     239.73 f
  U5159/Y (XNOR2xp5_ASAP7_75t_SL)                  14.12     253.86 f
  U8337/Y (INVx2_ASAP7_75t_SL)                      9.23     263.09 r
  U8338/Y (AOI22x1_ASAP7_75t_SL)                    6.42     269.51 f
  U7734/Y (NAND3xp33_ASAP7_75t_SL)                 10.54     280.06 r
  U5204/Y (AOI31xp67_ASAP7_75t_SL)                 11.51     291.57 f
  U1446/Y (INVx3_ASAP7_75t_SL)                      9.26     300.83 r
  U8377/Y (OR2x2_ASAP7_75t_SL)                     10.59     311.41 r
  U8378/Y (OAI21x1_ASAP7_75t_SL)                    5.17     316.58 f
  U8382/Y (NAND2xp5_ASAP7_75t_SL)                   5.30     321.88 r
  U5473/Y (OAI211xp5_ASAP7_75t_SL)                  6.37     328.25 f
  U5226/Y (NOR2xp33_ASAP7_75t_SL)                   7.35     335.60 r
  U8383/Y (A2O1A1Ixp33_ASAP7_75t_SL)               11.76     347.36 f
  U8384/Y (NAND2x1p5_ASAP7_75t_SL)                 13.61     360.97 r
  U6535/Y (NAND2x2_ASAP7_75t_SL)                    9.27     370.24 f
  U1461/Y (INVx3_ASAP7_75t_SL)                      9.73     379.97 r
  U1293/Y (OAI22x1_ASAP7_75t_SL)                    8.15     388.12 f
  U1292/Y (NOR2x1_ASAP7_75t_SL)                     6.74     394.86 r
  U5246/Y (NOR2x1_ASAP7_75t_SL)                     5.17     400.04 f
  U8410/Y (O2A1O1Ixp5_ASAP7_75t_SL)                 6.99     407.03 r
  U1239/Y (OAI211xp5_ASAP7_75t_SL)                  7.34     414.37 f
  U8420/Y (AO21x2_ASAP7_75t_SL)                    17.49     431.86 f
  U5901/Y (BUFx6f_ASAP7_75t_SL)                    11.63     443.50 f
  U1428/Y (NOR2x1p5_ASAP7_75t_SL)                   6.01     449.51 r
  U8431/Y (NOR2x1_ASAP7_75t_SL)                     4.33     453.84 f
  U1144/Y (AOI22xp5_ASAP7_75t_SL)                   7.29     461.13 r
  U1076/Y (A2O1A1Ixp33_ASAP7_75t_SL)                7.55     468.68 f
  U5377/Y (NAND3xp33_ASAP7_75t_SL)                  5.95     474.62 r
  U5376/Y (NAND3xp33_ASAP7_75t_SL)                  8.64     483.26 f
  U5381/Y (AOI31xp67_ASAP7_75t_SL)                 10.61     493.87 r
  U8004/Y (INVx1_ASAP7_75t_SL)                      5.34     499.21 f
  U5942/Y (AND2x2_ASAP7_75t_SL)                    10.77     509.98 f
  U5921/Y (NOR2x1_ASAP7_75t_SL)                     4.51     514.48 r
  U8006/Y (INVx1_ASAP7_75t_SL)                      3.07     517.55 f
  U6842/Y (AND2x2_ASAP7_75t_SL)                    10.52     528.07 f
  U6056/Y (OAI21xp5_ASAP7_75t_SL)                   4.65     532.72 r
  U5540/Y (OAI211xp5_ASAP7_75t_SL)                  7.34     540.06 f
  U5539/Y (AO21x2_ASAP7_75t_SL)                    17.66     557.72 f
  U8456/Y (NAND2x1p5_ASAP7_75t_SL)                  8.67     566.39 r
  U8467/Y (BUFx2_ASAP7_75t_SL)                     11.33     577.71 r
  U8479/Y (OAI222xp33_ASAP7_75t_SL)                12.72     590.43 f
  U1114/Y (AOI22xp5_ASAP7_75t_SL)                   9.96     600.39 r
  U1113/Y (A2O1A1Ixp33_ASAP7_75t_SL)                8.00     608.39 f
  U1291/Y (NAND4xp25_ASAP7_75t_SL)                  8.24     616.62 r
  U5946/Y (A2O1A1Ixp33_ASAP7_75t_SL)                8.27     624.89 f
  U5879/Y (BUFx3_ASAP7_75t_SL)                     13.67     638.56 f
  U8510/Y (NOR2x1_ASAP7_75t_SL)                     6.61     645.17 r
  U8531/Y (NOR2x1_ASAP7_75t_SL)                     4.40     649.57 f
  U8532/Y (AOI22xp5_ASAP7_75t_SL)                   8.86     658.43 r
  U8533/Y (NAND3xp33_ASAP7_75t_SL)                  5.60     664.03 f
  U8534/Y (AOI211xp5_ASAP7_75t_SL)                 13.81     677.84 r
  U8535/Y (INVx1_ASAP7_75t_SL)                      6.69     684.53 f
  U6806/Y (NAND2x1p5_ASAP7_75t_SL)                  7.82     692.35 r
  U8543/Y (INVx1_ASAP7_75t_SL)                      6.65     699.00 f
  U8544/Y (NOR2x1_ASAP7_75t_SL)                     7.25     706.25 r
  U2336/Y (NOR2xp33_ASAP7_75t_L)                    9.14     715.39 f
  addr_1st_reg_2_/D (ASYNC_DFFHx1_ASAP7_75t_L)      0.00     715.39 f
  data arrival time                                          715.39

  clock clk (rise edge)                           640.00     640.00
  clock network delay (ideal)                       0.00     640.00
  clock uncertainty                                -0.01     639.99
  addr_1st_reg_2_/CLK (ASYNC_DFFHx1_ASAP7_75t_L)
                                                    0.00     639.99 r
  library setup time                               -9.66     630.33
  data required time                                         630.33
  --------------------------------------------------------------------
  data required time                                         630.33
  data arrival time                                         -715.39
  --------------------------------------------------------------------
  slack (VIOLATED)                                           -85.06


  Startpoint: query[57] (input port clocked by clk)
  Endpoint: addr_1st_reg_0_
            (rising edge-triggered flip-flop clocked by clk)
  Path Group: clk
  Path Type: max

  Point                                             Incr       Path
  --------------------------------------------------------------------
  clock clk (rise edge)                             0.00       0.00
  clock network delay (ideal)                       0.00       0.00
  input external delay                              0.10       0.10 f
  query[57] (in)                                    5.56       5.66 f
  U6773/Y (NAND2x1p5_ASAP7_75t_SL)                  8.56      14.22 r
  U5544/Y (OAI21x1_ASAP7_75t_SL)                    7.31      21.53 f
  U1265/Y (INVx3_ASAP7_75t_SL)                      6.10      27.63 r
  U6593/Y (NOR2x1p5_ASAP7_75t_SL)                   5.40      33.03 f
  U6253/Y (NOR2x1p5_ASAP7_75t_SL)                   6.33      39.36 r
  U6331/Y (HB1xp67_ASAP7_75t_SL)                   15.53      54.89 r
  U4527/Y (XOR2xp5_ASAP7_75t_SL)                   18.54      73.44 r
  U1194/Y (XOR2xp5_ASAP7_75t_SL)                   16.24      89.67 r
  U6474/Y (XOR2x1_ASAP7_75t_SL)                    12.44     102.11 r
  U6428/Y (XOR2xp5_ASAP7_75t_SL)                   12.90     115.02 r
  U1193/Y (XOR2xp5_ASAP7_75t_SL)                   17.58     132.60 r
  U7484/Y (MAJIxp5_ASAP7_75t_SL)                   10.41     143.01 f
  U6825/Y (INVx1_ASAP7_75t_SL)                      8.64     151.65 r
  U5840/Y (XNOR2x1_ASAP7_75t_SL)                   12.04     163.69 r
  U8241/Y (INVx1_ASAP7_75t_SL)                      4.94     168.63 f
  U7235/Y (MAJIxp5_ASAP7_75t_SL)                    9.95     178.58 r
  U6985/Y (INVx1_ASAP7_75t_SL)                      5.30     183.88 f
  U5767/Y (XNOR2xp5_ASAP7_75t_SL)                  13.18     197.06 f
  U5766/Y (MAJIxp5_ASAP7_75t_L)                    21.64     218.70 r
  U8285/Y (NOR2x1p5_ASAP7_75t_SL)                   7.58     226.28 f
  U787/Y (INVx1_ASAP7_75t_SL)                       8.94     235.22 r
  U6088/Y (NAND2x1_ASAP7_75t_SL)                    4.51     239.73 f
  U5159/Y (XNOR2xp5_ASAP7_75t_SL)                  14.12     253.86 f
  U8337/Y (INVx2_ASAP7_75t_SL)                      9.23     263.09 r
  U8338/Y (AOI22x1_ASAP7_75t_SL)                    6.42     269.51 f
  U7734/Y (NAND3xp33_ASAP7_75t_SL)                 10.54     280.06 r
  U5204/Y (AOI31xp67_ASAP7_75t_SL)                 11.51     291.57 f
  U1446/Y (INVx3_ASAP7_75t_SL)                      9.26     300.83 r
  U8377/Y (OR2x2_ASAP7_75t_SL)                     10.59     311.41 r
  U8378/Y (OAI21x1_ASAP7_75t_SL)                    5.17     316.58 f
  U8382/Y (NAND2xp5_ASAP7_75t_SL)                   5.30     321.88 r
  U5473/Y (OAI211xp5_ASAP7_75t_SL)                  6.37     328.25 f
  U5226/Y (NOR2xp33_ASAP7_75t_SL)                   7.35     335.60 r
  U8383/Y (A2O1A1Ixp33_ASAP7_75t_SL)               11.76     347.36 f
  U8384/Y (NAND2x1p5_ASAP7_75t_SL)                 13.61     360.97 r
  U6535/Y (NAND2x2_ASAP7_75t_SL)                    9.27     370.24 f
  U1461/Y (INVx3_ASAP7_75t_SL)                      9.73     379.97 r
  U1293/Y (OAI22x1_ASAP7_75t_SL)                    8.15     388.12 f
  U1292/Y (NOR2x1_ASAP7_75t_SL)                     6.74     394.86 r
  U5246/Y (NOR2x1_ASAP7_75t_SL)                     5.17     400.04 f
  U8410/Y (O2A1O1Ixp5_ASAP7_75t_SL)                 6.99     407.03 r
  U1239/Y (OAI211xp5_ASAP7_75t_SL)                  7.34     414.37 f
  U8420/Y (AO21x2_ASAP7_75t_SL)                    17.49     431.86 f
  U5901/Y (BUFx6f_ASAP7_75t_SL)                    11.63     443.50 f
  U1428/Y (NOR2x1p5_ASAP7_75t_SL)                   6.01     449.51 r
  U8431/Y (NOR2x1_ASAP7_75t_SL)                     4.33     453.84 f
  U1144/Y (AOI22xp5_ASAP7_75t_SL)                   7.29     461.13 r
  U1076/Y (A2O1A1Ixp33_ASAP7_75t_SL)                7.55     468.68 f
  U5377/Y (NAND3xp33_ASAP7_75t_SL)                  5.95     474.62 r
  U5376/Y (NAND3xp33_ASAP7_75t_SL)                  8.64     483.26 f
  U5381/Y (AOI31xp67_ASAP7_75t_SL)                 10.61     493.87 r
  U8004/Y (INVx1_ASAP7_75t_SL)                      5.34     499.21 f
  U5942/Y (AND2x2_ASAP7_75t_SL)                    10.77     509.98 f
  U5921/Y (NOR2x1_ASAP7_75t_SL)                     4.51     514.48 r
  U8006/Y (INVx1_ASAP7_75t_SL)                      3.07     517.55 f
  U6842/Y (AND2x2_ASAP7_75t_SL)                    10.52     528.07 f
  U6056/Y (OAI21xp5_ASAP7_75t_SL)                   4.65     532.72 r
  U5540/Y (OAI211xp5_ASAP7_75t_SL)                  7.34     540.06 f
  U5539/Y (AO21x2_ASAP7_75t_SL)                    17.66     557.72 f
  U8456/Y (NAND2x1p5_ASAP7_75t_SL)                  8.67     566.39 r
  U8467/Y (BUFx2_ASAP7_75t_SL)                     11.33     577.71 r
  U8479/Y (OAI222xp33_ASAP7_75t_SL)                12.72     590.43 f
  U1114/Y (AOI22xp5_ASAP7_75t_SL)                   9.96     600.39 r
  U1113/Y (A2O1A1Ixp33_ASAP7_75t_SL)                8.00     608.39 f
  U1291/Y (NAND4xp25_ASAP7_75t_SL)                  8.24     616.62 r
  U5946/Y (A2O1A1Ixp33_ASAP7_75t_SL)                8.27     624.89 f
  U5879/Y (BUFx3_ASAP7_75t_SL)                     13.67     638.56 f
  U8510/Y (NOR2x1_ASAP7_75t_SL)                     6.61     645.17 r
  U8531/Y (NOR2x1_ASAP7_75t_SL)                     4.40     649.57 f
  U8532/Y (AOI22xp5_ASAP7_75t_SL)                   8.86     658.43 r
  U8533/Y (NAND3xp33_ASAP7_75t_SL)                  5.60     664.03 f
  U8534/Y (AOI211xp5_ASAP7_75t_SL)                 13.81     677.84 r
  U8535/Y (INVx1_ASAP7_75t_SL)                      6.69     684.53 f
  U6806/Y (NAND2x1p5_ASAP7_75t_SL)                  7.82     692.35 r
  U8543/Y (INVx1_ASAP7_75t_SL)                      6.65     699.00 f
  U2337/Y (NOR2x1_ASAP7_75t_SL)                     7.22     706.22 r
  U2334/Y (NOR2xp33_ASAP7_75t_L)                    9.08     715.30 f
  addr_1st_reg_0_/D (ASYNC_DFFHx1_ASAP7_75t_L)      0.00     715.30 f
  data arrival time                                          715.30

  clock clk (rise edge)                           640.00     640.00
  clock network delay (ideal)                       0.00     640.00
  clock uncertainty                                -0.01     639.99
  addr_1st_reg_0_/CLK (ASYNC_DFFHx1_ASAP7_75t_L)
                                                    0.00     639.99 r
  library setup time                               -9.65     630.34
  data required time                                         630.34
  --------------------------------------------------------------------
  data required time                                         630.34
  data arrival time                                         -715.30
  --------------------------------------------------------------------
  slack (VIOLATED)                                           -84.96


  Startpoint: in_valid (input port clocked by clk)
  Endpoint: out_valid_reg
            (rising edge-triggered flip-flop clocked by clk)
  Path Group: clk
  Path Type: min

  Point                                           Incr       Path
  ------------------------------------------------------------------
  clock clk (rise edge)                           0.00       0.00
  clock network delay (ideal)                     0.00       0.00
  input external delay                            0.10       0.10 f
  in_valid (in)                                   1.59       1.69 f
  out_valid_reg/D (ASYNC_DFFHx1_ASAP7_75t_L)      0.00       1.69 f
  data arrival time                                          1.69

  clock clk (rise edge)                           0.00       0.00
  clock network delay (ideal)                     0.00       0.00
  clock uncertainty                               0.01       0.01
  out_valid_reg/CLK (ASYNC_DFFHx1_ASAP7_75t_L)
                                                  0.00       0.01 r
  library hold time                               4.60       4.61
  data required time                                         4.61
  ------------------------------------------------------------------
  data required time                                         4.61
  data arrival time                                         -1.69
  ------------------------------------------------------------------
  slack (VIOLATED)                                          -2.92


    Net: n2548

    max_fanout            16.00
  - Fanout                17.00
  ------------------------------
    Slack                 -1.00  (VIOLATED)


1
